2024-11-05 11:36:53.556 [info] [main] Log level: Info
2024-11-05 11:36:53.556 [info] [main] Validating found git in: "git"
2024-11-05 11:36:53.556 [info] [main] Using git "2.47.0" from "git"
2024-11-05 11:36:53.556 [info] [Model][doInitialScan] Initial repository scan started
2024-11-05 11:36:53.556 [info] > git rev-parse --show-toplevel [7ms]
2024-11-05 11:36:53.556 [info] fatal: not a git repository (or any parent up to mount point /)
Stopping at filesystem boundary (GIT_DISCOVERY_ACROSS_FILESYSTEM not set).
2024-11-05 11:36:53.556 [info] [Model][doInitialScan] Initial repository scan completed - repositories (0), closed repositories (0), parent repositories (0), unsafe repositories (0)
2024-11-05 11:36:54.792 [info] > git rev-parse --show-toplevel [162ms]
2024-11-05 11:36:54.793 [info] fatal: not a git repository (or any parent up to mount point /)
Stopping at filesystem boundary (GIT_DISCOVERY_ACROSS_FILESYSTEM not set).
2024-11-05 11:36:54.874 [info] > git rev-parse --show-toplevel [18ms]
2024-11-05 11:36:54.874 [info] fatal: not a git repository (or any parent up to mount point /)
Stopping at filesystem boundary (GIT_DISCOVERY_ACROSS_FILESYSTEM not set).
2024-11-05 11:36:55.050 [info] > git rev-parse --show-toplevel [98ms]
2024-11-05 11:36:55.050 [info] fatal: not a git repository (or any parent up to mount point /)
Stopping at filesystem boundary (GIT_DISCOVERY_ACROSS_FILESYSTEM not set).
2024-11-05 11:36:55.302 [info] > git rev-parse --show-toplevel [213ms]
2024-11-05 11:36:55.303 [info] fatal: not a git repository (or any parent up to mount point /)
Stopping at filesystem boundary (GIT_DISCOVERY_ACROSS_FILESYSTEM not set).
2024-11-05 11:36:58.262 [info] > git rev-parse --show-toplevel [35ms]
2024-11-05 11:36:58.262 [info] fatal: not a git repository (or any parent up to mount point /)
Stopping at filesystem boundary (GIT_DISCOVERY_ACROSS_FILESYSTEM not set).
2024-11-05 11:36:58.280 [info] > git rev-parse --show-toplevel [2ms]
2024-11-05 11:36:58.280 [info] fatal: not a git repository (or any parent up to mount point /)
Stopping at filesystem boundary (GIT_DISCOVERY_ACROSS_FILESYSTEM not set).
2024-11-05 11:36:59.431 [info] > git rev-parse --show-toplevel [9ms]
2024-11-05 11:36:59.431 [info] fatal: not a git repository (or any parent up to mount point /)
Stopping at filesystem boundary (GIT_DISCOVERY_ACROSS_FILESYSTEM not set).
2024-11-05 11:41:48.027 [info] > git rev-parse --show-toplevel [33ms]
2024-11-05 11:41:48.027 [info] fatal: not a git repository (or any parent up to mount point /)
Stopping at filesystem boundary (GIT_DISCOVERY_ACROSS_FILESYSTEM not set).
