2024-11-12 11:41:30.882 [info] (Client) Pylance async client (2024.11.1) started with python extension (2024.14.1)
2024-11-12 11:41:31.375 [info] [Info  - 11:41:31] (7221) Server root directory: file:///home/yoshee/.vscode/extensions/ms-python.vscode-pylance-2024.11.1/dist
2024-11-12 11:41:31.375 [info] [Info  - 11:41:31] (7221) Pylance language server 2024.11.1 (pyright version 1.1.386, commit 4180fa21) starting
2024-11-12 11:41:31.380 [info] [Info  - 11:41:31] (7221) Starting service instance "machine_learning"
2024-11-12 11:41:31.433 [info] [Info  - 11:41:31] (7221) Setting environmentName for service "machine_learning": "3.12.7 (global)"
2024-11-12 11:41:31.433 [info] [Info  - 11:41:31] (7221) Setting pythonPath for service "machine_learning": "/bin/python"
2024-11-12 11:41:31.433 [info] [Info  - 11:41:31] (7221) No include entries specified; assuming /home/yoshee/hse/machine_learning
2024-11-12 11:41:31.434 [info] [Info  - 11:41:31] (7221) Auto-excluding **/node_modules
2024-11-12 11:41:31.434 [info] [Info  - 11:41:31] (7221) Auto-excluding **/__pycache__
2024-11-12 11:41:31.434 [info] [Info  - 11:41:31] (7221) Auto-excluding **/.*
2024-11-12 11:41:31.459 [info] [Info  - 11:41:31] (7221) Assuming Python version 3.12.7.final.0
2024-11-12 11:41:31.535 [info] [Info  - 11:41:31] (7221) Found 1 source file
2024-11-12 11:41:31.564 [info] [Info  - 11:41:31] (7221) Starting service instance "machine_learning"
2024-11-12 11:41:31.596 [info] [Info  - 11:41:31] (7221) Setting environmentName for service "machine_learning": "3.12.7 (global)"
2024-11-12 11:41:31.596 [info] [Info  - 11:41:31] (7221) Setting pythonPath for service "machine_learning": "/bin/python3"
2024-11-12 11:41:31.596 [info] [Info  - 11:41:31] (7221) No include entries specified; assuming /home/yoshee/hse/machine_learning
2024-11-12 11:41:31.596 [info] [Info  - 11:41:31] (7221) Auto-excluding **/node_modules
2024-11-12 11:41:31.596 [info] [Info  - 11:41:31] (7221) Auto-excluding **/__pycache__
2024-11-12 11:41:31.596 [info] [Info  - 11:41:31] (7221) Auto-excluding **/.*
2024-11-12 11:41:31.622 [info] [Info  - 11:41:31] (7221) Assuming Python version 3.12.7.final.0
2024-11-12 11:41:31.672 [info] [Info  - 11:41:31] (7221) Found 1 source file
2024-11-12 11:41:31.985 [info] [Info  - 11:41:31] (7221) Background analysis(1) root directory: file:///home/yoshee/.vscode/extensions/ms-python.vscode-pylance-2024.11.1/dist
2024-11-12 11:41:31.987 [info] [Info  - 11:41:31] (7221) Background analysis(1) started
2024-11-12 11:41:32.150 [info] [Info  - 11:41:32] (7221) Background analysis(2) root directory: file:///home/yoshee/.vscode/extensions/ms-python.vscode-pylance-2024.11.1/dist
2024-11-12 11:41:32.153 [info] [Info  - 11:41:32] (7221) Background analysis(2) started
2024-11-12 11:41:32.191 [info] [Info  - 11:41:32] (7221) Indexer background runner(3) root directory: file:///home/yoshee/.vscode/extensions/ms-python.vscode-pylance-2024.11.1/dist (index)
2024-11-12 11:41:32.191 [info] [Info  - 11:41:32] (7221) Indexing(3) started
2024-11-12 11:41:32.719 [info] [Info  - 11:41:32] (7221) scanned(3) 252 files over 1 exec env
2024-11-12 11:41:32.955 [info] [Info  - 11:41:32] (7221) indexed(3) 252 files over 1 exec env
2024-11-12 11:41:33.009 [info] [Info  - 11:41:33] (7221) Indexing finished(3).
2024-11-12 11:43:03.659 [info] [Info  - 11:43:03] (7221) Starting service instance "machine_learning"
2024-11-12 11:43:03.708 [info] [Info  - 11:43:03] (7221) Setting environmentName for service "machine_learning": "3.12.7 (global)"
2024-11-12 11:43:03.708 [info] [Info  - 11:43:03] (7221) Setting pythonPath for service "machine_learning": "/home/yoshee/hse/machine_learning"
2024-11-12 11:43:03.708 [info] [Info  - 11:43:03] (7221) No include entries specified; assuming /home/yoshee/hse/machine_learning
2024-11-12 11:43:03.708 [info] [Info  - 11:43:03] (7221) Auto-excluding **/node_modules
2024-11-12 11:43:03.708 [info] [Info  - 11:43:03] (7221) Auto-excluding **/__pycache__
2024-11-12 11:43:03.708 [info] [Info  - 11:43:03] (7221) Auto-excluding **/.*
2024-11-12 11:43:03.740 [info] [Info  - 11:43:03] (7221) Found 1 source file
2024-11-12 11:43:04.253 [info] [Info  - 11:43:04] (7221) Background analysis(4) root directory: file:///home/yoshee/.vscode/extensions/ms-python.vscode-pylance-2024.11.1/dist
2024-11-12 11:43:04.255 [info] [Info  - 11:43:04] (7221) Background analysis(4) started
2024-11-12 11:43:04.267 [info] [Info  - 11:43:04] (7221) Indexer background runner(5) root directory: file:///home/yoshee/.vscode/extensions/ms-python.vscode-pylance-2024.11.1/dist (index)
2024-11-12 11:43:04.267 [info] [Info  - 11:43:04] (7221) Indexing(5) started
2024-11-12 11:43:04.443 [info] [Info  - 11:43:04] (7221) scanned(5) 1 files over 1 exec env
2024-11-12 11:43:04.596 [info] [Info  - 11:43:04] (7221) indexed(5) 1 files over 1 exec env
2024-11-12 11:43:04.608 [info] [Info  - 11:43:04] (7221) Indexing finished(5).
