2024-11-12 11:41:29.901 [info] Starting Python Locator /home/yoshee/.vscode/extensions/ms-python.python-2024.14.1-linux-x64/python-env-tools/bin/pet server
2024-11-12 11:41:29.923 [info] Discovered env: /home/linuxbrew/.linuxbrew/bin/python3
2024-11-12 11:41:29.947 [info] Discovered env: /bin/python
2024-11-12 11:41:29.948 [info] Discovered env: /usr/bin/python
2024-11-12 11:41:29.949 [info] Resolved /home/linuxbrew/.linuxbrew/bin/python3
2024-11-12 11:41:29.949 [info] Env ("/sbin/python") in Path resolved as ResolvedPythonEnv { executable: "/sbin/python", prefix: "/usr", version: "3.12.6.final.0", is64_bit: true, symlinks: Some(["/sbin/python"]) } and reported as Some(GlobalPaths)
2024-11-12 11:41:29.949 [info] Discovered env: /sbin/python
2024-11-12 11:41:29.956 [info] Discovered env: /bin/python3
2024-11-12 11:41:29.957 [info] Discovered env: /usr/bin/python3
2024-11-12 11:41:29.967 [info] Env ("/usr/sbin/python") in Path resolved as ResolvedPythonEnv { executable: "/usr/sbin/python", prefix: "/usr", version: "3.12.6.final.0", is64_bit: true, symlinks: Some(["/usr/sbin/python"]) } and reported as Some(GlobalPaths)
2024-11-12 11:41:29.967 [info] Discovered env: /usr/sbin/python
2024-11-12 11:41:29.978 [info] Resolved /bin/python
2024-11-12 11:41:30.061 [info] Discovered env: /bin/python3.12
2024-11-12 11:41:30.070 [info] Resolved /usr/bin/python
2024-11-12 11:41:30.079 [info] Env ("/sbin/python3") in Path resolved as ResolvedPythonEnv { executable: "/sbin/python3", prefix: "/usr", version: "3.12.6.final.0", is64_bit: true, symlinks: Some(["/sbin/python3"]) } and reported as Some(GlobalPaths)
2024-11-12 11:41:30.315 [info] Discovered env: /sbin/python3
2024-11-12 11:41:30.379 [info] Discovered env: /usr/bin/python3.12
2024-11-12 11:41:30.392 [info] Resolved /bin/python3
2024-11-12 11:41:30.405 [info] Resolved /usr/bin/python3
2024-11-12 11:41:30.405 [info] Env ("/usr/sbin/python3") in Path resolved as ResolvedPythonEnv { executable: "/usr/sbin/python3", prefix: "/usr", version: "3.12.6.final.0", is64_bit: true, symlinks: Some(["/usr/sbin/python3"]) } and reported as Some(GlobalPaths)
2024-11-12 11:41:30.405 [info] Discovered env: /usr/sbin/python3
2024-11-12 11:41:30.405 [info] Env ("/sbin/python3.12") in Path resolved as ResolvedPythonEnv { executable: "/sbin/python3.12", prefix: "/usr", version: "3.12.6.final.0", is64_bit: true, symlinks: Some(["/sbin/python3.12"]) } and reported as Some(GlobalPaths)
2024-11-12 11:41:30.405 [info] Discovered env: /sbin/python3.12
2024-11-12 11:41:30.405 [info] Env ("/usr/sbin/python3.12") in Path resolved as ResolvedPythonEnv { executable: "/usr/sbin/python3.12", prefix: "/usr", version: "3.12.6.final.0", is64_bit: true, symlinks: Some(["/usr/sbin/python3.12"]) } and reported as Some(GlobalPaths)
2024-11-12 11:41:30.405 [info] Discovered env: /usr/sbin/python3.12
2024-11-12 11:41:30.406 [info] Locator Conda took 155.754459ms
2024-11-12 11:41:30.406 [info] Locator Homebrew took 26.114876ms
2024-11-12 11:41:30.406 [info] Locator LinuxGlobal took 83.775703ms
2024-11-12 11:41:30.406 [info] Locator PipEnv took 78.463µs
2024-11-12 11:41:30.406 [info] Locator Poetry took 919.558µs
2024-11-12 11:41:30.406 [info] Locator PyEnv took 1.654979ms
2024-11-12 11:41:30.406 [info] Locator Venv took 37.843µs
2024-11-12 11:41:30.406 [info] Locator VirtualEnv took 210.98µs
2024-11-12 11:41:30.406 [info] Locator VirtualEnvWrapper took 484.101µs
2024-11-12 11:41:30.406 [info] Locator GlobalVirtualEnvs took 643.933µs
2024-11-12 11:41:30.406 [info] Locator Locators took 156.02255ms
2024-11-12 11:41:30.406 [info] Locator Path took 149.907696ms
2024-11-12 11:41:30.406 [info] Locator Workspaces took 1.244501ms
2024-11-12 11:41:30.406 [info] Refresh completed in 156ms
2024-11-12 11:41:30.407 [info] Resolved /bin/python3.12
2024-11-12 11:41:30.407 [info] Resolved /usr/bin/python3.12
