2024-10-22 09:44:09.738 [info] [main] Log level: Info
2024-10-22 09:44:09.738 [info] [main] Validating found git in: "git"
2024-10-22 09:44:09.738 [info] [main] Using git "2.46.1" from "git"
2024-10-22 09:44:09.738 [info] [Model][doInitialScan] Initial repository scan started
2024-10-22 09:44:09.738 [info] > git rev-parse --show-toplevel [6ms]
2024-10-22 09:44:09.738 [info] fatal: not a git repository (or any parent up to mount point /)
Stopping at filesystem boundary (GIT_DISCOVERY_ACROSS_FILESYSTEM not set).
2024-10-22 09:44:09.738 [info] [Model][doInitialScan] Initial repository scan completed - repositories (0), closed repositories (0), parent repositories (0), unsafe repositories (0)
2024-10-22 09:44:10.961 [info] > git rev-parse --show-toplevel [288ms]
2024-10-22 09:44:10.961 [info] fatal: not a git repository (or any parent up to mount point /)
Stopping at filesystem boundary (GIT_DISCOVERY_ACROSS_FILESYSTEM not set).
2024-10-22 09:44:11.092 [info] > git rev-parse --show-toplevel [37ms]
2024-10-22 09:44:11.092 [info] fatal: not a git repository (or any parent up to mount point /)
Stopping at filesystem boundary (GIT_DISCOVERY_ACROSS_FILESYSTEM not set).
2024-10-22 09:44:11.183 [info] > git rev-parse --show-toplevel [78ms]
2024-10-22 09:44:11.183 [info] fatal: not a git repository (or any parent up to mount point /)
Stopping at filesystem boundary (GIT_DISCOVERY_ACROSS_FILESYSTEM not set).
2024-10-22 09:44:11.292 [info] > git rev-parse --show-toplevel [46ms]
2024-10-22 09:44:11.292 [info] fatal: not a git repository (or any parent up to mount point /)
Stopping at filesystem boundary (GIT_DISCOVERY_ACROSS_FILESYSTEM not set).
2024-10-22 09:44:11.557 [info] > git rev-parse --show-toplevel [77ms]
2024-10-22 09:44:11.557 [info] fatal: not a git repository (or any parent up to mount point /)
Stopping at filesystem boundary (GIT_DISCOVERY_ACROSS_FILESYSTEM not set).
2024-10-22 09:44:11.594 [info] > git rev-parse --show-toplevel [12ms]
2024-10-22 09:44:11.594 [info] fatal: not a git repository (or any parent up to mount point /)
Stopping at filesystem boundary (GIT_DISCOVERY_ACROSS_FILESYSTEM not set).
2024-10-22 09:44:11.615 [info] > git rev-parse --show-toplevel [7ms]
2024-10-22 09:44:11.615 [info] fatal: not a git repository (or any parent up to mount point /)
Stopping at filesystem boundary (GIT_DISCOVERY_ACROSS_FILESYSTEM not set).
2024-10-22 09:44:12.477 [info] > git rev-parse --show-toplevel [1ms]
2024-10-22 09:44:12.477 [info] fatal: not a git repository (or any parent up to mount point /)
Stopping at filesystem boundary (GIT_DISCOVERY_ACROSS_FILESYSTEM not set).
