2024-10-19 22:07:58.799 [info] Extension host with pid 2576 started
2024-10-19 22:07:58.799 [info] Skipping acquiring lock for /home/yoshee/.config/Code/User/workspaceStorage/f2ceb673b467b46428caa7eebeb5a2ab.
2024-10-19 22:07:58.845 [info] ExtensionService#_doActivateExtension vscode.ipynb, startup: false, activationEvent: 'onNotebookSerializer:jupyter-notebook'
2024-10-19 22:07:58.879 [info] ExtensionService#_doActivateExtension vscode.git-base, startup: true, activationEvent: '*', root cause: vscode.git
2024-10-19 22:07:58.881 [info] ExtensionService#_doActivateExtension albert.TabOut, startup: true, activationEvent: '*'
2024-10-19 22:07:58.885 [info] ExtensionService#_doActivateExtension christian-kohler.path-intellisense, startup: true, activationEvent: '*'
2024-10-19 22:07:58.900 [info] ExtensionService#_doActivateExtension formulahendry.auto-close-tag, startup: true, activationEvent: '*'
2024-10-19 22:07:58.902 [info] ExtensionService#_doActivateExtension formulahendry.auto-rename-tag, startup: true, activationEvent: '*'
2024-10-19 22:07:58.910 [info] ExtensionService#_doActivateExtension JonathanHarty.gruvbox-material-icon-theme, startup: true, activationEvent: '*'
2024-10-19 22:07:58.923 [info] ExtensionService#_doActivateExtension kamikillerto.vscode-colorize, startup: true, activationEvent: '*'
2024-10-19 22:07:58.965 [info] ExtensionService#_doActivateExtension vscode.git, startup: true, activationEvent: '*'
2024-10-19 22:07:58.985 [info] ExtensionService#_doActivateExtension vscode.github, startup: true, activationEvent: '*'
2024-10-19 22:07:59.106 [info] Eager extensions activated
2024-10-19 22:07:59.138 [info] ExtensionService#_doActivateExtension ms-toolsai.jupyter, startup: false, activationEvent: 'onNotebook:jupyter-notebook', root cause: ms-dotnettools.dotnet-interactive-vscode
2024-10-19 22:07:59.141 [info] ExtensionService#_doActivateExtension ms-toolsai.vscode-jupyter-cell-tags, startup: false, activationEvent: 'onNotebook:jupyter-notebook'
2024-10-19 22:07:59.142 [info] ExtensionService#_doActivateExtension ms-toolsai.vscode-jupyter-slideshow, startup: false, activationEvent: 'onNotebook:jupyter-notebook'
2024-10-19 22:07:59.144 [info] ExtensionService#_doActivateExtension vscode.debug-auto-launch, startup: false, activationEvent: 'onStartupFinished'
2024-10-19 22:07:59.145 [info] ExtensionService#_doActivateExtension vscode.merge-conflict, startup: false, activationEvent: 'onStartupFinished'
2024-10-19 22:07:59.151 [info] ExtensionService#_doActivateExtension Catppuccin.catppuccin-vsc, startup: false, activationEvent: 'onStartupFinished'
2024-10-19 22:07:59.154 [info] ExtensionService#_doActivateExtension ecmel.vscode-html-css, startup: false, activationEvent: 'onStartupFinished'
2024-10-19 22:07:59.155 [info] ExtensionService#_doActivateExtension esbenp.prettier-vscode, startup: false, activationEvent: 'onStartupFinished'
2024-10-19 22:07:59.183 [info] ExtensionService#_doActivateExtension formulahendry.code-runner, startup: false, activationEvent: 'onStartupFinished'
2024-10-19 22:07:59.211 [info] ExtensionService#_doActivateExtension HenryTsz.nvim, startup: false, activationEvent: 'onStartupFinished'
2024-10-19 22:07:59.247 [info] ExtensionService#_doActivateExtension jgclark.vscode-todo-highlight, startup: false, activationEvent: 'onStartupFinished'
2024-10-19 22:07:59.249 [info] ExtensionService#_doActivateExtension monokai.theme-monokai-pro-vscode, startup: false, activationEvent: 'onStartupFinished'
2024-10-19 22:07:59.253 [info] ExtensionService#_doActivateExtension ms-vscode-remote.remote-wsl, startup: false, activationEvent: 'onStartupFinished'
2024-10-19 22:07:59.340 [info] ExtensionService#_doActivateExtension PKief.material-icon-theme, startup: false, activationEvent: 'onStartupFinished'
2024-10-19 22:07:59.363 [error] Activating extension PKief.material-icon-theme failed due to an error:
2024-10-19 22:07:59.363 [error] Error: command 'material-icon-theme.activateIcons' already exists
    at h.registerCommand (/usr/share/code/resources/app/out/vs/workbench/api/node/extensionHostProcess.js:161:209160)
    at Object.registerCommand (/usr/share/code/resources/app/out/vs/workbench/api/node/extensionHostProcess.js:171:29886)
    at /home/yoshee/.vscode/extensions/pkief.material-icon-theme-5.11.1/dist/extension/desktop/extension.cjs:1:180856
    at Array.map (<anonymous>)
    at Object.<anonymous> (/home/yoshee/.vscode/extensions/pkief.material-icon-theme-5.11.1/dist/extension/desktop/extension.cjs:1:180811)
    at Module.c._compile (/usr/share/code/resources/app/out/bootstrap-fork.js:2:1257)
    at Object.Module._extensions..js (node:internal/modules/cjs/loader:1432:10)
    at Module.load (node:internal/modules/cjs/loader:1215:32)
    at Module._load (node:internal/modules/cjs/loader:1031:12)
    at Function.c._load (node:electron/js2c/node_init:2:13801)
    at Function.y._load (/usr/share/code/resources/app/out/vs/workbench/api/node/extensionHostProcess.js:184:6031)
    at Function.i._load (/usr/share/code/resources/app/out/vs/workbench/api/node/extensionHostProcess.js:181:32144)
    at Function.n._load (/usr/share/code/resources/app/out/vs/workbench/api/node/extensionHostProcess.js:146:34326)
    at Module.require (node:internal/modules/cjs/loader:1240:19)
    at require (node:internal/modules/helpers:179:18)
    at i (/usr/share/code/resources/app/out/bootstrap-fork.js:3:98)
    at m.xb (/usr/share/code/resources/app/out/vs/workbench/api/node/extensionHostProcess.js:181:33345)
    at async Promise.all (index 0)
2024-10-19 22:07:59.797 [info] ExtensionService#_doActivateExtension ms-python.python, startup: false, activationEvent: 'api', root cause: ms-toolsai.jupyter
2024-10-19 22:07:59.884 [info] ExtensionService#_doActivateExtension ms-toolsai.jupyter-renderers, startup: false, activationEvent: 'api', root cause: ms-toolsai.jupyter
2024-10-19 22:07:59.886 [info] ExtensionService#_doActivateExtension ms-dotnettools.dotnet-interactive-vscode, startup: false, activationEvent: 'onNotebook:jupyter-notebook'
2024-10-19 22:08:00.068 [info] ExtensionService#_doActivateExtension ms-toolsai.vscode-jupyter-powertoys, startup: false, activationEvent: 'onNotebook:jupyter-notebook'
2024-10-19 22:08:00.075 [info] ExtensionService#_doActivateExtension VisualStudioExptTeam.intellicode-api-usage-examples, startup: false, activationEvent: 'onLanguage:python'
2024-10-19 22:08:00.117 [info] ExtensionService#_doActivateExtension vscode.emmet, startup: false, activationEvent: 'onLanguage'
2024-10-19 22:08:00.449 [info] ExtensionService#_doActivateExtension vscode.microsoft-authentication, startup: false, activationEvent: 'onAuthenticationRequest:microsoft'
2024-10-19 22:08:00.467 [info] ExtensionService#_doActivateExtension vscode.markdown-language-features, startup: false, activationEvent: 'onCommand:markdown.showPreview'
2024-10-19 22:08:00.511 [info] ExtensionService#_doActivateExtension ms-python.debugpy, startup: false, activationEvent: 'onLanguage:python'
2024-10-19 22:08:00.528 [info] ExtensionService#_doActivateExtension ms-python.vscode-pylance, startup: false, activationEvent: 'onLanguage:python'
2024-10-19 22:08:00.947 [error] Activating extension ms-dotnettools.dotnet-interactive-vscode failed due to an error:
2024-10-19 22:08:00.947 [error] Error: Error activating extension, see the displayed help page for more details.
    at HelpService.<anonymous> (/home/yoshee/.vscode/extensions/ms-dotnettools.dotnet-interactive-vscode-1.0.5229040/out/src/vscode-common/helpService.js:27:19)
    at Generator.next (<anonymous>)
    at fulfilled (/home/yoshee/.vscode/extensions/ms-dotnettools.dotnet-interactive-vscode-1.0.5229040/out/src/vscode-common/helpService.js:7:58)
2024-10-19 22:08:01.021 [info] ExtensionService#_doActivateExtension vscode.extension-editing, startup: false, activationEvent: 'onLanguage:markdown'
2024-10-19 22:08:01.032 [info] ExtensionService#_doActivateExtension vscode.markdown-math, startup: false, activationEvent: 'api', root cause: vscode.markdown-language-features
2024-10-19 22:08:19.384 [info] Extension host terminating: renderer closed the MessagePort
2024-10-19 22:08:19.425 [error] Canceled: Canceled
    at new D (/usr/share/code/resources/app/out/vs/workbench/api/node/extensionHostProcess.js:151:35235)
    at y.U (/usr/share/code/resources/app/out/vs/workbench/api/node/extensionHostProcess.js:158:6005)
    at Proxy.V.<computed>.F.charCodeAt.A.CharCode.DollarSign.V.<computed> (/usr/share/code/resources/app/out/vs/workbench/api/node/extensionHostProcess.js:158:3107)
    at h.g (/usr/share/code/resources/app/out/vs/workbench/api/node/extensionHostProcess.js:161:210015)
    at h.executeCommand (/usr/share/code/resources/app/out/vs/workbench/api/node/extensionHostProcess.js:161:209453)
    at C.registerCommand.description (/usr/share/code/resources/app/out/vs/workbench/api/node/extensionHostProcess.js:161:208777)
    at h (/usr/share/code/resources/app/out/vs/workbench/api/node/extensionHostProcess.js:161:210554)
    at h.g (/usr/share/code/resources/app/out/vs/workbench/api/node/extensionHostProcess.js:161:209546)
    at h.executeCommand (/usr/share/code/resources/app/out/vs/workbench/api/node/extensionHostProcess.js:161:209453)
    at Object.executeCommand (/usr/share/code/resources/app/out/vs/workbench/api/node/extensionHostProcess.js:171:30683)
    at zt.set (/home/yoshee/.vscode/extensions/ms-toolsai.jupyter-2024.8.1-linux-x64/dist/extension.node.js:304:165051)
    at Zb.updateContextOfActiveNotebookKernel (/home/yoshee/.vscode/extensions/ms-toolsai.jupyter-2024.8.1-linux-x64/dist/extension.node.js:373:11480)
    at Zb.onDidKernelStatusChange (/home/yoshee/.vscode/extensions/ms-toolsai.jupyter-2024.8.1-linux-x64/dist/extension.node.js:373:13070)
    at r.B (/usr/share/code/resources/app/out/vs/workbench/api/node/extensionHostProcess.js:90:732)
    at r.C (/usr/share/code/resources/app/out/vs/workbench/api/node/extensionHostProcess.js:90:802)
    at r.fire (/usr/share/code/resources/app/out/vs/workbench/api/node/extensionHostProcess.js:90:1018)
    at fy.<anonymous> (/home/yoshee/.vscode/extensions/ms-toolsai.jupyter-2024.8.1-linux-x64/dist/extension.node.js:299:2825)
    at r.B (/usr/share/code/resources/app/out/vs/workbench/api/node/extensionHostProcess.js:90:732)
    at r.C (/usr/share/code/resources/app/out/vs/workbench/api/node/extensionHostProcess.js:90:802)
    at r.fire (/usr/share/code/resources/app/out/vs/workbench/api/node/extensionHostProcess.js:90:1018)
    at e (/home/yoshee/.vscode/extensions/ms-toolsai.jupyter-2024.8.1-linux-x64/dist/extension.node.js:285:31911)
    at n_.dispose (/home/yoshee/.vscode/extensions/ms-toolsai.jupyter-2024.8.1-linux-x64/dist/extension.node.js:285:32034)
    at /home/yoshee/.vscode/extensions/ms-toolsai.jupyter-2024.8.1-linux-x64/dist/extension.node.js:183:1926
    at Array.map (<anonymous>)
    at gg.dispose (/home/yoshee/.vscode/extensions/ms-toolsai.jupyter-2024.8.1-linux-x64/dist/extension.node.js:183:1917)
    at Object.Yfe (/home/yoshee/.vscode/extensions/ms-toolsai.jupyter-2024.8.1-linux-x64/dist/extension.node.js:436:3754)
    at Object.m (/home/yoshee/.vscode/extensions/ms-toolsai.jupyter-2024.8.1-linux-x64/dist/extension.node.proxy.js:1:1025)
    at m.eb (/usr/share/code/resources/app/out/vs/workbench/api/node/extensionHostProcess.js:167:10082)
    at /usr/share/code/resources/app/out/vs/workbench/api/node/extensionHostProcess.js:167:8153
    at Array.map (<anonymous>)
    at m.$ (/usr/share/code/resources/app/out/vs/workbench/api/node/extensionHostProcess.js:167:8140)
    at m.terminate (/usr/share/code/resources/app/out/vs/workbench/api/node/extensionHostProcess.js:167:8413)
    at $.terminate (/usr/share/code/resources/app/out/vs/workbench/api/node/extensionHostProcess.js:171:1513)
    at n (/usr/share/code/resources/app/out/vs/workbench/api/node/extensionHostProcess.js:184:10613)
    at MessagePortMain.<anonymous> (/usr/share/code/resources/app/out/vs/workbench/api/node/extensionHostProcess.js:184:6805)
    at MessagePortMain.emit (node:events:519:28)
    at Object.MessagePortMain._internalPort.emit (node:electron/js2c/utility_init:2:2619) setContext undefined
2024-10-19 22:08:19.426 [error] Canceled: Canceled
    at new D (/usr/share/code/resources/app/out/vs/workbench/api/node/extensionHostProcess.js:151:35235)
    at y.U (/usr/share/code/resources/app/out/vs/workbench/api/node/extensionHostProcess.js:158:6005)
    at Proxy.V.<computed>.F.charCodeAt.A.CharCode.DollarSign.V.<computed> (/usr/share/code/resources/app/out/vs/workbench/api/node/extensionHostProcess.js:158:3107)
    at h.g (/usr/share/code/resources/app/out/vs/workbench/api/node/extensionHostProcess.js:161:210015)
    at h.executeCommand (/usr/share/code/resources/app/out/vs/workbench/api/node/extensionHostProcess.js:161:209453)
    at C.registerCommand.description (/usr/share/code/resources/app/out/vs/workbench/api/node/extensionHostProcess.js:161:208777)
    at h (/usr/share/code/resources/app/out/vs/workbench/api/node/extensionHostProcess.js:161:210554)
    at h.g (/usr/share/code/resources/app/out/vs/workbench/api/node/extensionHostProcess.js:161:209546)
    at h.executeCommand (/usr/share/code/resources/app/out/vs/workbench/api/node/extensionHostProcess.js:161:209453)
    at Object.executeCommand (/usr/share/code/resources/app/out/vs/workbench/api/node/extensionHostProcess.js:171:30683)
    at zt.set (/home/yoshee/.vscode/extensions/ms-toolsai.jupyter-2024.8.1-linux-x64/dist/extension.node.js:304:165051)
    at Tb.dispose (/home/yoshee/.vscode/extensions/ms-toolsai.jupyter-2024.8.1-linux-x64/dist/extension.node.js:342:8136)
    at $ (/usr/share/code/resources/app/out/vs/workbench/api/node/extensionHostProcess.js:30:744)
    at /usr/share/code/resources/app/out/vs/workbench/api/node/extensionHostProcess.js:167:13607
    at /usr/share/code/resources/app/out/vs/workbench/api/node/extensionHostProcess.js:30:1112
    at Object.dispose (/usr/share/code/resources/app/out/vs/workbench/api/node/extensionHostProcess.js:11:11463)
    at m.eb (/usr/share/code/resources/app/out/vs/workbench/api/node/extensionHostProcess.js:167:10282)
    at /usr/share/code/resources/app/out/vs/workbench/api/node/extensionHostProcess.js:167:8153
    at Array.map (<anonymous>)
    at m.$ (/usr/share/code/resources/app/out/vs/workbench/api/node/extensionHostProcess.js:167:8140)
    at m.terminate (/usr/share/code/resources/app/out/vs/workbench/api/node/extensionHostProcess.js:167:8413)
    at $.terminate (/usr/share/code/resources/app/out/vs/workbench/api/node/extensionHostProcess.js:171:1513)
    at n (/usr/share/code/resources/app/out/vs/workbench/api/node/extensionHostProcess.js:184:10613)
    at MessagePortMain.<anonymous> (/usr/share/code/resources/app/out/vs/workbench/api/node/extensionHostProcess.js:184:6805)
    at MessagePortMain.emit (node:events:519:28)
    at Object.MessagePortMain._internalPort.emit (node:electron/js2c/utility_init:2:2619) setContext undefined
2024-10-19 22:08:19.433 [info] Extension host with pid 2576 exiting with code 0
