Visual Studio Code (1.93.0, undefined, desktop)
Jupyter Extension Version: 2024.8.1.
Python Extension Version: 2024.14.1.
Pylance Extension Version: 2024.10.1.
Platform: linux (x64).
Temp Storage folder ~/.config/Code/User/globalStorage/ms-toolsai.jupyter/version-2024.8.1
Workspace folder ~/hse/machine_learning, Home = /home/yoshee
09:44:12.087 [info] Starting Kernel (Python Path: /bin/python3, Unknown, 3.12.6) for '~/hse/machine_learning/sem_7_classwork.ipynb' (disableUI=true)
09:44:12.110 [warn] Failed to get activated env vars for /bin/python3 in 24ms
09:44:12.112 [warn] Failed to get activated env vars for /bin/python3 in 17ms
09:44:12.118 [info] Process Execution: /bin/python3 -c "import site;print("USER_BASE_VALUE");print(site.USER_BASE);print("USER_BASE_VALUE");"
09:44:12.124 [warn] Failed to get activated env vars for /bin/python3 in 3ms
09:44:12.136 [info] Process Execution: /bin/python3 -m pip list
09:44:12.141 [info] Process Execution: /bin/python3 -c "import ipykernel; print(ipykernel.__version__); print("5dc3a68c-e34e-4080-9c3e-2a532b2ccb4d"); print(ipykernel.__file__)"
09:44:12.147 [info] Process Execution: /bin/python3 -m ipykernel_launcher --f=/home/~/.local/share/jupyter/runtime/kernel-v3189354a7b896b2465157883aacabfc90652b4ffc.json
    > cwd: //home/~/hse/machine_learning
09:44:12.157 [info] Process Execution: /bin/python3 -c "import pip;print('6af208d0-cb9c-427f-b937-ff563e17efdf')"
09:44:13.003 [info] Kernel successfully started
09:44:15.759 [info] Process Execution: /bin/python3 /home/~/.vscode/extensions/ms-toolsai.jupyter-2024.8.1-linux-x64/pythonFiles/printJupyterDataDir.py
09:46:41.689 [info] Starting Kernel (Python Path: /bin/python3, Unknown, 3.12.6) for '~/hse/machine_learning/sem_8_classwork.ipynb' (disableUI=false)
09:46:41.777 [warn] Failed to get activated env vars for /bin/python3 in 86ms
09:46:41.787 [info] Process Execution: /bin/python3 -c "import ipykernel; print(ipykernel.__version__); print("5dc3a68c-e34e-4080-9c3e-2a532b2ccb4d"); print(ipykernel.__file__)"
09:46:41.797 [info] Process Execution: /bin/python3 -m ipykernel_launcher --f=/home/~/.local/share/jupyter/runtime/kernel-v37a0f615b4f83b0baae7d1ddcfecec8f16d628a49.json
    > cwd: //home/~/hse/machine_learning
09:46:42.432 [info] Kernel successfully started
09:46:44.400 [warn] Cell completed with errors nu [Error]: Invalid file path or buffer object type: <class 'ellipsis'>
    at n.execute (/home/~/.vscode/extensions/ms-toolsai.jupyter-2024.8.1-linux-x64/dist/extension.node.js:297:4958) {
  ename: 'ValueError',
  evalue: "Invalid file path or buffer object type: <class 'ellipsis'>",
  traceback: [
    '\x1B[0;31m---------------------------------------------------------------------------\x1B[0m',
    '\x1B[0;31mValueError\x1B[0m                                Traceback (most recent call last)',
    'Cell \x1B[0;32mIn[1], line 11\x1B[0m\n' +
      '\x1B[1;32m      8\x1B[0m \x1B[38;5;28;01mfrom\x1B[39;00m \x1B[38;5;21;01msklearn\x1B[39;00m\x1B[38;5;21;01m.\x1B[39;00m\x1B[38;5;21;01mlinear_model\x1B[39;00m \x1B[38;5;28;01mimport\x1B[39;00m LinearRegression\n' +
      '\x1B[1;32m     10\x1B[0m \x1B[38;5;66;03m# данные о работе пункта проката велосипедов\x1B[39;00m\n' +
      '\x1B[0;32m---> 11\x1B[0m data \x1B[38;5;241m=\x1B[39m \x1B[43mpd\x1B[49m\x1B[38;5;241;43m.\x1B[39;49m\x1B[43mread_csv\x1B[49m\x1B[43m(\x1B[49m\x1B[38;5;241;43m.\x1B[39;49m\x1B[38;5;241;43m.\x1B[39;49m\x1B[38;5;241;43m.\x1B[39;49m\x1B[43m)\x1B[49m\n' +
      '\x1B[1;32m     12\x1B[0m data\n',
    'File \x1B[0;32m/usr/lib/python3.12/site-packages/pandas/io/parsers/readers.py:1026\x1B[0m, in \x1B[0;36mread_csv\x1B[0;34m(filepath_or_buffer, sep, delimiter, header, names, index_col, usecols, dtype, engine, converters, true_values, false_values, skipinitialspace, skiprows, skipfooter, nrows, na_values, keep_default_na, na_filter, verbose, skip_blank_lines, parse_dates, infer_datetime_format, keep_date_col, date_parser, date_format, dayfirst, cache_dates, iterator, chunksize, compression, thousands, decimal, lineterminator, quotechar, quoting, doublequote, escapechar, comment, encoding, encoding_errors, dialect, on_bad_lines, delim_whitespace, low_memory, memory_map, float_precision, storage_options, dtype_backend)\x1B[0m\n' +
      '\x1B[1;32m   1013\x1B[0m kwds_defaults \x1B[38;5;241m=\x1B[39m _refine_defaults_read(\n' +
      '\x1B[1;32m   1014\x1B[0m     dialect,\n' +
      '\x1B[1;32m   1015\x1B[0m     delimiter,\n' +
      '\x1B[0;32m   (...)\x1B[0m\n' +
      '\x1B[1;32m   1022\x1B[0m     dtype_backend\x1B[38;5;241m=\x1B[39mdtype_backend,\n' +
      '\x1B[1;32m   1023\x1B[0m )\n' +
      '\x1B[1;32m   1024\x1B[0m kwds\x1B[38;5;241m.\x1B[39mupdate(kwds_defaults)\n' +
      '\x1B[0;32m-> 1026\x1B[0m \x1B[38;5;28;01mreturn\x1B[39;00m \x1B[43m_read\x1B[49m\x1B[43m(\x1B[49m\x1B[43mfilepath_or_buffer\x1B[49m\x1B[43m,\x1B[49m\x1B[43m \x1B[49m\x1B[43mkwds\x1B[49m\x1B[43m)\x1B[49m\n',
    'File \x1B[0;32m/usr/lib/python3.12/site-packages/pandas/io/parsers/readers.py:620\x1B[0m, in \x1B[0;36m_read\x1B[0;34m(filepath_or_buffer, kwds)\x1B[0m\n' +
      '\x1B[1;32m    617\x1B[0m _validate_names(kwds\x1B[38;5;241m.\x1B[39mget(\x1B[38;5;124m"\x1B[39m\x1B[38;5;124mnames\x1B[39m\x1B[38;5;124m"\x1B[39m, \x1B[38;5;28;01mNone\x1B[39;00m))\n' +
      '\x1B[1;32m    619\x1B[0m \x1B[38;5;66;03m# Create the parser.\x1B[39;00m\n' +
      '\x1B[0;32m--> 620\x1B[0m parser \x1B[38;5;241m=\x1B[39m \x1B[43mTextFileReader\x1B[49m\x1B[43m(\x1B[49m\x1B[43mfilepath_or_buffer\x1B[49m\x1B[43m,\x1B[49m\x1B[43m \x1B[49m\x1B[38;5;241;43m*\x1B[39;49m\x1B[38;5;241;43m*\x1B[39;49m\x1B[43mkwds\x1B[49m\x1B[43m)\x1B[49m\n' +
      '\x1B[1;32m    622\x1B[0m \x1B[38;5;28;01mif\x1B[39;00m chunksize \x1B[38;5;129;01mor\x1B[39;00m iterator:\n' +
      '\x1B[1;32m    623\x1B[0m     \x1B[38;5;28;01mreturn\x1B[39;00m parser\n',
    'File \x1B[0;32m/usr/lib/python3.12/site-packages/pandas/io/parsers/readers.py:1620\x1B[0m, in \x1B[0;36mTextFileReader.__init__\x1B[0;34m(self, f, engine, **kwds)\x1B[0m\n' +
      '\x1B[1;32m   1617\x1B[0m     \x1B[38;5;28mself\x1B[39m\x1B[38;5;241m.\x1B[39moptions[\x1B[38;5;124m"\x1B[39m\x1B[38;5;124mhas_index_names\x1B[39m\x1B[38;5;124m"\x1B[39m] \x1B[38;5;241m=\x1B[39m kwds[\x1B[38;5;124m"\x1B[39m\x1B[38;5;124mhas_index_names\x1B[39m\x1B[38;5;124m"\x1B[39m]\n' +
      '\x1B[1;32m   1619\x1B[0m \x1B[38;5;28mself\x1B[39m\x1B[38;5;241m.\x1B[39mhandles: IOHandles \x1B[38;5;241m|\x1B[39m \x1B[38;5;28;01mNone\x1B[39;00m \x1B[38;5;241m=\x1B[39m \x1B[38;5;28;01mNone\x1B[39;00m\n' +
      '\x1B[0;32m-> 1620\x1B[0m \x1B[38;5;28mself\x1B[39m\x1B[38;5;241m.\x1B[39m_engine \x1B[38;5;241m=\x1B[39m \x1B[38;5;28;43mself\x1B[39;49m\x1B[38;5;241;43m.\x1B[39;49m\x1B[43m_make_engine\x1B[49m\x1B[43m(\x1B[49m\x1B[43mf\x1B[49m\x1B[43m,\x1B[49m\x1B[43m \x1B[49m\x1B[38;5;28;43mself\x1B[39;49m\x1B[38;5;241;43m.\x1B[39;49m\x1B[43mengine\x1B[49m\x1B[43m)\x1B[49m\n',
    'File \x1B[0;32m/usr/lib/python3.12/site-packages/pandas/io/parsers/readers.py:1880\x1B[0m, in \x1B[0;36mTextFileReader._make_engine\x1B[0;34m(self, f, engine)\x1B[0m\n' +
      '\x1B[1;32m   1878\x1B[0m     \x1B[38;5;28;01mif\x1B[39;00m \x1B[38;5;124m"\x1B[39m\x1B[38;5;124mb\x1B[39m\x1B[38;5;124m"\x1B[39m \x1B[38;5;129;01mnot\x1B[39;00m \x1B[38;5;129;01min\x1B[39;00m mode:\n' +
      '\x1B[1;32m   1879\x1B[0m         mode \x1B[38;5;241m+\x1B[39m\x1B[38;5;241m=\x1B[39m \x1B[38;5;124m"\x1B[39m\x1B[38;5;124mb\x1B[39m\x1B[38;5;124m"\x1B[39m\n' +
      '\x1B[0;32m-> 1880\x1B[0m \x1B[38;5;28mself\x1B[39m\x1B[38;5;241m.\x1B[39mhandles \x1B[38;5;241m=\x1B[39m \x1B[43mget_handle\x1B[49m\x1B[43m(\x1B[49m\n' +
      '\x1B[1;32m   1881\x1B[0m \x1B[43m    \x1B[49m\x1B[43mf\x1B[49m\x1B[43m,\x1B[49m\n' +
      '\x1B[1;32m   1882\x1B[0m \x1B[43m    \x1B[49m\x1B[43mmode\x1B[49m\x1B[43m,\x1B[49m\n' +
      '\x1B[1;32m   1883\x1B[0m \x1B[43m    \x1B[49m\x1B[43mencoding\x1B[49m\x1B[38;5;241;43m=\x1B[39;49m\x1B[38;5;28;43mself\x1B[39;49m\x1B[38;5;241;43m.\x1B[39;49m\x1B[43moptions\x1B[49m\x1B[38;5;241;43m.\x1B[39;49m\x1B[43mget\x1B[49m\x1B[43m(\x1B[49m\x1B[38;5;124;43m"\x1B[39;49m\x1B[38;5;124;43mencoding\x1B[39;49m\x1B[38;5;124;43m"\x1B[39;49m\x1B[43m,\x1B[49m\x1B[43m \x1B[49m\x1B[38;5;28;43;01mNone\x1B[39;49;00m\x1B[43m)\x1B[49m\x1B[43m,\x1B[49m\n' +
      '\x1B[1;32m   1884\x1B[0m \x1B[43m    \x1B[49m\x1B[43mcompression\x1B[49m\x1B[38;5;241;43m=\x1B[39;49m\x1B[38;5;28;43mself\x1B[39;49m\x1B[38;5;241;43m.\x1B[39;49m\x1B[43moptions\x1B[49m\x1B[38;5;241;43m.\x1B[39;49m\x1B[43mget\x1B[49m\x1B[43m(\x1B[49m\x1B[38;5;124;43m"\x1B[39;49m\x1B[38;5;124;43mcompression\x1B[39;49m\x1B[38;5;124;43m"\x1B[39;49m\x1B[43m,\x1B[49m\x1B[43m \x1B[49m\x1B[38;5;28;43;01mNone\x1B[39;49;00m\x1B[43m)\x1B[49m\x1B[43m,\x1B[49m\n' +
      '\x1B[1;32m   1885\x1B[0m \x1B[43m    \x1B[49m\x1B[43mmemory_map\x1B[49m\x1B[38;5;241;43m=\x1B[39;49m\x1B[38;5;28;43mself\x1B[39;49m\x1B[38;5;241;43m.\x1B[39;49m\x1B[43moptions\x1B[49m\x1B[38;5;241;43m.\x1B[39;49m\x1B[43mget\x1B[49m\x1B[43m(\x1B[49m\x1B[38;5;124;43m"\x1B[39;49m\x1B[38;5;124;43mmemory_map\x1B[39;49m\x1B[38;5;124;43m"\x1B[39;49m\x1B[43m,\x1B[49m\x1B[43m \x1B[49m\x1B[38;5;28;43;01mFalse\x1B[39;49;00m\x1B[43m)\x1B[49m\x1B[43m,\x1B[49m\n' +
      '\x1B[1;32m   1886\x1B[0m \x1B[43m    \x1B[49m\x1B[43mis_text\x1B[49m\x1B[38;5;241;43m=\x1B[39;49m\x1B[43mis_text\x1B[49m\x1B[43m,\x1B[49m\n' +
      '\x1B[1;32m   1887\x1B[0m \x1B[43m    \x1B[49m\x1B[43merrors\x1B[49m\x1B[38;5;241;43m=\x1B[39;49m\x1B[38;5;28;43mself\x1B[39;49m\x1B[38;5;241;43m.\x1B[39;49m\x1B[43moptions\x1B[49m\x1B[38;5;241;43m.\x1B[39;49m\x1B[43mget\x1B[49m\x1B[43m(\x1B[49m\x1B[38;5;124;43m"\x1B[39;49m\x1B[38;5;124;43mencoding_errors\x1B[39;49m\x1B[38;5;124;43m"\x1B[39;49m\x1B[43m,\x1B[49m\x1B[43m \x1B[49m\x1B[38;5;124;43m"\x1B[39;49m\x1B[38;5;124;43mstrict\x1B[39;49m\x1B[38;5;124;43m"\x1B[39;49m\x1B[43m)\x1B[49m\x1B[43m,\x1B[49m\n' +
      '\x1B[1;32m   1888\x1B[0m \x1B[43m    \x1B[49m\x1B[43mstorage_options\x1B[49m\x1B[38;5;241;43m=\x1B[39;49m\x1B[38;5;28;43mself\x1B[39;49m\x1B[38;5;241;43m.\x1B[39;49m\x1B[43moptions\x1B[49m\x1B[38;5;241;43m.\x1B[39;49m\x1B[43mget\x1B[49m\x1B[43m(\x1B[49m\x1B[38;5;124;43m"\x1B[39;49m\x1B[38;5;124;43mstorage_options\x1B[39;49m\x1B[38;5;124;43m"\x1B[39;49m\x1B[43m,\x1B[49m\x1B[43m \x1B[49m\x1B[38;5;28;43;01mNone\x1B[39;49;00m\x1B[43m)\x1B[49m\x1B[43m,\x1B[49m\n' +
      '\x1B[1;32m   1889\x1B[0m \x1B[43m\x1B[49m\x1B[43m)\x1B[49m\n' +
      '\x1B[1;32m   1890\x1B[0m \x1B[38;5;28;01massert\x1B[39;00m \x1B[38;5;28mself\x1B[39m\x1B[38;5;241m.\x1B[39mhandles \x1B[38;5;129;01mis\x1B[39;00m \x1B[38;5;129;01mnot\x1B[39;00m \x1B[38;5;28;01mNone\x1B[39;00m\n' +
      '\x1B[1;32m   1891\x1B[0m f \x1B[38;5;241m=\x1B[39m \x1B[38;5;28mself\x1B[39m\x1B[38;5;241m.\x1B[39mhandles\x1B[38;5;241m.\x1B[39mhandle\n',
    'File \x1B[0;32m/usr/lib/python3.12/site-packages/pandas/io/common.py:728\x1B[0m, in \x1B[0;36mget_handle\x1B[0;34m(path_or_buf, mode, encoding, compression, memory_map, is_text, errors, storage_options)\x1B[0m\n' +
      '\x1B[1;32m    725\x1B[0m     codecs\x1B[38;5;241m.\x1B[39mlookup_error(errors)\n' +
      '\x1B[1;32m    727\x1B[0m \x1B[38;5;66;03m# open URLs\x1B[39;00m\n' +
      '\x1B[0;32m--> 728\x1B[0m ioargs \x1B[38;5;241m=\x1B[39m \x1B[43m_get_filepath_or_buffer\x1B[49m\x1B[43m(\x1B[49m\n' +
      '\x1B[1;32m    729\x1B[0m \x1B[43m    \x1B[49m\x1B[43mpath_or_buf\x1B[49m\x1B[43m,\x1B[49m\n' +
      '\x1B[1;32m    730\x1B[0m \x1B[43m    \x1B[49m\x1B[43mencoding\x1B[49m\x1B[38;5;241;43m=\x1B[39;49m\x1B[43mencoding\x1B[49m\x1B[43m,\x1B[49m\n' +
      '\x1B[1;32m    731\x1B[0m \x1B[43m    \x1B[49m\x1B[43mcompression\x1B[49m\x1B[38;5;241;43m=\x1B[39;49m\x1B[43mcompression\x1B[49m\x1B[43m,\x1B[49m\n' +
      '\x1B[1;32m    732\x1B[0m \x1B[43m    \x1B[49m\x1B[43mmode\x1B[49m\x1B[38;5;241;43m=\x1B[39;49m\x1B[43mmode\x1B[49m\x1B[43m,\x1B[49m\n' +
      '\x1B[1;32m    733\x1B[0m \x1B[43m    \x1B[49m\x1B[43mstorage_options\x1B[49m\x1B[38;5;241;43m=\x1B[39;49m\x1B[43mstorage_options\x1B[49m\x1B[43m,\x1B[49m\n' +
      '\x1B[1;32m    734\x1B[0m \x1B[43m\x1B[49m\x1B[43m)\x1B[49m\n' +
      '\x1B[1;32m    736\x1B[0m handle \x1B[38;5;241m=\x1B[39m ioargs\x1B[38;5;241m.\x1B[39mfilepath_or_buffer\n' +
      '\x1B[1;32m    737\x1B[0m handles: \x1B[38;5;28mlist\x1B[39m[BaseBuffer]\n',
    'File \x1B[0;32m/usr/lib/python3.12/site-packages/pandas/io/common.py:472\x1B[0m, in \x1B[0;36m_get_filepath_or_buffer\x1B[0;34m(filepath_or_buffer, encoding, compression, mode, storage_options)\x1B[0m\n' +
      '\x1B[1;32m    468\x1B[0m \x1B[38;5;28;01mif\x1B[39;00m \x1B[38;5;129;01mnot\x1B[39;00m (\n' +
      '\x1B[1;32m    469\x1B[0m     \x1B[38;5;28mhasattr\x1B[39m(filepath_or_buffer, \x1B[38;5;124m"\x1B[39m\x1B[38;5;124mread\x1B[39m\x1B[38;5;124m"\x1B[39m) \x1B[38;5;129;01mor\x1B[39;00m \x1B[38;5;28mhasattr\x1B[39m(filepath_or_buffer, \x1B[38;5;124m"\x1B[39m\x1B[38;5;124mwrite\x1B[39m\x1B[38;5;124m"\x1B[39m)\n' +
      '\x1B[1;32m    470\x1B[0m ):\n' +
      '\x1B[1;32m    471\x1B[0m     msg \x1B[38;5;241m=\x1B[39m \x1B[38;5;124mf\x1B[39m\x1B[38;5;124m"\x1B[39m\x1B[38;5;124mInvalid file path or buffer object type: \x1B[39m\x1B[38;5;132;01m{\x1B[39;00m\x1B[38;5;28mtype\x1B[39m(filepath_or_buffer)\x1B[38;5;132;01m}\x1B[39;00m\x1B[38;5;124m"\x1B[39m\n' +
      '\x1B[0;32m--> 472\x1B[0m     \x1B[38;5;28;01mraise\x1B[39;00m \x1B[38;5;167;01mValueError\x1B[39;00m(msg)\n' +
      '\x1B[1;32m    474\x1B[0m \x1B[38;5;28;01mreturn\x1B[39;00m IOArgs(\n' +
      '\x1B[1;32m    475\x1B[0m     filepath_or_buffer\x1B[38;5;241m=\x1B[39mfilepath_or_buffer,\n' +
      '\x1B[1;32m    476\x1B[0m     encoding\x1B[38;5;241m=\x1B[39mencoding,\n' +
      '\x1B[0;32m   (...)\x1B[0m\n' +
      '\x1B[1;32m    479\x1B[0m     mode\x1B[38;5;241m=\x1B[39mmode,\n' +
      '\x1B[1;32m    480\x1B[0m )\n',
    "\x1B[0;31mValueError\x1B[0m: Invalid file path or buffer object type: <class 'ellipsis'>"
  ]
}
10:01:58.502 [warn] Cell completed with errors nu [Error]: name 'y_pred_class' is not defined
    at n.execute (/home/~/.vscode/extensions/ms-toolsai.jupyter-2024.8.1-linux-x64/dist/extension.node.js:297:4958) {
  ename: 'NameError',
  evalue: "name 'y_pred_class' is not defined",
  traceback: [
    '\x1B[0;31m---------------------------------------------------------------------------\x1B[0m',
    '\x1B[0;31mNameError\x1B[0m                                 Traceback (most recent call last)',
    'Cell \x1B[0;32mIn[9], line 3\x1B[0m\n' +
      '\x1B[1;32m      1\x1B[0m \x1B[38;5;28;01mfrom\x1B[39;00m \x1B[38;5;21;01msklearn\x1B[39;00m\x1B[38;5;21;01m.\x1B[39;00m\x1B[38;5;21;01mmetrics\x1B[39;00m \x1B[38;5;28;01mimport\x1B[39;00m confusion_matrix\n' +
      '\x1B[0;32m----> 3\x1B[0m conf_matrix \x1B[38;5;241m=\x1B[39m confusion_matrix(y_pred\x1B[38;5;241m=\x1B[39m\x1B[43my_pred_class\x1B[49m, y_true\x1B[38;5;241m=\x1B[39my_class)\n' +
      '\x1B[1;32m      5\x1B[0m plt\x1B[38;5;241m.\x1B[39mfigure(figsize\x1B[38;5;241m=\x1B[39m(\x1B[38;5;241m6\x1B[39m, \x1B[38;5;241m4\x1B[39m))\n' +
      "\x1B[1;32m      6\x1B[0m sns\x1B[38;5;241m.\x1B[39mheatmap(conf_matrix, annot\x1B[38;5;241m=\x1B[39m\x1B[38;5;28;01mTrue\x1B[39;00m, fmt\x1B[38;5;241m=\x1B[39m\x1B[38;5;124m'\x1B[39m\x1B[38;5;124md\x1B[39m\x1B[38;5;124m'\x1B[39m, cmap\x1B[38;5;241m=\x1B[39m\x1B[38;5;124m'\x1B[39m\x1B[38;5;124mBlues\x1B[39m\x1B[38;5;124m'\x1B[39m, cbar\x1B[38;5;241m=\x1B[39m\x1B[38;5;28;01mFalse\x1B[39;00m)\n",
    "\x1B[0;31mNameError\x1B[0m: name 'y_pred_class' is not defined"
  ]
}
10:13:22.702 [warn] Cell completed with errors nu [Error]: name 'df' is not defined
    at n.execute (/home/~/.vscode/extensions/ms-toolsai.jupyter-2024.8.1-linux-x64/dist/extension.node.js:297:4958) {
  ename: 'NameError',
  evalue: "name 'df' is not defined",
  traceback: [
    '\x1B[0;31m---------------------------------------------------------------------------\x1B[0m',
    '\x1B[0;31mNameError\x1B[0m                                 Traceback (most recent call last)',
    'Cell \x1B[0;32mIn[15], line 4\x1B[0m\n' +
      '\x1B[1;32m      1\x1B[0m \x1B[38;5;28;01mfrom\x1B[39;00m \x1B[38;5;21;01msklearn\x1B[39;00m\x1B[38;5;21;01m.\x1B[39;00m\x1B[38;5;21;01mneighbors\x1B[39;00m \x1B[38;5;28;01mimport\x1B[39;00m KNeighborsClassifier\n' +
      '\x1B[1;32m      3\x1B[0m \x1B[38;5;66;03m# Разделяем данные на обучающий и тестовый наборы\x1B[39;00m\n' +
      "\x1B[0;32m----> 4\x1B[0m X \x1B[38;5;241m=\x1B[39m \x1B[43mdf\x1B[49m[[\x1B[38;5;124m'\x1B[39m\x1B[38;5;124mholiday\x1B[39m\x1B[38;5;124m'\x1B[39m, \x1B[38;5;124m'\x1B[39m\x1B[38;5;124mhumidity\x1B[39m\x1B[38;5;124m'\x1B[39m, \x1B[38;5;124m'\x1B[39m\x1B[38;5;124msummer\x1B[39m\x1B[38;5;124m'\x1B[39m, \x1B[38;5;124m'\x1B[39m\x1B[38;5;124mtemp\x1B[39m\x1B[38;5;124m'\x1B[39m, \x1B[38;5;124m'\x1B[39m\x1B[38;5;124mwindspeed\x1B[39m\x1B[38;5;124m'\x1B[39m, \x1B[38;5;124m'\x1B[39m\x1B[38;5;124mworkingday\x1B[39m\x1B[38;5;124m'\x1B[39m]]\n" +
      "\x1B[1;32m      5\x1B[0m y \x1B[38;5;241m=\x1B[39m df[\x1B[38;5;124m'\x1B[39m\x1B[38;5;124mclass\x1B[39m\x1B[38;5;124m'\x1B[39m]\n" +
      '\x1B[1;32m      8\x1B[0m \x1B[38;5;66;03m# Создаем и обучаем модель k-Nearest Neighbors\x1B[39;00m\n',
    "\x1B[0;31mNameError\x1B[0m: name 'df' is not defined"
  ]
}
10:44:26.562 [info] Starting Kernel (Python Path: /bin/python3, Unknown, 3.12.6) for '~/hse/machine_learning/sem_6_classwork.ipynb' (disableUI=true)
10:44:26.670 [warn] Failed to get activated env vars for /bin/python3 in 106ms
10:44:26.684 [info] Process Execution: /bin/python3 -m pip list
10:44:26.686 [warn] Failed to get activated env vars for /bin/python3 in 117ms
10:44:26.704 [info] Process Execution: /bin/python3 -c "import ipykernel; print(ipykernel.__version__); print("5dc3a68c-e34e-4080-9c3e-2a532b2ccb4d"); print(ipykernel.__file__)"
10:44:26.718 [info] Process Execution: /bin/python3 -m ipykernel_launcher --f=/home/~/.local/share/jupyter/runtime/kernel-v3173fa735984a418f3ea46e04cde5ae671f19f2f9.json
    > cwd: //home/~/hse/machine_learning
10:44:26.744 [info] Process Execution: /bin/python3 -c "import pip;print('6af208d0-cb9c-427f-b937-ff563e17efdf')"
10:44:27.570 [info] Kernel successfully started
