2024-11-12 11:41:32.835 [info] Configuration changed
2024-11-12 11:43:50.952 [info] Active editor: vscode-notebook-cell:/home/yoshee/hse/machine_learning/sem10.ipynb#W5sZmlsZQ%3D%3D
2024-11-12 11:44:06.307 [info] Active editor: vscode-notebook-cell:/home/yoshee/hse/machine_learning/sem10.ipynb#W6sZmlsZQ%3D%3D
2024-11-12 11:44:08.342 [info] Active editor: vscode-notebook-cell:/home/yoshee/hse/machine_learning/sem10.ipynb#W4sZmlsZQ%3D%3D
2024-11-12 11:44:11.036 [info] Active editor: vscode-notebook-cell:/home/yoshee/hse/machine_learning/sem10.ipynb#W5sZmlsZQ%3D%3D
2024-11-12 11:44:11.387 [info] Active editor: vscode-notebook-cell:/home/yoshee/hse/machine_learning/sem10.ipynb#W6sZmlsZQ%3D%3D
2024-11-12 11:45:12.621 [info] Active editor: vscode-notebook-cell:/home/yoshee/hse/machine_learning/sem10.ipynb#X11sZmlsZQ%3D%3D
2024-11-12 11:45:17.725 [info] Active editor: vscode-notebook-cell:/home/yoshee/hse/machine_learning/sem10.ipynb#X13sZmlsZQ%3D%3D
2024-11-12 11:45:23.594 [info] Active editor: vscode-notebook-cell:/home/yoshee/hse/machine_learning/sem10.ipynb#X13sZmlsZQ%3D%3D
2024-11-12 11:45:24.573 [info] Active editor: vscode-notebook-cell:/home/yoshee/hse/machine_learning/sem10.ipynb#X13sZmlsZQ%3D%3D
2024-11-12 11:45:25.384 [info] Active editor: vscode-notebook-cell:/home/yoshee/hse/machine_learning/sem10.ipynb#X20sZmlsZQ%3D%3D
2024-11-12 11:55:00.023 [info] Active editor: vscode-notebook-cell:/home/yoshee/Downloads/Untitled6.ipynb#W6sZmlsZQ%3D%3D
2024-11-12 11:55:05.890 [info] Active editor: vscode-notebook-cell:/home/yoshee/Downloads/Untitled6.ipynb#W6sZmlsZQ%3D%3D
2024-11-12 11:55:08.062 [info] /home/yoshee/Downloads/Untitled6.ipynb closed
2024-11-12 11:55:08.062 [info] /home/yoshee/Downloads/Untitled6.ipynb closed
2024-11-12 11:55:08.062 [info] /home/yoshee/Downloads/Untitled6.ipynb closed
2024-11-12 11:55:08.062 [info] /home/yoshee/Downloads/Untitled6.ipynb closed
2024-11-12 11:55:08.062 [info] /home/yoshee/Downloads/Untitled6.ipynb closed
2024-11-12 11:55:08.062 [info] /home/yoshee/Downloads/Untitled6.ipynb closed
2024-11-12 11:55:08.062 [info] /home/yoshee/Downloads/Untitled6.ipynb closed
2024-11-12 11:55:08.062 [info] /home/yoshee/Downloads/Untitled6.ipynb closed
2024-11-12 11:55:08.062 [info] /home/yoshee/Downloads/Untitled6.ipynb closed
2024-11-12 11:55:08.062 [info] /home/yoshee/Downloads/Untitled6.ipynb closed
2024-11-12 11:55:08.062 [info] /home/yoshee/Downloads/Untitled6.ipynb closed
2024-11-12 11:55:08.062 [info] /home/yoshee/Downloads/Untitled6.ipynb closed
2024-11-12 11:55:08.062 [info] /home/yoshee/Downloads/Untitled6.ipynb closed
2024-11-12 12:18:37.984 [info] Active editor: vscode-notebook-cell:/home/yoshee/hse/machine_learning/sem_8_classwork.ipynb#W5sZmlsZQ%3D%3D
2024-11-12 12:19:32.938 [info] Active editor: vscode-notebook-cell:/home/yoshee/hse/machine_learning/sem_8_classwork.ipynb#X10sZmlsZQ%3D%3D
2024-11-12 12:19:35.301 [info] Active editor: vscode-notebook-cell:/home/yoshee/hse/machine_learning/sem_8_classwork.ipynb#X10sZmlsZQ%3D%3D
2024-11-12 12:19:35.486 [info] Active editor: vscode-notebook-cell:/home/yoshee/hse/machine_learning/sem_8_classwork.ipynb#X10sZmlsZQ%3D%3D
2024-11-12 12:20:21.167 [info] Active editor: vscode-notebook-cell:/home/yoshee/hse/machine_learning/sem_8_classwork.ipynb#X10sZmlsZQ%3D%3D
2024-11-12 12:20:23.007 [info] Active editor: vscode-notebook-cell:/home/yoshee/hse/machine_learning/sem_8_classwork.ipynb#X10sZmlsZQ%3D%3D
2024-11-12 12:20:31.890 [info] Active editor: vscode-notebook-cell:/home/yoshee/hse/machine_learning/sem_8_classwork.ipynb#X10sZmlsZQ%3D%3D
2024-11-12 12:20:33.322 [info] Active editor: vscode-notebook-cell:/home/yoshee/hse/machine_learning/sem_8_classwork.ipynb#X10sZmlsZQ%3D%3D
2024-11-12 12:20:34.850 [info] Active editor: vscode-notebook-cell:/home/yoshee/hse/machine_learning/sem_8_classwork.ipynb#X10sZmlsZQ%3D%3D
2024-11-12 12:21:11.674 [info] Active editor: vscode-notebook-cell:/home/yoshee/hse/machine_learning/sem_8_classwork.ipynb#X10sZmlsZQ%3D%3D
2024-11-12 12:24:07.317 [info] Active editor: vscode-notebook-cell:/home/yoshee/hse/machine_learning/sem_8_classwork.ipynb#X10sZmlsZQ%3D%3D
2024-11-12 12:24:08.222 [info] Active editor: vscode-notebook-cell:/home/yoshee/hse/machine_learning/sem_8_classwork.ipynb#X10sZmlsZQ%3D%3D
2024-11-12 12:24:09.047 [info] Active editor: vscode-notebook-cell:/home/yoshee/hse/machine_learning/sem_8_classwork.ipynb#X10sZmlsZQ%3D%3D
2024-11-12 12:24:09.603 [info] Active editor: vscode-notebook-cell:/home/yoshee/hse/machine_learning/sem_8_classwork.ipynb#X10sZmlsZQ%3D%3D
2024-11-12 12:24:30.279 [info] Active editor: vscode-notebook-cell:/home/yoshee/hse/machine_learning/sem_8_classwork.ipynb#X10sZmlsZQ%3D%3D
2024-11-12 12:58:24.207 [info] Active editor: vscode-notebook-cell:/home/yoshee/hse/machine_learning/sem_8_classwork.ipynb#X10sZmlsZQ%3D%3D
2024-11-12 12:58:24.752 [info] Active editor: vscode-notebook-cell:/home/yoshee/hse/machine_learning/sem_8_classwork.ipynb#X10sZmlsZQ%3D%3D
2024-11-12 12:58:46.101 [info] Active editor: vscode-notebook-cell:/home/yoshee/hse/machine_learning/sem_8_classwork.ipynb#W5sZmlsZQ%3D%3D
2024-11-12 13:01:52.459 [info] Active editor: vscode-notebook-cell:/home/yoshee/hse/machine_learning/sem_8_classwork.ipynb#X10sZmlsZQ%3D%3D
2024-11-12 13:02:10.596 [info] Active editor: vscode-notebook-cell:/home/yoshee/hse/machine_learning/sem_8_classwork.ipynb#X10sZmlsZQ%3D%3D
2024-11-12 13:02:11.734 [info] Active editor: vscode-notebook-cell:/home/yoshee/hse/machine_learning/sem_8_classwork.ipynb#X10sZmlsZQ%3D%3D
2024-11-12 13:02:12.167 [info] Active editor: vscode-notebook-cell:/home/yoshee/hse/machine_learning/sem_8_classwork.ipynb#X10sZmlsZQ%3D%3D
2024-11-12 13:02:12.766 [info] Active editor: vscode-notebook-cell:/home/yoshee/hse/machine_learning/sem_8_classwork.ipynb#X10sZmlsZQ%3D%3D
2024-11-12 13:02:15.919 [info] Active editor: vscode-notebook-cell:/home/yoshee/hse/machine_learning/sem_8_classwork.ipynb#X10sZmlsZQ%3D%3D
2024-11-12 13:02:30.036 [info] Active editor: vscode-notebook-cell:/home/yoshee/hse/machine_learning/sem_8_classwork.ipynb#X10sZmlsZQ%3D%3D
2024-11-12 13:02:30.466 [info] Active editor: vscode-notebook-cell:/home/yoshee/hse/machine_learning/sem_8_classwork.ipynb#X10sZmlsZQ%3D%3D
2024-11-12 13:02:34.960 [info] Active editor: vscode-notebook-cell:/home/yoshee/hse/machine_learning/sem_8_classwork.ipynb#X10sZmlsZQ%3D%3D
2024-11-12 13:02:38.551 [info] Active editor: vscode-notebook-cell:/home/yoshee/hse/machine_learning/sem_8_classwork.ipynb#X10sZmlsZQ%3D%3D
2024-11-12 13:02:50.180 [info] Active editor: vscode-notebook-cell:/home/yoshee/hse/machine_learning/sem_8_classwork.ipynb#X10sZmlsZQ%3D%3D
2024-11-12 13:02:51.517 [info] Active editor: vscode-notebook-cell:/home/yoshee/hse/machine_learning/sem_8_classwork.ipynb#X10sZmlsZQ%3D%3D
2024-11-12 13:02:52.779 [info] Active editor: vscode-notebook-cell:/home/yoshee/hse/machine_learning/sem_8_classwork.ipynb#X10sZmlsZQ%3D%3D
2024-11-12 13:02:57.735 [info] Active editor: vscode-notebook-cell:/home/yoshee/hse/machine_learning/sem_8_classwork.ipynb#X10sZmlsZQ%3D%3D
2024-11-12 13:02:59.749 [info] Active editor: vscode-notebook-cell:/home/yoshee/hse/machine_learning/sem_8_classwork.ipynb#X10sZmlsZQ%3D%3D
2024-11-12 13:09:48.659 [info] Active editor: vscode-notebook-cell:/home/yoshee/hse/machine_learning/sem_8_classwork.ipynb#X23sZmlsZQ%3D%3D
2024-11-12 13:10:04.078 [info] Active editor: vscode-notebook-cell:/home/yoshee/hse/machine_learning/sem_8_classwork.ipynb#X23sZmlsZQ%3D%3D
2024-11-12 13:10:05.682 [info] Active editor: vscode-notebook-cell:/home/yoshee/hse/machine_learning/sem_8_classwork.ipynb#X23sZmlsZQ%3D%3D
2024-11-12 13:10:07.342 [info] Active editor: vscode-notebook-cell:/home/yoshee/hse/machine_learning/sem_8_classwork.ipynb#X23sZmlsZQ%3D%3D
2024-11-12 13:10:10.532 [info] Active editor: vscode-notebook-cell:/home/yoshee/hse/machine_learning/sem_8_classwork.ipynb#X23sZmlsZQ%3D%3D
2024-11-12 13:10:11.014 [info] Active editor: vscode-notebook-cell:/home/yoshee/hse/machine_learning/sem_8_classwork.ipynb#X23sZmlsZQ%3D%3D
2024-11-12 13:33:02.184 [info] Active editor: vscode-notebook-cell:/home/yoshee/hse/machine_learning/sem_8_classwork.ipynb#X10sZmlsZQ%3D%3D
2024-11-12 13:33:23.851 [info] Active editor: vscode-notebook-cell:/home/yoshee/hse/machine_learning/sem_8_classwork.ipynb#X10sZmlsZQ%3D%3D
2024-11-12 13:33:25.928 [info] Active editor: vscode-notebook-cell:/home/yoshee/hse/machine_learning/sem_8_classwork.ipynb#X12sZmlsZQ%3D%3D
2024-11-12 13:33:33.884 [info] Active editor: vscode-notebook-cell:/home/yoshee/hse/machine_learning/sem_8_classwork.ipynb#X12sZmlsZQ%3D%3D
2024-11-12 13:33:43.441 [info] Active editor: vscode-notebook-cell:/home/yoshee/hse/machine_learning/sem_8_classwork.ipynb#X14sZmlsZQ%3D%3D
2024-11-12 13:34:03.629 [info] Active editor: vscode-notebook-cell:/home/yoshee/hse/machine_learning/sem_8_classwork.ipynb#X14sZmlsZQ%3D%3D
2024-11-12 13:34:12.957 [info] Active editor: vscode-notebook-cell:/home/yoshee/hse/machine_learning/sem_8_classwork.ipynb#X14sZmlsZQ%3D%3D
2024-11-12 13:34:25.266 [info] Active editor: vscode-notebook-cell:/home/yoshee/hse/machine_learning/sem_8_classwork.ipynb#X14sZmlsZQ%3D%3D
2024-11-12 13:34:50.098 [info] Active editor: vscode-notebook-cell:/home/yoshee/hse/machine_learning/sem_8_classwork.ipynb#X14sZmlsZQ%3D%3D
2024-11-12 13:35:28.569 [info] Active editor: vscode-notebook-cell:/home/yoshee/hse/machine_learning/sem_8_classwork.ipynb#X14sZmlsZQ%3D%3D
