2024-11-05 11:50:17.415 [info] Added views:workbench.panel.markers.view in workbench.panel.markers
2024-11-05 11:50:17.415 [info] Added views:workbench.panel.output in workbench.panel.output
2024-11-05 11:50:17.415 [info] Added views:terminal in terminal
2024-11-05 11:50:17.415 [info] Added views:outline in workbench.view.explorer
2024-11-05 11:50:17.415 [info] Added views:workbench.scm in workbench.view.scm
2024-11-05 11:50:17.415 [info] Added views:workbench.view.search in workbench.view.search
2024-11-05 11:50:17.415 [info] Added views:timeline in workbench.view.explorer
2024-11-05 11:50:17.415 [info] Added views:workbench.debug.welcome in workbench.view.debug
2024-11-05 11:50:17.415 [info] Added views:workbench.explorer.fileView in workbench.view.explorer
2024-11-05 11:50:17.918 [info] Added views:dockerContainers,dockerImages,dockerRegistries,dockerNetworks,dockerVolumes,vscode-docker.views.dockerContexts,vscode-docker.views.help in workbench.view.extension.dockerView
2024-11-05 11:50:17.919 [info] Added views:polyglot-notebook-panel-values in workbench.view.extension.polyglot-notebook-panel
2024-11-05 11:50:17.919 [info] Added views:jupyterKernelsView,jupyterContextualHelp in workbench.view.extension.jupyter
2024-11-05 11:50:18.031 [info] Added views:workbench.panel.repl.view in workbench.panel.repl
2024-11-05 11:50:19.142 [info] Added views:jupyterViewVariables in workbench.view.extension.jupyter-variables
2024-11-05 11:50:19.147 [info] Added views:cell-tag in workbench.view.extension.jupyter-variables
2024-11-05 11:50:19.627 [info] Added views:workbench.view.testing in workbench.view.extension.test
2024-11-05 11:50:19.949 [info] Added views:~remote.forwardedPorts in ~remote.forwardedPortsContainer
2024-11-05 11:50:27.144 [info] Removed views:cell-tag,jupyterViewVariables from workbench.view.extension.jupyter-variables
2024-11-05 11:50:27.185 [info] Added views:jupyterViewVariables,cell-tag in workbench.view.extension.jupyter-variables
2024-11-05 20:20:53.917 [info] Removed views:workbench.view.testing from workbench.view.extension.test
