2024-11-05 11:36:55.323 [info] Starting Python Locator /home/yoshee/.vscode/extensions/ms-python.python-2024.14.1-linux-x64/python-env-tools/bin/pet server
2024-11-05 11:36:55.435 [info] Discovered env: /home/linuxbrew/.linuxbrew/bin/python3
2024-11-05 11:36:55.436 [info] Discovered env: /bin/python
2024-11-05 11:36:55.437 [info] Discovered env: /usr/bin/python
2024-11-05 11:36:55.441 [info] Discovered env: /bin/python3
2024-11-05 11:36:55.444 [info] Discovered env: /usr/bin/python3
2024-11-05 11:36:55.444 [info] Env ("/usr/sbin/python") in Path resolved as ResolvedPythonEnv { executable: "/usr/sbin/python", prefix: "/usr", version: "3.12.6.final.0", is64_bit: true, symlinks: Some(["/usr/sbin/python"]) } and reported as Some(GlobalPaths)
2024-11-05 11:36:55.445 [info] Discovered env: /usr/sbin/python
2024-11-05 11:36:55.445 [info] Env ("/sbin/python") in Path resolved as ResolvedPythonEnv { executable: "/sbin/python", prefix: "/usr", version: "3.12.6.final.0", is64_bit: true, symlinks: Some(["/sbin/python"]) } and reported as Some(GlobalPaths)
2024-11-05 11:36:55.445 [info] Discovered env: /sbin/python
2024-11-05 11:36:55.445 [info] Discovered env: /bin/python3.12
2024-11-05 11:36:55.445 [info] Discovered env: /usr/bin/python3.12
2024-11-05 11:36:55.445 [info] Env ("/usr/sbin/python3") in Path resolved as ResolvedPythonEnv { executable: "/usr/sbin/python3", prefix: "/usr", version: "3.12.6.final.0", is64_bit: true, symlinks: Some(["/usr/sbin/python3"]) } and reported as Some(GlobalPaths)
2024-11-05 11:36:55.446 [info] Env ("/sbin/python3") in Path resolved as ResolvedPythonEnv { executable: "/sbin/python3", prefix: "/usr", version: "3.12.6.final.0", is64_bit: true, symlinks: Some(["/sbin/python3"]) } and reported as Some(GlobalPaths)
2024-11-05 11:36:55.446 [info] Discovered env: /usr/sbin/python3
2024-11-05 11:36:55.446 [info] Discovered env: /sbin/python3
2024-11-05 11:36:55.446 [info] Env ("/sbin/python3.12") in Path resolved as ResolvedPythonEnv { executable: "/sbin/python3.12", prefix: "/usr", version: "3.12.6.final.0", is64_bit: true, symlinks: Some(["/sbin/python3.12"]) } and reported as Some(GlobalPaths)
2024-11-05 11:36:55.446 [info] Discovered env: /sbin/python3.12
2024-11-05 11:36:55.446 [info] Env ("/usr/sbin/python3.12") in Path resolved as ResolvedPythonEnv { executable: "/usr/sbin/python3.12", prefix: "/usr", version: "3.12.6.final.0", is64_bit: true, symlinks: Some(["/usr/sbin/python3.12"]) } and reported as Some(GlobalPaths)
2024-11-05 11:36:55.446 [info] Discovered env: /usr/sbin/python3.12
2024-11-05 11:36:55.447 [info] Locator Conda took 155.499381ms
2024-11-05 11:36:55.447 [info] Locator Homebrew took 24.121377ms
2024-11-05 11:36:55.447 [info] Locator LinuxGlobal took 89.578423ms
2024-11-05 11:36:55.447 [info] Locator PipEnv took 187.408µs
2024-11-05 11:36:55.447 [info] Locator Poetry took 438.014µs
2024-11-05 11:36:55.447 [info] Locator PyEnv took 1.471955ms
2024-11-05 11:36:55.447 [info] Locator Venv took 30.206µs
2024-11-05 11:36:55.447 [info] Locator VirtualEnv took 32.01µs
2024-11-05 11:36:55.447 [info] Locator VirtualEnvWrapper took 30.196µs
2024-11-05 11:36:55.447 [info] Locator GlobalVirtualEnvs took 416.965µs
2024-11-05 11:36:55.447 [info] Locator Locators took 155.602212ms
2024-11-05 11:36:55.447 [info] Locator Path took 143.089053ms
2024-11-05 11:36:55.447 [info] Locator Workspaces took 694.26µs
2024-11-05 11:36:55.447 [info] Refresh completed in 155ms
2024-11-05 11:36:55.455 [info] Resolved /home/linuxbrew/.linuxbrew/bin/python3
2024-11-05 11:36:55.455 [info] Resolved /bin/python
2024-11-05 11:36:55.462 [info] Resolved /usr/bin/python
2024-11-05 11:36:55.463 [info] Resolved /bin/python3
2024-11-05 11:36:55.463 [info] Resolved /usr/bin/python3
2024-11-05 11:36:55.463 [info] Resolved /bin/python3.12
2024-11-05 11:36:55.464 [info] Resolved /usr/bin/python3.12
