2024-11-05 11:36:55.323 [info] Experiment 'pythonRecommendTensorboardExt' is active
2024-11-05 11:36:55.323 [info] Experiment 'pythonTerminalEnvVarActivation' is active
2024-11-05 11:36:55.323 [info] Experiment 'pythonTestAdapter' is active
2024-11-05 11:36:55.323 [warning] Dir "/home/yoshee/hse/machine_learning/.pixi/envs" is not watchable (directory does not exist)
2024-11-05 11:36:55.323 [info] Default formatter is set to esbenp.prettier-vscode for workspace /home/yoshee/hse/machine_learning
2024-11-05 11:36:55.323 [info] Starting Environment refresh
2024-11-05 11:36:55.323 [info] Searching for interpreters in posix paths locator
2024-11-05 11:36:55.323 [info] Searching for pyenv environments
2024-11-05 11:36:55.323 [info] Searching for conda environments
2024-11-05 11:36:55.323 [info] Searching for global virtual environments
2024-11-05 11:36:55.323 [info] Searching for custom virtual environments
2024-11-05 11:36:55.323 [info] pyenv is not installed
2024-11-05 11:36:55.323 [info] Finished searching for pyenv environments: 17 milliseconds
2024-11-05 11:36:55.323 [info] Finished searching for custom virtual envs: 18 milliseconds
2024-11-05 11:36:55.323 [info] > conda info --json
2024-11-05 11:36:55.323 [info] > pixi --version
2024-11-05 11:36:55.323 [info] > hatch env show --json
2024-11-05 11:36:55.323 [info] cwd: .
2024-11-05 11:36:55.323 [info] Finished searching for global virtual envs: 138 milliseconds
2024-11-05 11:36:55.333 [info] > pyenv which python
2024-11-05 11:36:55.333 [info] cwd: .
2024-11-05 11:36:55.374 [info] Found: /bin/python --> /bin/python3.12
2024-11-05 11:36:55.386 [warning] could not find a pixi interpreter for the interpreter at /bin/python
2024-11-05 11:36:55.386 [info] Found: /bin/python3 --> /bin/python3.12
2024-11-05 11:36:55.387 [info] Found: /bin/python3.12 --> /bin/python3.12
2024-11-05 11:36:55.413 [warning] could not find a pixi interpreter for the interpreter at /bin/python
2024-11-05 11:36:55.428 [info] > /bin/python -I ~/.vscode/extensions/ms-python.python-2024.14.1-linux-x64/python_files/get_output_via_markers.py ~/.vscode/extensions/ms-python.python-2024.14.1-linux-x64/python_files/interpreterInfo.py
2024-11-05 11:36:55.434 [info] Found: /sbin/python --> /sbin/python3.12
2024-11-05 11:36:55.434 [info] Found: /sbin/python3 --> /sbin/python3.12
2024-11-05 11:36:55.435 [info] Found: /sbin/python3.12 --> /sbin/python3.12
2024-11-05 11:36:55.441 [info] Found: /usr/bin/python --> /usr/bin/python3.12
2024-11-05 11:36:55.441 [info] Found: /usr/bin/python3 --> /usr/bin/python3.12
2024-11-05 11:36:55.441 [info] Found: /usr/bin/python3.12 --> /usr/bin/python3.12
2024-11-05 11:36:55.467 [info] Found: /usr/sbin/python --> /usr/sbin/python3.12
2024-11-05 11:36:55.468 [info] Found: /usr/sbin/python3 --> /usr/sbin/python3.12
2024-11-05 11:36:55.468 [info] Found: /usr/sbin/python3.12 --> /usr/sbin/python3.12
2024-11-05 11:36:55.469 [info] Found: /home/linuxbrew/.linuxbrew/bin/python3 --> /home/linuxbrew/.linuxbrew/Cellar/python@3.12/3.12.6/bin/python3.12
2024-11-05 11:36:55.469 [info] Found: /home/linuxbrew/.linuxbrew/bin/python3.12 --> /home/linuxbrew/.linuxbrew/Cellar/python@3.12/3.12.6/bin/python3.12
2024-11-05 11:36:55.470 [info] Python interpreter path: /bin/python
2024-11-05 11:36:55.481 [info] > /sbin/python -I ~/.vscode/extensions/ms-python.python-2024.14.1-linux-x64/python_files/get_output_via_markers.py ~/.vscode/extensions/ms-python.python-2024.14.1-linux-x64/python_files/interpreterInfo.py
2024-11-05 11:36:55.493 [info] > /usr/bin/python -I ~/.vscode/extensions/ms-python.python-2024.14.1-linux-x64/python_files/get_output_via_markers.py ~/.vscode/extensions/ms-python.python-2024.14.1-linux-x64/python_files/interpreterInfo.py
2024-11-05 11:36:55.499 [info] Finished searching for interpreters in posix paths locator: 557 milliseconds
2024-11-05 11:36:55.502 [info] Environments refresh paths discovered (event): 561 milliseconds
2024-11-05 11:36:55.502 [info] Environments refresh paths discovered: 561 milliseconds
2024-11-05 11:36:55.520 [info] > /usr/sbin/python -I ~/.vscode/extensions/ms-python.python-2024.14.1-linux-x64/python_files/get_output_via_markers.py ~/.vscode/extensions/ms-python.python-2024.14.1-linux-x64/python_files/interpreterInfo.py
2024-11-05 11:36:55.533 [info] > /home/linuxbrew/.linuxbrew/bin/python3 -I ~/.vscode/extensions/ms-python.python-2024.14.1-linux-x64/python_files/get_output_via_markers.py ~/.vscode/extensions/ms-python.python-2024.14.1-linux-x64/python_files/interpreterInfo.py
2024-11-05 11:36:55.599 [info] Environments refresh finished (event): 658 milliseconds
2024-11-05 11:36:55.603 [info] Environment refresh took 662 milliseconds
2024-11-05 11:36:55.605 [error] Environment /bin/python got the wrong version from native locator (Native = 3.12.6.final.0, Actual 3.12.7 (main, Oct  1 2024, 11:15:50) [GCC 14.2.1 20240910])
2024-11-05 11:36:55.606 [error] Environment /sbin/python got the wrong version from native locator (Native = 3.12.6.final.0, Actual 3.12.7 (main, Oct  1 2024, 11:15:50) [GCC 14.2.1 20240910])
2024-11-05 11:36:55.606 [error] Environment /usr/sbin/python got the wrong version from native locator (Native = 3.12.6.final.0, Actual 3.12.7 (main, Oct  1 2024, 11:15:50) [GCC 14.2.1 20240910])
2024-11-05 11:36:55.606 [error] Environment /usr/bin/python got the wrong version from native locator (Native = 3.12.6.final.0, Actual 3.12.7 (main, Oct  1 2024, 11:15:50) [GCC 14.2.1 20240910])
2024-11-05 11:36:55.641 [info] > /usr/sbin/python3.12 -I ~/.vscode/extensions/ms-python.python-2024.14.1-linux-x64/python_files/get_output_via_markers.py ~/.vscode/extensions/ms-python.python-2024.14.1-linux-x64/python_files/interpreterInfo.py
2024-11-05 11:36:55.655 [info] > /sbin/python3.12 -I ~/.vscode/extensions/ms-python.python-2024.14.1-linux-x64/python_files/get_output_via_markers.py ~/.vscode/extensions/ms-python.python-2024.14.1-linux-x64/python_files/interpreterInfo.py
2024-11-05 11:36:55.681 [info] > /usr/sbin/python3 -I ~/.vscode/extensions/ms-python.python-2024.14.1-linux-x64/python_files/get_output_via_markers.py ~/.vscode/extensions/ms-python.python-2024.14.1-linux-x64/python_files/interpreterInfo.py
2024-11-05 11:36:55.682 [error] Environment /usr/sbin/python3.12 got the wrong version from native locator (Native = 3.12.6.final.0, Actual 3.12.7 (main, Oct  1 2024, 11:15:50) [GCC 14.2.1 20240910])
2024-11-05 11:36:55.694 [info] > /usr/bin/python3.12 -I ~/.vscode/extensions/ms-python.python-2024.14.1-linux-x64/python_files/get_output_via_markers.py ~/.vscode/extensions/ms-python.python-2024.14.1-linux-x64/python_files/interpreterInfo.py
2024-11-05 11:36:55.696 [error] Environment /sbin/python3.12 got the wrong version from native locator (Native = 3.12.6.final.0, Actual 3.12.7 (main, Oct  1 2024, 11:15:50) [GCC 14.2.1 20240910])
2024-11-05 11:36:55.721 [info] > /bin/python3.12 -I ~/.vscode/extensions/ms-python.python-2024.14.1-linux-x64/python_files/get_output_via_markers.py ~/.vscode/extensions/ms-python.python-2024.14.1-linux-x64/python_files/interpreterInfo.py
2024-11-05 11:36:55.722 [error] Environment /usr/sbin/python3 got the wrong version from native locator (Native = 3.12.6.final.0, Actual 3.12.7 (main, Oct  1 2024, 11:15:50) [GCC 14.2.1 20240910])
2024-11-05 11:36:55.733 [info] > /sbin/python3 -I ~/.vscode/extensions/ms-python.python-2024.14.1-linux-x64/python_files/get_output_via_markers.py ~/.vscode/extensions/ms-python.python-2024.14.1-linux-x64/python_files/interpreterInfo.py
2024-11-05 11:36:55.735 [error] Environment /usr/bin/python3.12 got the wrong version from native locator (Native = 3.12.6.final.0, Actual 3.12.7 (main, Oct  1 2024, 11:15:50) [GCC 14.2.1 20240910])
2024-11-05 11:36:55.760 [info] > /bin/python3 -I ~/.vscode/extensions/ms-python.python-2024.14.1-linux-x64/python_files/get_output_via_markers.py ~/.vscode/extensions/ms-python.python-2024.14.1-linux-x64/python_files/interpreterInfo.py
2024-11-05 11:36:55.761 [error] Environment /bin/python3.12 got the wrong version from native locator (Native = 3.12.6.final.0, Actual 3.12.7 (main, Oct  1 2024, 11:15:50) [GCC 14.2.1 20240910])
2024-11-05 11:36:55.774 [info] > /usr/bin/python3 -I ~/.vscode/extensions/ms-python.python-2024.14.1-linux-x64/python_files/get_output_via_markers.py ~/.vscode/extensions/ms-python.python-2024.14.1-linux-x64/python_files/interpreterInfo.py
2024-11-05 11:36:55.775 [error] Environment /sbin/python3 got the wrong version from native locator (Native = 3.12.6.final.0, Actual 3.12.7 (main, Oct  1 2024, 11:15:50) [GCC 14.2.1 20240910])
2024-11-05 11:36:55.795 [error] Environment /bin/python3 got the wrong version from native locator (Native = 3.12.6.final.0, Actual 3.12.7 (main, Oct  1 2024, 11:15:50) [GCC 14.2.1 20240910])
2024-11-05 11:36:55.811 [error] Environment /usr/bin/python3 got the wrong version from native locator (Native = 3.12.6.final.0, Actual 3.12.7 (main, Oct  1 2024, 11:15:50) [GCC 14.2.1 20240910])
2024-11-05 11:36:55.827 [warning] could not find a pixi interpreter for the interpreter at /bin/python3
2024-11-05 11:36:55.838 [warning] could not find a pixi interpreter for the interpreter at /bin/python3
2024-11-05 11:36:56.424 [info] Starting Pylance language server.
2024-11-05 11:41:48.159 [info] Discover tests for workspace name: undefined - uri: /home/yoshee/.config/Code/User/settings.json
2024-11-05 11:46:49.601 [warning] could not find a pixi interpreter for the interpreter at /bin/python3
2024-11-05 11:46:49.607 [warning] could not find a pixi interpreter for the interpreter at /bin/python3
2024-11-05 11:50:01.487 [warning] could not find a pixi interpreter for the interpreter at /bin/python3
