2024-10-19 17:42:23.664 [info] Configuration changed
2024-10-19 17:42:29.951 [info] Configuration changed
2024-10-19 17:43:00.020 [info] Active editor: vscode-notebook-cell:/home/yoshee/hse/machine_learning/sem_7_classwork.ipynb#X31sZmlsZQ%3D%3D
2024-10-19 17:43:12.385 [info] Active editor: vscode-notebook-cell:/home/yoshee/hse/machine_learning/sem_7_classwork.ipynb#X31sZmlsZQ%3D%3D
2024-10-19 17:43:17.603 [info] Active editor: vscode-notebook-cell:/home/yoshee/hse/machine_learning/sem_7_classwork.ipynb#X31sZmlsZQ%3D%3D
2024-10-19 17:44:27.541 [info] Active editor: vscode-notebook-cell:/home/yoshee/hse/machine_learning/sem_7_classwork.ipynb#X31sZmlsZQ%3D%3D
2024-10-19 17:44:31.455 [info] Active editor: vscode-notebook-cell:/home/yoshee/hse/machine_learning/sem_7_classwork.ipynb#X31sZmlsZQ%3D%3D
2024-10-19 17:44:46.887 [info] Active editor: vscode-notebook-cell:/home/yoshee/hse/machine_learning/sem_7_classwork.ipynb#X35sZmlsZQ%3D%3D
2024-10-19 17:44:54.200 [info] Active editor: vscode-notebook-cell:/home/yoshee/hse/machine_learning/sem_7_classwork.ipynb#X35sZmlsZQ%3D%3D
2024-10-19 17:44:57.263 [info] Active editor: vscode-notebook-cell:/home/yoshee/hse/machine_learning/sem_7_classwork.ipynb#X35sZmlsZQ%3D%3D
2024-10-19 17:45:06.487 [info] Active editor: vscode-notebook-cell:/home/yoshee/hse/machine_learning/sem_5_classwork.ipynb#W5sZmlsZQ%3D%3D
2024-10-19 17:45:08.174 [info] Active editor: vscode-notebook-cell:/home/yoshee/hse/machine_learning/sem_7_classwork.ipynb#X35sZmlsZQ%3D%3D
2024-10-19 17:45:08.635 [info] Active editor: vscode-notebook-cell:/home/yoshee/hse/machine_learning/sem_5_classwork.ipynb#W5sZmlsZQ%3D%3D
2024-10-19 17:45:08.802 [info] Active editor: vscode-notebook-cell:/home/yoshee/hse/machine_learning/sem_7_classwork.ipynb#X35sZmlsZQ%3D%3D
2024-10-19 17:45:08.896 [info] Active editor: vscode-notebook-cell:/home/yoshee/hse/machine_learning/sem_5_classwork.ipynb#W5sZmlsZQ%3D%3D
2024-10-19 17:45:11.272 [info] Active editor: vscode-notebook-cell:/home/yoshee/hse/machine_learning/sem_5_classwork.ipynb#W5sZmlsZQ%3D%3D
2024-10-19 17:45:12.008 [info] Active editor: vscode-notebook-cell:/home/yoshee/hse/machine_learning/sem_5_classwork.ipynb#W5sZmlsZQ%3D%3D
2024-10-19 17:45:14.617 [info] Active editor: vscode-notebook-cell:/home/yoshee/hse/machine_learning/sem_7_classwork.ipynb#X35sZmlsZQ%3D%3D
2024-10-19 17:45:14.650 [info] Active editor: vscode-notebook-cell:/home/yoshee/hse/machine_learning/sem_7_classwork.ipynb#X35sZmlsZQ%3D%3D
2024-10-19 17:45:16.644 [info] Active editor: vscode-notebook-cell:/home/yoshee/hse/machine_learning/sem_7_classwork.ipynb#X35sZmlsZQ%3D%3D
2024-10-19 17:45:17.614 [info] Active editor: vscode-notebook-cell:/home/yoshee/hse/machine_learning/sem_7_classwork.ipynb#X35sZmlsZQ%3D%3D
2024-10-19 17:45:24.030 [info] /home/yoshee/.vscode/extensions/ms-dotnettools.dotnet-interactive-vscode-1.0.5229040/help/DotNetVersion.md closed
2024-10-19 17:45:52.685 [info] Active editor: vscode-notebook-cell:/home/yoshee/hse/machine_learning/sem_7_classwork.ipynb#X11sZmlsZQ%3D%3D
2024-10-19 17:45:57.102 [info] Active editor: vscode-notebook-cell:/home/yoshee/hse/machine_learning/sem_7_classwork.ipynb#X12sZmlsZQ%3D%3D
2024-10-19 17:46:02.306 [info] Active editor: vscode-notebook-cell:/home/yoshee/hse/machine_learning/sem_7_classwork.ipynb#X14sZmlsZQ%3D%3D
2024-10-19 17:46:24.496 [info] Active editor: vscode-notebook-cell:/home/yoshee/hse/machine_learning/sem_7_classwork.ipynb#X14sZmlsZQ%3D%3D
2024-10-19 17:46:32.511 [info] Active editor: vscode-notebook-cell:/home/yoshee/hse/machine_learning/sem_7_classwork.ipynb#X14sZmlsZQ%3D%3D
2024-10-19 17:46:34.027 [info] Active editor: vscode-notebook-cell:/home/yoshee/hse/machine_learning/sem_7_classwork.ipynb#X14sZmlsZQ%3D%3D
2024-10-19 17:46:36.759 [info] Active editor: vscode-notebook-cell:/home/yoshee/hse/machine_learning/sem_7_classwork.ipynb#X14sZmlsZQ%3D%3D
2024-10-19 17:46:44.325 [info] Active editor: vscode-notebook-cell:/home/yoshee/hse/machine_learning/sem_7_classwork.ipynb#X14sZmlsZQ%3D%3D
2024-10-19 17:46:47.614 [info] Active editor: vscode-notebook-cell:/home/yoshee/hse/machine_learning/sem_7_classwork.ipynb#X14sZmlsZQ%3D%3D
2024-10-19 17:47:13.807 [info] Active editor: vscode-notebook-cell:/home/yoshee/hse/machine_learning/sem_7_classwork.ipynb#X16sZmlsZQ%3D%3D
2024-10-19 17:47:30.505 [info] Active editor: vscode-notebook-cell:/home/yoshee/hse/machine_learning/sem_7_classwork.ipynb#X14sZmlsZQ%3D%3D
2024-10-19 17:47:57.800 [info] Active editor: vscode-notebook-cell:/home/yoshee/hse/machine_learning/sem_5_classwork.ipynb#X11sZmlsZQ%3D%3D
2024-10-19 17:47:58.852 [info] Active editor: vscode-notebook-cell:/home/yoshee/hse/machine_learning/sem_5_classwork.ipynb#X11sZmlsZQ%3D%3D
2024-10-19 17:48:00.539 [info] Active editor: vscode-notebook-cell:/home/yoshee/hse/machine_learning/sem_7_classwork.ipynb#X14sZmlsZQ%3D%3D
2024-10-19 17:49:11.820 [info] Active editor: vscode-notebook-cell:/home/yoshee/hse/machine_learning/sem_5_classwork.ipynb#X15sZmlsZQ%3D%3D
2024-10-19 17:49:17.330 [info] Active editor: vscode-notebook-cell:/home/yoshee/hse/machine_learning/sem_7_classwork.ipynb#X14sZmlsZQ%3D%3D
2024-10-19 17:51:04.289 [info] Active editor: vscode-notebook-cell:/home/yoshee/hse/machine_learning/sem_5_classwork.ipynb#X21sZmlsZQ%3D%3D
2024-10-19 17:51:07.512 [info] Active editor: vscode-notebook-cell:/home/yoshee/hse/machine_learning/sem_5_classwork.ipynb#X21sZmlsZQ%3D%3D
2024-10-19 17:51:11.147 [info] Active editor: vscode-notebook-cell:/home/yoshee/hse/machine_learning/sem_7_classwork.ipynb#X14sZmlsZQ%3D%3D
2024-10-19 17:51:48.940 [info] Active editor: vscode-notebook-cell:/home/yoshee/hse/machine_learning/sem_7_classwork.ipynb#X12sZmlsZQ%3D%3D
2024-10-19 17:51:49.979 [info] Active editor: vscode-notebook-cell:/home/yoshee/hse/machine_learning/sem_7_classwork.ipynb#X16sZmlsZQ%3D%3D
2024-10-19 17:51:53.246 [info] Active editor: vscode-notebook-cell:/home/yoshee/hse/machine_learning/sem_7_classwork.ipynb#X14sZmlsZQ%3D%3D
2024-10-19 17:52:32.742 [info] Active editor: vscode-notebook-cell:/home/yoshee/hse/machine_learning/sem_5_classwork.ipynb#X23sZmlsZQ%3D%3D
2024-10-19 17:52:34.997 [info] Active editor: vscode-notebook-cell:/home/yoshee/hse/machine_learning/sem_5_classwork.ipynb#X23sZmlsZQ%3D%3D
2024-10-19 17:52:37.470 [info] Active editor: vscode-notebook-cell:/home/yoshee/hse/machine_learning/sem_7_classwork.ipynb#X14sZmlsZQ%3D%3D
2024-10-19 17:52:46.170 [info] Active editor: vscode-notebook-cell:/home/yoshee/hse/machine_learning/sem_7_classwork.ipynb#X12sZmlsZQ%3D%3D
2024-10-19 17:52:46.926 [info] Active editor: vscode-notebook-cell:/home/yoshee/hse/machine_learning/sem_7_classwork.ipynb#X14sZmlsZQ%3D%3D
2024-10-19 17:54:01.749 [info] Active editor: vscode-notebook-cell:/home/yoshee/hse/machine_learning/sem_5_classwork.ipynb#X25sZmlsZQ%3D%3D
2024-10-19 17:54:03.211 [info] Active editor: vscode-notebook-cell:/home/yoshee/hse/machine_learning/sem_7_classwork.ipynb#X14sZmlsZQ%3D%3D
2024-10-19 17:54:04.228 [info] Active editor: vscode-notebook-cell:/home/yoshee/hse/machine_learning/sem_7_classwork.ipynb#X16sZmlsZQ%3D%3D
2024-10-19 17:54:21.887 [info] /home/yoshee/hse/machine_learning/sem_5_classwork.ipynb closed
2024-10-19 17:54:21.887 [info] /home/yoshee/hse/machine_learning/sem_5_classwork.ipynb closed
2024-10-19 17:54:21.887 [info] /home/yoshee/hse/machine_learning/sem_5_classwork.ipynb closed
2024-10-19 17:54:21.887 [info] /home/yoshee/hse/machine_learning/sem_5_classwork.ipynb closed
2024-10-19 17:54:21.887 [info] /home/yoshee/hse/machine_learning/sem_5_classwork.ipynb closed
2024-10-19 17:54:21.887 [info] /home/yoshee/hse/machine_learning/sem_5_classwork.ipynb closed
2024-10-19 17:54:21.887 [info] /home/yoshee/hse/machine_learning/sem_5_classwork.ipynb closed
2024-10-19 17:54:21.887 [info] /home/yoshee/hse/machine_learning/sem_5_classwork.ipynb closed
2024-10-19 17:54:21.887 [info] /home/yoshee/hse/machine_learning/sem_5_classwork.ipynb closed
2024-10-19 17:54:21.887 [info] /home/yoshee/hse/machine_learning/sem_5_classwork.ipynb closed
2024-10-19 17:54:21.887 [info] /home/yoshee/hse/machine_learning/sem_5_classwork.ipynb closed
2024-10-19 17:54:21.887 [info] /home/yoshee/hse/machine_learning/sem_5_classwork.ipynb closed
2024-10-19 17:54:21.887 [info] /home/yoshee/hse/machine_learning/sem_5_classwork.ipynb closed
2024-10-19 17:54:21.887 [info] /home/yoshee/hse/machine_learning/sem_5_classwork.ipynb closed
2024-10-19 17:54:21.887 [info] /home/yoshee/hse/machine_learning/sem_5_classwork.ipynb closed
2024-10-19 17:54:21.887 [info] /home/yoshee/hse/machine_learning/sem_5_classwork.ipynb closed
2024-10-19 17:54:21.887 [info] /home/yoshee/hse/machine_learning/sem_5_classwork.ipynb closed
2024-10-19 17:54:21.887 [info] /home/yoshee/hse/machine_learning/sem_5_classwork.ipynb closed
2024-10-19 17:54:21.887 [info] /home/yoshee/hse/machine_learning/sem_5_classwork.ipynb closed
2024-10-19 17:54:21.887 [info] /home/yoshee/hse/machine_learning/sem_5_classwork.ipynb closed
2024-10-19 17:54:21.887 [info] /home/yoshee/hse/machine_learning/sem_5_classwork.ipynb closed
2024-10-19 17:54:21.887 [info] /home/yoshee/hse/machine_learning/sem_5_classwork.ipynb closed
2024-10-19 17:55:59.249 [info] Active editor: vscode-notebook-cell:/home/yoshee/hse/machine_learning/sem_7_classwork.ipynb#X14sZmlsZQ%3D%3D
2024-10-19 17:56:51.582 [info] Active editor: vscode-notebook-cell:/home/yoshee/hse/machine_learning/sem_7_classwork.ipynb#X16sZmlsZQ%3D%3D
2024-10-19 17:58:26.110 [info] Active editor: vscode-notebook-cell:/home/yoshee/hse/machine_learning/sem_7_classwork.ipynb#X14sZmlsZQ%3D%3D
2024-10-19 17:58:28.646 [info] Active editor: vscode-notebook-cell:/home/yoshee/hse/machine_learning/sem_7_classwork.ipynb#X16sZmlsZQ%3D%3D
2024-10-19 17:58:49.825 [info] Active editor: vscode-notebook-cell:/home/yoshee/hse/machine_learning/sem_7_classwork.ipynb#X22sZmlsZQ%3D%3D
2024-10-19 17:59:47.110 [info] Active editor: vscode-notebook-cell:/home/yoshee/hse/machine_learning/sem_7_classwork.ipynb#X23sZmlsZQ%3D%3D
2024-10-19 17:59:50.157 [info] Active editor: vscode-notebook-cell:/home/yoshee/hse/machine_learning/sem_7_classwork.ipynb#X23sZmlsZQ%3D%3D
2024-10-19 17:59:56.596 [info] Active editor: vscode-notebook-cell:/home/yoshee/hse/machine_learning/sem_7_classwork.ipynb#X24sZmlsZQ%3D%3D
2024-10-19 17:59:58.795 [info] Active editor: vscode-notebook-cell:/home/yoshee/hse/machine_learning/sem_7_classwork.ipynb#X24sZmlsZQ%3D%3D
2024-10-19 18:00:00.685 [info] Active editor: vscode-notebook-cell:/home/yoshee/hse/machine_learning/sem_7_classwork.ipynb#X23sZmlsZQ%3D%3D
2024-10-19 18:01:52.133 [info] Active editor: vscode-notebook-cell:/home/yoshee/hse/machine_learning/sem_7_classwork.ipynb#X24sZmlsZQ%3D%3D
2024-10-19 18:02:02.454 [info] Active editor: vscode-notebook-cell:/home/yoshee/hse/machine_learning/sem_7_classwork.ipynb#X24sZmlsZQ%3D%3D
2024-10-19 18:03:51.755 [info] Active editor: vscode-notebook-cell:/home/yoshee/hse/machine_learning/sem_7_classwork.ipynb#X26sZmlsZQ%3D%3D
2024-10-19 18:04:03.406 [info] Active editor: vscode-notebook-cell:/home/yoshee/hse/machine_learning/sem_7_classwork.ipynb#X26sZmlsZQ%3D%3D
2024-10-19 18:04:03.981 [info] Active editor: vscode-notebook-cell:/home/yoshee/hse/machine_learning/sem_7_classwork.ipynb#X26sZmlsZQ%3D%3D
2024-10-19 18:04:05.642 [info] Active editor: vscode-notebook-cell:/home/yoshee/hse/machine_learning/sem_7_classwork.ipynb#X26sZmlsZQ%3D%3D
2024-10-19 18:04:08.017 [info] Active editor: vscode-notebook-cell:/home/yoshee/hse/machine_learning/sem_7_classwork.ipynb#X31sZmlsZQ%3D%3D
2024-10-19 18:07:13.030 [info] Active editor: vscode-notebook-cell:/home/yoshee/hse/machine_learning/sem_7_classwork.ipynb#X32sZmlsZQ%3D%3D
2024-10-19 18:07:29.843 [info] /home/yoshee/hse/machine_learning/sem_7_classwork.ipynb closed
2024-10-19 18:07:29.843 [info] /home/yoshee/hse/machine_learning/sem_7_classwork.ipynb closed
2024-10-19 18:07:29.843 [info] /home/yoshee/hse/machine_learning/sem_7_classwork.ipynb closed
2024-10-19 18:07:29.843 [info] /home/yoshee/hse/machine_learning/sem_7_classwork.ipynb closed
2024-10-19 18:07:29.843 [info] /home/yoshee/hse/machine_learning/sem_7_classwork.ipynb closed
2024-10-19 18:07:29.843 [info] /home/yoshee/hse/machine_learning/sem_7_classwork.ipynb closed
2024-10-19 18:07:29.843 [info] /home/yoshee/hse/machine_learning/sem_7_classwork.ipynb closed
2024-10-19 18:07:29.843 [info] /home/yoshee/hse/machine_learning/sem_7_classwork.ipynb closed
2024-10-19 18:07:29.843 [info] /home/yoshee/hse/machine_learning/sem_7_classwork.ipynb closed
2024-10-19 18:07:29.843 [info] /home/yoshee/hse/machine_learning/sem_7_classwork.ipynb closed
2024-10-19 18:07:29.843 [info] /home/yoshee/hse/machine_learning/sem_7_classwork.ipynb closed
2024-10-19 18:07:29.843 [info] /home/yoshee/hse/machine_learning/sem_7_classwork.ipynb closed
2024-10-19 18:07:29.843 [info] /home/yoshee/hse/machine_learning/sem_7_classwork.ipynb closed
2024-10-19 18:07:29.843 [info] /home/yoshee/hse/machine_learning/sem_7_classwork.ipynb closed
2024-10-19 18:07:29.843 [info] /home/yoshee/hse/machine_learning/sem_7_classwork.ipynb closed
2024-10-19 18:07:29.843 [info] /home/yoshee/hse/machine_learning/sem_7_classwork.ipynb closed
2024-10-19 18:07:29.843 [info] /home/yoshee/hse/machine_learning/sem_7_classwork.ipynb closed
2024-10-19 18:07:29.843 [info] /home/yoshee/hse/machine_learning/sem_7_classwork.ipynb closed
2024-10-19 18:07:29.843 [info] /home/yoshee/hse/machine_learning/sem_7_classwork.ipynb closed
2024-10-19 18:07:29.843 [info] /home/yoshee/hse/machine_learning/sem_7_classwork.ipynb closed
2024-10-19 18:07:29.843 [info] /home/yoshee/hse/machine_learning/sem_7_classwork.ipynb closed
2024-10-19 18:07:29.843 [info] /home/yoshee/hse/machine_learning/sem_7_classwork.ipynb closed
2024-10-19 18:07:29.843 [info] /home/yoshee/hse/machine_learning/sem_7_classwork.ipynb closed
2024-10-19 18:07:29.843 [info] /home/yoshee/hse/machine_learning/sem_7_classwork.ipynb closed
2024-10-19 18:07:29.843 [info] /home/yoshee/hse/machine_learning/sem_7_classwork.ipynb closed
2024-10-19 18:07:29.843 [info] /home/yoshee/hse/machine_learning/sem_7_classwork.ipynb closed
2024-10-19 18:07:29.843 [info] /home/yoshee/hse/machine_learning/sem_7_classwork.ipynb closed
