2024-11-15 00:21:43.232 [info] Extension host with pid 145327 started
2024-11-15 00:21:43.232 [info] Skipping acquiring lock for /home/yoshee/.config/Code/User/workspaceStorage/f2ceb673b467b46428caa7eebeb5a2ab.
2024-11-15 00:21:43.443 [info] ExtensionService#_doActivateExtension vscode.emmet, startup: false, activationEvent: 'onLanguage'
2024-11-15 00:21:43.447 [info] ExtensionService#_doActivateExtension vscode.extension-editing, startup: false, activationEvent: 'onLanguage:markdown'
2024-11-15 00:21:43.451 [info] ExtensionService#_doActivateExtension vscode.markdown-language-features, startup: false, activationEvent: 'onLanguage:markdown'
2024-11-15 00:21:43.762 [info] ExtensionService#_doActivateExtension vscode.git-base, startup: true, activationEvent: '*', root cause: vscode.git
2024-11-15 00:21:43.764 [info] ExtensionService#_doActivateExtension albert.TabOut, startup: true, activationEvent: '*'
2024-11-15 00:21:43.766 [info] ExtensionService#_doActivateExtension christian-kohler.path-intellisense, startup: true, activationEvent: '*'
2024-11-15 00:21:43.775 [info] ExtensionService#_doActivateExtension formulahendry.auto-close-tag, startup: true, activationEvent: '*'
2024-11-15 00:21:43.776 [info] ExtensionService#_doActivateExtension formulahendry.auto-rename-tag, startup: true, activationEvent: '*'
2024-11-15 00:21:43.784 [info] ExtensionService#_doActivateExtension JonathanHarty.gruvbox-material-icon-theme, startup: true, activationEvent: '*'
2024-11-15 00:21:43.794 [info] ExtensionService#_doActivateExtension kamikillerto.vscode-colorize, startup: true, activationEvent: '*'
2024-11-15 00:21:43.815 [info] ExtensionService#_doActivateExtension vscode.markdown-math, startup: false, activationEvent: 'api', root cause: vscode.markdown-language-features
2024-11-15 00:21:43.865 [info] ExtensionService#_doActivateExtension vscode.git, startup: true, activationEvent: '*'
2024-11-15 00:21:43.891 [info] ExtensionService#_doActivateExtension vscode.github, startup: true, activationEvent: '*'
2024-11-15 00:21:44.055 [info] Eager extensions activated
2024-11-15 00:21:44.089 [info] ExtensionService#_doActivateExtension vscode.debug-auto-launch, startup: false, activationEvent: 'onStartupFinished'
2024-11-15 00:21:44.091 [info] ExtensionService#_doActivateExtension vscode.merge-conflict, startup: false, activationEvent: 'onStartupFinished'
2024-11-15 00:21:44.097 [info] ExtensionService#_doActivateExtension Catppuccin.catppuccin-vsc, startup: false, activationEvent: 'onStartupFinished'
2024-11-15 00:21:44.099 [info] ExtensionService#_doActivateExtension ecmel.vscode-html-css, startup: false, activationEvent: 'onStartupFinished'
2024-11-15 00:21:44.101 [info] ExtensionService#_doActivateExtension esbenp.prettier-vscode, startup: false, activationEvent: 'onStartupFinished'
2024-11-15 00:21:44.129 [info] ExtensionService#_doActivateExtension formulahendry.code-runner, startup: false, activationEvent: 'onStartupFinished'
2024-11-15 00:21:44.148 [info] ExtensionService#_doActivateExtension HenryTsz.nvim, startup: false, activationEvent: 'onStartupFinished'
2024-11-15 00:21:44.214 [info] ExtensionService#_doActivateExtension jgclark.vscode-todo-highlight, startup: false, activationEvent: 'onStartupFinished'
2024-11-15 00:21:44.216 [info] ExtensionService#_doActivateExtension monokai.theme-monokai-pro-vscode, startup: false, activationEvent: 'onStartupFinished'
2024-11-15 00:21:44.218 [info] ExtensionService#_doActivateExtension ms-vscode-remote.remote-wsl, startup: false, activationEvent: 'onStartupFinished'
2024-11-15 00:21:44.328 [info] ExtensionService#_doActivateExtension PKief.material-icon-theme, startup: false, activationEvent: 'onStartupFinished'
2024-11-15 00:21:44.346 [error] Activating extension PKief.material-icon-theme failed due to an error:
2024-11-15 00:21:44.346 [error] Error: command 'material-icon-theme.activateIcons' already exists
    at h.registerCommand (/usr/share/code/resources/app/out/vs/workbench/api/node/extensionHostProcess.js:161:209160)
    at Object.registerCommand (/usr/share/code/resources/app/out/vs/workbench/api/node/extensionHostProcess.js:171:29886)
    at /home/yoshee/.vscode/extensions/pkief.material-icon-theme-5.14.1/dist/extension/desktop/extension.cjs:1:182401
    at Array.map (<anonymous>)
    at Object.<anonymous> (/home/yoshee/.vscode/extensions/pkief.material-icon-theme-5.14.1/dist/extension/desktop/extension.cjs:1:182356)
    at Module.c._compile (/usr/share/code/resources/app/out/bootstrap-fork.js:2:1257)
    at Object.Module._extensions..js (node:internal/modules/cjs/loader:1432:10)
    at Module.load (node:internal/modules/cjs/loader:1215:32)
    at Module._load (node:internal/modules/cjs/loader:1031:12)
    at Function.c._load (node:electron/js2c/node_init:2:13801)
    at Function.y._load (/usr/share/code/resources/app/out/vs/workbench/api/node/extensionHostProcess.js:184:6031)
    at Function.i._load (/usr/share/code/resources/app/out/vs/workbench/api/node/extensionHostProcess.js:181:32144)
    at Function.n._load (/usr/share/code/resources/app/out/vs/workbench/api/node/extensionHostProcess.js:146:34326)
    at Module.require (node:internal/modules/cjs/loader:1240:19)
    at require (node:internal/modules/helpers:179:18)
    at i (/usr/share/code/resources/app/out/bootstrap-fork.js:3:98)
    at m.xb (/usr/share/code/resources/app/out/vs/workbench/api/node/extensionHostProcess.js:181:33345)
    at async Promise.all (index 0)
2024-11-15 00:21:44.796 [info] ExtensionService#_doActivateExtension vscode.microsoft-authentication, startup: false, activationEvent: 'onAuthenticationRequest:microsoft'
