2024-10-22 09:44:09.304 [info] Extension host with pid 9460 started
2024-10-22 09:44:09.304 [info] Skipping acquiring lock for /home/yoshee/.config/Code/User/workspaceStorage/f2ceb673b467b46428caa7eebeb5a2ab.
2024-10-22 09:44:09.478 [info] ExtensionService#_doActivateExtension vscode.ipynb, startup: false, activationEvent: 'onNotebookSerializer:jupyter-notebook'
2024-10-22 09:44:09.509 [info] ExtensionService#_doActivateExtension vscode.git-base, startup: true, activationEvent: '*', root cause: vscode.git
2024-10-22 09:44:09.511 [info] ExtensionService#_doActivateExtension albert.TabOut, startup: true, activationEvent: '*'
2024-10-22 09:44:09.515 [info] ExtensionService#_doActivateExtension christian-kohler.path-intellisense, startup: true, activationEvent: '*'
2024-10-22 09:44:09.536 [info] ExtensionService#_doActivateExtension formulahendry.auto-close-tag, startup: true, activationEvent: '*'
2024-10-22 09:44:09.539 [info] ExtensionService#_doActivateExtension formulahendry.auto-rename-tag, startup: true, activationEvent: '*'
2024-10-22 09:44:09.548 [info] ExtensionService#_doActivateExtension JonathanHarty.gruvbox-material-icon-theme, startup: true, activationEvent: '*'
2024-10-22 09:44:09.559 [info] ExtensionService#_doActivateExtension kamikillerto.vscode-colorize, startup: true, activationEvent: '*'
2024-10-22 09:44:09.619 [info] ExtensionService#_doActivateExtension vscode.git, startup: true, activationEvent: '*'
2024-10-22 09:44:09.643 [info] ExtensionService#_doActivateExtension vscode.github, startup: true, activationEvent: '*'
2024-10-22 09:44:09.773 [info] Eager extensions activated
2024-10-22 09:44:09.793 [info] ExtensionService#_doActivateExtension ms-toolsai.jupyter, startup: false, activationEvent: 'onNotebook:jupyter-notebook', root cause: ms-dotnettools.dotnet-interactive-vscode
2024-10-22 09:44:09.797 [info] ExtensionService#_doActivateExtension ms-toolsai.vscode-jupyter-cell-tags, startup: false, activationEvent: 'onNotebook:jupyter-notebook'
2024-10-22 09:44:09.800 [info] ExtensionService#_doActivateExtension ms-toolsai.vscode-jupyter-slideshow, startup: false, activationEvent: 'onNotebook:jupyter-notebook'
2024-10-22 09:44:09.804 [info] ExtensionService#_doActivateExtension vscode.debug-auto-launch, startup: false, activationEvent: 'onStartupFinished'
2024-10-22 09:44:09.806 [info] ExtensionService#_doActivateExtension vscode.merge-conflict, startup: false, activationEvent: 'onStartupFinished'
2024-10-22 09:44:09.813 [info] ExtensionService#_doActivateExtension Catppuccin.catppuccin-vsc, startup: false, activationEvent: 'onStartupFinished'
2024-10-22 09:44:09.815 [info] ExtensionService#_doActivateExtension ecmel.vscode-html-css, startup: false, activationEvent: 'onStartupFinished'
2024-10-22 09:44:09.817 [info] ExtensionService#_doActivateExtension esbenp.prettier-vscode, startup: false, activationEvent: 'onStartupFinished'
2024-10-22 09:44:09.855 [info] ExtensionService#_doActivateExtension formulahendry.code-runner, startup: false, activationEvent: 'onStartupFinished'
2024-10-22 09:44:09.888 [info] ExtensionService#_doActivateExtension HenryTsz.nvim, startup: false, activationEvent: 'onStartupFinished'
2024-10-22 09:44:09.935 [info] ExtensionService#_doActivateExtension jgclark.vscode-todo-highlight, startup: false, activationEvent: 'onStartupFinished'
2024-10-22 09:44:09.937 [info] ExtensionService#_doActivateExtension monokai.theme-monokai-pro-vscode, startup: false, activationEvent: 'onStartupFinished'
2024-10-22 09:44:09.943 [info] ExtensionService#_doActivateExtension ms-vscode-remote.remote-wsl, startup: false, activationEvent: 'onStartupFinished'
2024-10-22 09:44:10.048 [info] ExtensionService#_doActivateExtension PKief.material-icon-theme, startup: false, activationEvent: 'onStartupFinished'
2024-10-22 09:44:10.078 [error] Activating extension PKief.material-icon-theme failed due to an error:
2024-10-22 09:44:10.078 [error] Error: command 'material-icon-theme.activateIcons' already exists
    at h.registerCommand (/usr/share/code/resources/app/out/vs/workbench/api/node/extensionHostProcess.js:161:209160)
    at Object.registerCommand (/usr/share/code/resources/app/out/vs/workbench/api/node/extensionHostProcess.js:171:29886)
    at /home/yoshee/.vscode/extensions/pkief.material-icon-theme-5.11.1/dist/extension/desktop/extension.cjs:1:180856
    at Array.map (<anonymous>)
    at Object.<anonymous> (/home/yoshee/.vscode/extensions/pkief.material-icon-theme-5.11.1/dist/extension/desktop/extension.cjs:1:180811)
    at Module.c._compile (/usr/share/code/resources/app/out/bootstrap-fork.js:2:1257)
    at Object.Module._extensions..js (node:internal/modules/cjs/loader:1432:10)
    at Module.load (node:internal/modules/cjs/loader:1215:32)
    at Module._load (node:internal/modules/cjs/loader:1031:12)
    at Function.c._load (node:electron/js2c/node_init:2:13801)
    at Function.y._load (/usr/share/code/resources/app/out/vs/workbench/api/node/extensionHostProcess.js:184:6031)
    at Function.i._load (/usr/share/code/resources/app/out/vs/workbench/api/node/extensionHostProcess.js:181:32144)
    at Function.n._load (/usr/share/code/resources/app/out/vs/workbench/api/node/extensionHostProcess.js:146:34326)
    at Module.require (node:internal/modules/cjs/loader:1240:19)
    at require (node:internal/modules/helpers:179:18)
    at i (/usr/share/code/resources/app/out/bootstrap-fork.js:3:98)
    at m.xb (/usr/share/code/resources/app/out/vs/workbench/api/node/extensionHostProcess.js:181:33345)
    at async Promise.all (index 0)
2024-10-22 09:44:10.598 [info] ExtensionService#_doActivateExtension ms-python.python, startup: false, activationEvent: 'api', root cause: ms-toolsai.jupyter
2024-10-22 09:44:10.664 [info] ExtensionService#_doActivateExtension ms-toolsai.jupyter-renderers, startup: false, activationEvent: 'api', root cause: ms-toolsai.jupyter
2024-10-22 09:44:10.677 [info] ExtensionService#_doActivateExtension ms-dotnettools.dotnet-interactive-vscode, startup: false, activationEvent: 'onNotebook:jupyter-notebook'
2024-10-22 09:44:10.884 [info] ExtensionService#_doActivateExtension ms-toolsai.vscode-jupyter-powertoys, startup: false, activationEvent: 'onNotebook:jupyter-notebook'
2024-10-22 09:44:10.894 [info] ExtensionService#_doActivateExtension VisualStudioExptTeam.intellicode-api-usage-examples, startup: false, activationEvent: 'onLanguage:python'
2024-10-22 09:44:10.939 [info] ExtensionService#_doActivateExtension vscode.emmet, startup: false, activationEvent: 'onLanguage'
2024-10-22 09:44:11.107 [info] ExtensionService#_doActivateExtension vscode.microsoft-authentication, startup: false, activationEvent: 'onAuthenticationRequest:microsoft'
2024-10-22 09:44:11.129 [info] ExtensionService#_doActivateExtension vscode.markdown-language-features, startup: false, activationEvent: 'onCommand:markdown.showPreview'
2024-10-22 09:44:11.294 [info] ExtensionService#_doActivateExtension ms-python.debugpy, startup: false, activationEvent: 'onLanguage:python'
2024-10-22 09:44:11.311 [info] ExtensionService#_doActivateExtension ms-python.vscode-pylance, startup: false, activationEvent: 'onLanguage:python'
2024-10-22 09:44:11.568 [error] Activating extension ms-dotnettools.dotnet-interactive-vscode failed due to an error:
2024-10-22 09:44:11.568 [error] Error: Error activating extension, see the displayed help page for more details.
    at HelpService.<anonymous> (/home/yoshee/.vscode/extensions/ms-dotnettools.dotnet-interactive-vscode-1.0.5229040/out/src/vscode-common/helpService.js:27:19)
    at Generator.next (<anonymous>)
    at fulfilled (/home/yoshee/.vscode/extensions/ms-dotnettools.dotnet-interactive-vscode-1.0.5229040/out/src/vscode-common/helpService.js:7:58)
2024-10-22 09:44:11.657 [info] ExtensionService#_doActivateExtension vscode.extension-editing, startup: false, activationEvent: 'onLanguage:markdown'
2024-10-22 09:44:11.673 [info] ExtensionService#_doActivateExtension vscode.markdown-math, startup: false, activationEvent: 'api', root cause: vscode.markdown-language-features
2024-10-22 09:47:30.859 [info] ExtensionService#_doActivateExtension vscode.simple-browser, startup: false, activationEvent: 'onOpenExternalUri:https'
