2024-09-23T17:42:34.481Z 0: 

----------------------------------------------
2024-09-23T17:42:34.487Z 1: Discord starting: {"releaseChannel":"stable","version":"0.0.68"}, modulepath: /home/yoshee/.config/discord/0.0.68/modules
2024-09-23T17:42:34.488Z 2: ✅ webContents.created web1 "index.html"
2024-09-23T17:42:34.489Z 3: ✅ window.created win1 "discord"
2024-09-23T17:42:34.658Z 4: ✅ webContents.did-finish-load web1
2024-09-23T17:42:40.079Z 5: ✅ webContents.created web2 ""
2024-09-23T17:42:40.088Z 6: ✅ window.created win2 "Discord"
2024-09-23T17:42:42.002Z 7: ✅ webContents.did-finish-load web2
2024-09-23T17:42:42.101Z 8: window.close win1
2024-09-23T17:42:42.545Z 9: webContents.destroyed web1
2024-09-23T17:42:42.549Z 10: window.closed win1
2024-09-23T17:46:59.254Z 11: window.close win2
2024-09-23T18:28:08.359Z 12: window.close win2
2024-09-23T18:41:14.282Z 13: before-quit
2024-09-25T17:31:42.944Z 0: 

----------------------------------------------
2024-09-25T17:31:42.954Z 1: Discord starting: {"releaseChannel":"stable","version":"0.0.68"}, modulepath: /home/yoshee/.config/discord/0.0.68/modules
2024-09-25T17:31:42.958Z 2: ✅ webContents.created web1 ""
2024-09-25T17:31:42.959Z 3: ✅ window.created win1 "discord"
2024-09-25T17:31:43.181Z 4: ✅ webContents.did-finish-load web1
2024-09-25T17:31:43.386Z 5: ✅ webContents.created web2 ""
2024-09-25T17:31:43.390Z 6: ✅ window.created win2 "Discord"
2024-09-25T17:31:46.207Z 7: ✅ webContents.did-finish-load web2
2024-09-25T17:31:46.306Z 8: window.close win1
2024-09-25T17:31:46.312Z 9: webContents.destroyed web1
2024-09-25T17:31:46.313Z 10: window.closed win1
2024-09-25T17:43:42.149Z 11: before-quit
2024-09-25T17:43:42.154Z 12: window.close win2
2024-09-25T17:44:32.245Z 0: 

----------------------------------------------
2024-09-25T17:44:32.255Z 1: Discord starting: {"releaseChannel":"stable","version":"0.0.68"}, modulepath: /home/yoshee/.config/discord/0.0.68/modules
2024-09-25T17:44:32.259Z 2: ✅ webContents.created web1 ""
2024-09-25T17:44:32.260Z 3: ✅ window.created win1 "discord"
2024-09-25T17:44:32.498Z 4: ✅ webContents.did-finish-load web1
2024-09-25T17:44:32.773Z 5: ✅ webContents.created web2 ""
2024-09-25T17:44:32.781Z 6: ✅ window.created win2 "Discord"
2024-09-25T17:44:37.274Z 7: ✅ webContents.did-finish-load web2
2024-09-25T17:44:37.372Z 8: window.close win1
2024-09-25T17:44:37.401Z 9: webContents.destroyed web1
2024-09-25T17:44:37.403Z 10: window.closed win1
2024-09-25T17:51:15.445Z 11: window.close win2
2024-09-25T17:51:18.285Z 12: before-quit
2024-09-25T17:51:18.291Z 13: window.close win2
2024-09-25T17:51:18.344Z 14: webContents.destroyed web2
2024-09-25T17:51:22.545Z 0: 

----------------------------------------------
2024-09-25T17:51:22.555Z 1: Discord starting: {"releaseChannel":"stable","version":"0.0.68"}, modulepath: /home/yoshee/.config/discord/0.0.68/modules
2024-09-25T17:51:22.556Z 2: ✅ webContents.created web1 ""
2024-09-25T17:51:22.557Z 3: ✅ window.created win1 "discord"
2024-09-25T17:51:22.731Z 4: ✅ webContents.did-finish-load web1
2024-09-25T17:51:22.914Z 5: ✅ webContents.created web2 ""
2024-09-25T17:51:22.916Z 6: ✅ window.created win2 "Discord"
2024-09-25T17:51:25.236Z 7: ❌ webContents.did-fail-load web2" -3 
2024-09-25T17:51:26.154Z 8: ✅ webContents.did-finish-load web2
2024-09-25T17:51:26.254Z 9: window.close win1
2024-09-25T17:51:26.264Z 10: webContents.destroyed web1
2024-09-25T17:51:26.265Z 11: window.closed win1
2024-09-25T19:05:12.162Z 12: before-quit
