2024-11-14 23:36:50.448 [info] [main] Log level: Info
2024-11-14 23:36:50.448 [info] [main] Validating found git in: "git"
2024-11-14 23:36:50.448 [info] [main] Using git "2.47.0" from "git"
2024-11-14 23:36:50.448 [info] [Model][doInitialScan] Initial repository scan started
2024-11-14 23:36:50.448 [info] > git rev-parse --show-toplevel [9ms]
2024-11-14 23:36:50.448 [info] fatal: not a git repository (or any parent up to mount point /)
Stopping at filesystem boundary (GIT_DISCOVERY_ACROSS_FILESYSTEM not set).
2024-11-14 23:36:50.448 [info] [Model][doInitialScan] Initial repository scan completed - repositories (0), closed repositories (0), parent repositories (0), unsafe repositories (0)
2024-11-14 23:36:51.412 [info] > git rev-parse --show-toplevel [170ms]
2024-11-14 23:36:51.412 [info] fatal: not a git repository (or any parent up to mount point /)
Stopping at filesystem boundary (GIT_DISCOVERY_ACROSS_FILESYSTEM not set).
2024-11-14 23:36:51.595 [info] > git rev-parse --show-toplevel [71ms]
2024-11-14 23:36:51.595 [info] fatal: not a git repository (or any parent up to mount point /)
Stopping at filesystem boundary (GIT_DISCOVERY_ACROSS_FILESYSTEM not set).
2024-11-14 23:36:52.107 [info] > git rev-parse --show-toplevel [30ms]
2024-11-14 23:36:52.107 [info] fatal: not a git repository (or any parent up to mount point /)
Stopping at filesystem boundary (GIT_DISCOVERY_ACROSS_FILESYSTEM not set).
2024-11-14 23:36:52.209 [info] > git rev-parse --show-toplevel [4ms]
2024-11-14 23:36:52.209 [info] fatal: not a git repository (or any parent up to mount point /)
Stopping at filesystem boundary (GIT_DISCOVERY_ACROSS_FILESYSTEM not set).
2024-11-14 23:36:53.345 [info] > git rev-parse --show-toplevel [26ms]
2024-11-14 23:36:53.345 [info] fatal: not a git repository (or any parent up to mount point /)
Stopping at filesystem boundary (GIT_DISCOVERY_ACROSS_FILESYSTEM not set).
2024-11-14 23:37:13.836 [info] > git rev-parse --show-toplevel [3ms]
2024-11-14 23:40:53.512 [info] > git rev-parse --show-toplevel [2ms]
2024-11-14 23:40:59.981 [info] > git rev-parse --show-toplevel [1ms]
