2024-11-11 22:30:33.478 [info] (Client) Pylance async client (2024.11.1) started with python extension (2024.14.1)
2024-11-11 22:30:33.940 [info] [Info  - 22:30:33] (4403) Server root directory: file:///home/yoshee/.vscode/extensions/ms-python.vscode-pylance-2024.11.1/dist
2024-11-11 22:30:33.941 [info] [Info  - 22:30:33] (4403) Pylance language server 2024.11.1 (pyright version 1.1.386, commit 4180fa21) starting
2024-11-11 22:30:33.945 [info] [Info  - 22:30:33] (4403) Starting service instance "machine_learning"
2024-11-11 22:30:33.998 [info] [Info  - 22:30:33] (4403) Setting environmentName for service "machine_learning": "3.12.7 (global)"
2024-11-11 22:30:33.998 [info] [Info  - 22:30:33] (4403) Setting pythonPath for service "machine_learning": "/bin/python"
2024-11-11 22:30:33.998 [info] [Info  - 22:30:33] (4403) No include entries specified; assuming /home/yoshee/hse/machine_learning
2024-11-11 22:30:33.999 [info] [Info  - 22:30:33] (4403) Auto-excluding **/node_modules
2024-11-11 22:30:33.999 [info] [Info  - 22:30:33] (4403) Auto-excluding **/__pycache__
2024-11-11 22:30:33.999 [info] [Info  - 22:30:33] (4403) Auto-excluding **/.*
2024-11-11 22:30:34.025 [info] [Info  - 22:30:34] (4403) Assuming Python version 3.12.7.final.0
2024-11-11 22:30:34.095 [info] [Info  - 22:30:34] (4403) Found 1 source file
2024-11-11 22:30:34.124 [info] [Info  - 22:30:34] (4403) Starting service instance "machine_learning"
2024-11-11 22:30:34.150 [info] [Info  - 22:30:34] (4403) Setting environmentName for service "machine_learning": "3.12.7 (global)"
2024-11-11 22:30:34.150 [info] [Info  - 22:30:34] (4403) Setting pythonPath for service "machine_learning": "/bin/python3"
2024-11-11 22:30:34.150 [info] [Info  - 22:30:34] (4403) No include entries specified; assuming /home/yoshee/hse/machine_learning
2024-11-11 22:30:34.150 [info] [Info  - 22:30:34] (4403) Auto-excluding **/node_modules
2024-11-11 22:30:34.150 [info] [Info  - 22:30:34] (4403) Auto-excluding **/__pycache__
2024-11-11 22:30:34.151 [info] [Info  - 22:30:34] (4403) Auto-excluding **/.*
2024-11-11 22:30:34.174 [info] [Info  - 22:30:34] (4403) Assuming Python version 3.12.7.final.0
2024-11-11 22:30:34.211 [info] [Info  - 22:30:34] (4403) Found 1 source file
2024-11-11 22:30:34.538 [info] [Info  - 22:30:34] (4403) Background analysis(1) root directory: file:///home/yoshee/.vscode/extensions/ms-python.vscode-pylance-2024.11.1/dist
2024-11-11 22:30:34.542 [info] [Info  - 22:30:34] (4403) Background analysis(1) started
2024-11-11 22:30:34.709 [info] [Info  - 22:30:34] (4403) Background analysis(2) root directory: file:///home/yoshee/.vscode/extensions/ms-python.vscode-pylance-2024.11.1/dist
2024-11-11 22:30:34.711 [info] [Info  - 22:30:34] (4403) Background analysis(2) started
2024-11-11 22:30:34.749 [info] [Info  - 22:30:34] (4403) Indexer background runner(3) root directory: file:///home/yoshee/.vscode/extensions/ms-python.vscode-pylance-2024.11.1/dist (index)
2024-11-11 22:30:34.750 [info] [Info  - 22:30:34] (4403) Indexing(3) started
2024-11-11 22:30:35.227 [info] [Info  - 22:30:35] (4403) scanned(3) 252 files over 1 exec env
2024-11-11 22:30:35.463 [info] [Info  - 22:30:35] (4403) indexed(3) 252 files over 1 exec env
2024-11-11 22:30:35.534 [info] [Info  - 22:30:35] (4403) Indexing finished(3).
2024-11-11 22:44:45.180 [info] [Info  - 22:44:45] (4403) Starting service instance "<default>"
2024-11-11 22:44:45.215 [info] [Info  - 22:44:45] (4403) Setting environmentName for service "<default>": "3.12.7 (global)"
2024-11-11 22:44:45.215 [info] [Info  - 22:44:45] (4403) Setting pythonPath for service "<default>": "/bin/python"
2024-11-11 22:44:45.215 [info] [Info  - 22:44:45] (4403) No include entries specified; assuming /<default workspace root>
2024-11-11 22:44:45.215 [info] [Info  - 22:44:45] (4403) Auto-excluding **/node_modules
2024-11-11 22:44:45.215 [info] [Info  - 22:44:45] (4403) Auto-excluding **/__pycache__
2024-11-11 22:44:45.215 [info] [Info  - 22:44:45] (4403) Auto-excluding **/.*
2024-11-11 22:44:45.242 [info] [Info  - 22:44:45] (4403) Assuming Python version 3.12.7.final.0
2024-11-11 22:44:45.285 [info] [Error - 22:44:45] (4403) File or directory "/<default workspace root>" does not exist.
2024-11-11 22:44:45.285 [info] [Info  - 22:44:45] (4403) No source files found.
2024-11-11 22:44:45.654 [info] [Info  - 22:44:45] (4403) Background analysis(4) root directory: file:///home/yoshee/.vscode/extensions/ms-python.vscode-pylance-2024.11.1/dist
2024-11-11 22:44:45.655 [info] [Info  - 22:44:45] (4403) Background analysis(4) started
2024-11-11 22:48:19.152 [info] [Info  - 22:48:19] (4403) Starting service instance "machine_learning"
2024-11-11 22:48:19.184 [info] [Info  - 22:48:19] (4403) Setting environmentName for service "machine_learning": "3.12.7 (global)"
2024-11-11 22:48:19.185 [info] [Info  - 22:48:19] (4403) Setting pythonPath for service "machine_learning": "/home/yoshee/.vscode/extensions/ms-python.vscode-pylance-2024.11.1/dist"
2024-11-11 22:48:19.185 [info] [Info  - 22:48:19] (4403) No include entries specified; assuming /home/yoshee/hse/machine_learning
2024-11-11 22:48:19.186 [info] [Info  - 22:48:19] (4403) Auto-excluding **/node_modules
2024-11-11 22:48:19.186 [info] [Info  - 22:48:19] (4403) Auto-excluding **/__pycache__
2024-11-11 22:48:19.187 [info] [Info  - 22:48:19] (4403) Auto-excluding **/.*
2024-11-11 22:48:19.224 [info] [Info  - 22:48:19] (4403) Found 1 source file
2024-11-11 22:48:19.828 [info] [Info  - 22:48:19] (4403) Background analysis(5) root directory: file:///home/yoshee/.vscode/extensions/ms-python.vscode-pylance-2024.11.1/dist
2024-11-11 22:48:19.828 [info] [Info  - 22:48:19] (4403) Background analysis(5) started
2024-11-11 22:48:19.828 [info] [Info  - 22:48:19] (4403) Indexer background runner(6) root directory: file:///home/yoshee/.vscode/extensions/ms-python.vscode-pylance-2024.11.1/dist (index)
2024-11-11 22:48:19.828 [info] [Info  - 22:48:19] (4403) Indexing(6) started
2024-11-11 22:48:19.967 [info] [Info  - 22:48:19] (4403) scanned(6) 1 files over 1 exec env
2024-11-11 22:48:20.104 [info] [Info  - 22:48:20] (4403) indexed(6) 1 files over 1 exec env
2024-11-11 22:48:20.115 [info] [Info  - 22:48:20] (4403) Indexing finished(6).
2024-11-11 22:49:05.728 [info] [Info  - 22:49:05] (4403) Starting service instance "machine_learning"
2024-11-11 22:49:05.784 [info] [Info  - 22:49:05] (4403) Setting environmentName for service "machine_learning": "3.12.7 (global)"
2024-11-11 22:49:05.784 [info] [Info  - 22:49:05] (4403) Setting pythonPath for service "machine_learning": "/home/yoshee/hse/machine_learning"
2024-11-11 22:49:05.784 [info] [Info  - 22:49:05] (4403) No include entries specified; assuming /home/yoshee/hse/machine_learning
2024-11-11 22:49:05.784 [info] [Info  - 22:49:05] (4403) Auto-excluding **/node_modules
2024-11-11 22:49:05.784 [info] [Info  - 22:49:05] (4403) Auto-excluding **/__pycache__
2024-11-11 22:49:05.784 [info] [Info  - 22:49:05] (4403) Auto-excluding **/.*
2024-11-11 22:49:05.818 [info] [Info  - 22:49:05] (4403) Found 1 source file
2024-11-11 22:49:06.194 [info] [Info  - 22:49:06] (4403) Starting service instance "machine_learning"
2024-11-11 22:49:06.246 [info] [Info  - 22:49:06] (4403) Setting environmentName for service "machine_learning": "3.12.7 (global)"
2024-11-11 22:49:06.246 [info] [Info  - 22:49:06] (4403) Setting pythonPath for service "machine_learning": "/bin/python3"
2024-11-11 22:49:06.246 [info] [Info  - 22:49:06] (4403) No include entries specified; assuming /home/yoshee/hse/machine_learning
2024-11-11 22:49:06.247 [info] [Info  - 22:49:06] (4403) Auto-excluding **/node_modules
2024-11-11 22:49:06.247 [info] [Info  - 22:49:06] (4403) Auto-excluding **/__pycache__
2024-11-11 22:49:06.247 [info] [Info  - 22:49:06] (4403) Auto-excluding **/.*
2024-11-11 22:49:06.294 [info] [Info  - 22:49:06] (4403) Assuming Python version 3.12.7.final.0
2024-11-11 22:49:06.350 [info] [Info  - 22:49:06] (4403) Found 1 source file
2024-11-11 22:49:06.355 [info] [Info  - 22:49:06] (4403) Background analysis(7) root directory: file:///home/yoshee/.vscode/extensions/ms-python.vscode-pylance-2024.11.1/dist
2024-11-11 22:49:06.355 [info] [Info  - 22:49:06] (4403) Background analysis(7) started
2024-11-11 22:49:06.380 [info] [Info  - 22:49:06] (4403) Indexer background runner(8) root directory: file:///home/yoshee/.vscode/extensions/ms-python.vscode-pylance-2024.11.1/dist (index)
2024-11-11 22:49:06.381 [info] [Info  - 22:49:06] (4403) Indexing(8) started
2024-11-11 22:49:06.684 [info] [Info  - 22:49:06] (4403) scanned(8) 252 files over 1 exec env
2024-11-11 22:49:06.906 [info] [Info  - 22:49:06] (4403) Background analysis(9) root directory: file:///home/yoshee/.vscode/extensions/ms-python.vscode-pylance-2024.11.1/dist
2024-11-11 22:49:06.906 [info] [Info  - 22:49:06] (4403) Background analysis(9) started
2024-11-11 22:49:06.937 [info] [Info  - 22:49:06] (4403) indexed(8) 252 files over 1 exec env
2024-11-11 22:49:06.989 [info] [Info  - 22:49:06] (4403) Indexing finished(8).
2024-11-11 22:50:48.447 [info] [Info  - 22:50:48] (4403) Starting service instance "machine_learning"
2024-11-11 22:50:48.494 [info] [Info  - 22:50:48] (4403) Setting environmentName for service "machine_learning": "3.12.7 (global)"
2024-11-11 22:50:48.494 [info] [Info  - 22:50:48] (4403) Setting pythonPath for service "machine_learning": "/bin/python3"
2024-11-11 22:50:48.495 [info] [Info  - 22:50:48] (4403) No include entries specified; assuming /home/yoshee/hse/machine_learning
2024-11-11 22:50:48.495 [info] [Info  - 22:50:48] (4403) Auto-excluding **/node_modules
2024-11-11 22:50:48.495 [info] [Info  - 22:50:48] (4403) Auto-excluding **/__pycache__
2024-11-11 22:50:48.495 [info] [Info  - 22:50:48] (4403) Auto-excluding **/.*
2024-11-11 22:50:48.523 [info] [Info  - 22:50:48] (4403) Assuming Python version 3.12.7.final.0
2024-11-11 22:50:48.566 [info] [Info  - 22:50:48] (4403) Found 1 source file
2024-11-11 22:50:48.579 [info] [Info  - 22:50:48] (4403) Starting service instance "machine_learning"
2024-11-11 22:50:48.612 [info] [Info  - 22:50:48] (4403) Setting environmentName for service "machine_learning": "3.12.7 (global)"
2024-11-11 22:50:48.612 [info] [Info  - 22:50:48] (4403) Setting pythonPath for service "machine_learning": "/bin/python3"
2024-11-11 22:50:48.612 [info] [Info  - 22:50:48] (4403) No include entries specified; assuming /home/yoshee/hse/machine_learning
2024-11-11 22:50:48.612 [info] [Info  - 22:50:48] (4403) Auto-excluding **/node_modules
2024-11-11 22:50:48.612 [info] [Info  - 22:50:48] (4403) Auto-excluding **/__pycache__
2024-11-11 22:50:48.613 [info] [Info  - 22:50:48] (4403) Auto-excluding **/.*
2024-11-11 22:50:48.640 [info] [Info  - 22:50:48] (4403) Assuming Python version 3.12.7.final.0
2024-11-11 22:50:48.678 [info] [Info  - 22:50:48] (4403) Found 1 source file
2024-11-11 22:50:49.047 [info] [Info  - 22:50:49] (4403) Background analysis(11) root directory: file:///home/yoshee/.vscode/extensions/ms-python.vscode-pylance-2024.11.1/dist
2024-11-11 22:50:49.049 [info] [Info  - 22:50:49] (4403) Background analysis(11) started
2024-11-11 22:56:43.082 [info] [Info  - 22:56:43] (4403) Indexer background runner(12) root directory: file:///home/yoshee/.vscode/extensions/ms-python.vscode-pylance-2024.11.1/dist (index)
2024-11-11 22:56:43.082 [info] [Info  - 22:56:43] (4403) Indexing(12) started
2024-11-11 22:56:43.274 [info] [Info  - 22:56:43] (4403) scanned(12) 252 files over 1 exec env
2024-11-11 22:56:43.410 [info] [Info  - 22:56:43] (4403) indexed(12) 252 files over 1 exec env
2024-11-11 22:56:43.458 [info] [Info  - 22:56:43] (4403) Indexing finished(12).
