2024-11-05 11:50:20.817 [info] (Client) Pylance async client (2024.11.1) started with python extension (2024.14.1)
2024-11-05 11:50:21.341 [info] [Info  - 11:50:21] (9490) Server root directory: file:///home/yoshee/.vscode/extensions/ms-python.vscode-pylance-2024.11.1/dist
2024-11-05 11:50:21.350 [info] [Info  - 11:50:21] (9490) Pylance language server 2024.11.1 (pyright version 1.1.386, commit 4180fa21) starting
2024-11-05 11:50:21.351 [info] [Info  - 11:50:21] (9490) Starting service instance "machine_learning"
2024-11-05 11:50:21.407 [info] [Info  - 11:50:21] (9490) Setting environmentName for service "machine_learning": "3.12.7 (global)"
2024-11-05 11:50:21.407 [info] [Info  - 11:50:21] (9490) Setting pythonPath for service "machine_learning": "/bin/python"
2024-11-05 11:50:21.408 [info] [Info  - 11:50:21] (9490) No include entries specified; assuming /home/yoshee/hse/machine_learning
2024-11-05 11:50:21.409 [info] [Info  - 11:50:21] (9490) Auto-excluding **/node_modules
2024-11-05 11:50:21.409 [info] [Info  - 11:50:21] (9490) Auto-excluding **/__pycache__
2024-11-05 11:50:21.409 [info] [Info  - 11:50:21] (9490) Auto-excluding **/.*
2024-11-05 11:50:21.437 [info] [Info  - 11:50:21] (9490) Assuming Python version 3.12.7.final.0
2024-11-05 11:50:21.496 [info] [Info  - 11:50:21] (9490) Found 1 source file
2024-11-05 11:50:21.514 [info] [Info  - 11:50:21] (9490) Starting service instance "machine_learning"
2024-11-05 11:50:21.539 [info] [Info  - 11:50:21] (9490) Setting environmentName for service "machine_learning": "3.12.7 (global)"
2024-11-05 11:50:21.539 [info] [Info  - 11:50:21] (9490) Setting pythonPath for service "machine_learning": "/bin/python3"
2024-11-05 11:50:21.539 [info] [Info  - 11:50:21] (9490) No include entries specified; assuming /home/yoshee/hse/machine_learning
2024-11-05 11:50:21.540 [info] [Info  - 11:50:21] (9490) Auto-excluding **/node_modules
2024-11-05 11:50:21.540 [info] [Info  - 11:50:21] (9490) Auto-excluding **/__pycache__
2024-11-05 11:50:21.540 [info] [Info  - 11:50:21] (9490) Auto-excluding **/.*
2024-11-05 11:50:21.564 [info] [Info  - 11:50:21] (9490) Assuming Python version 3.12.7.final.0
2024-11-05 11:50:21.606 [info] [Info  - 11:50:21] (9490) Found 1 source file
2024-11-05 11:50:21.992 [info] [Info  - 11:50:21] (9490) Background analysis(1) root directory: file:///home/yoshee/.vscode/extensions/ms-python.vscode-pylance-2024.11.1/dist
2024-11-05 11:50:21.994 [info] [Info  - 11:50:21] (9490) Background analysis(1) started
2024-11-05 11:50:22.120 [info] [Info  - 11:50:22] (9490) Background analysis(2) root directory: file:///home/yoshee/.vscode/extensions/ms-python.vscode-pylance-2024.11.1/dist
2024-11-05 11:50:22.187 [info] [Info  - 11:50:22] (9490) Background analysis(2) started
2024-11-05 11:50:22.187 [info] [Info  - 11:50:22] (9490) Indexer background runner(3) root directory: file:///home/yoshee/.vscode/extensions/ms-python.vscode-pylance-2024.11.1/dist (index)
2024-11-05 11:50:22.187 [info] [Info  - 11:50:22] (9490) Indexing(3) started
2024-11-05 11:50:22.231 [info] [Info  - 11:50:22] (9490) Setting environmentName for service "machine_learning": "3.12.7 (global)"
2024-11-05 11:50:22.231 [info] [Info  - 11:50:22] (9490) Setting pythonPath for service "machine_learning": "/bin/python3"
2024-11-05 11:50:22.231 [info] [Info  - 11:50:22] (9490) No include entries specified; assuming /home/yoshee/hse/machine_learning
2024-11-05 11:50:22.231 [info] [Info  - 11:50:22] (9490) Auto-excluding **/node_modules
2024-11-05 11:50:22.231 [info] [Info  - 11:50:22] (9490) Auto-excluding **/__pycache__
2024-11-05 11:50:22.232 [info] [Info  - 11:50:22] (9490) Auto-excluding **/.*
2024-11-05 11:50:22.260 [info] [Info  - 11:50:22] (9490) Assuming Python version 3.12.7.final.0
2024-11-05 11:50:22.308 [info] [Info  - 11:50:22] (9490) Found 15 source files
2024-11-05 11:50:22.330 [info] [Info  - 11:50:22] (9490) Setting environmentName for service "machine_learning": "3.12.7 (global)"
2024-11-05 11:50:22.331 [info] [Info  - 11:50:22] (9490) Setting pythonPath for service "machine_learning": "/bin/python"
2024-11-05 11:50:22.331 [info] [Info  - 11:50:22] (9490) No include entries specified; assuming /home/yoshee/hse/machine_learning
2024-11-05 11:50:22.331 [info] [Info  - 11:50:22] (9490) Auto-excluding **/node_modules
2024-11-05 11:50:22.331 [info] [Info  - 11:50:22] (9490) Auto-excluding **/__pycache__
2024-11-05 11:50:22.331 [info] [Info  - 11:50:22] (9490) Auto-excluding **/.*
2024-11-05 11:50:22.360 [info] [Info  - 11:50:22] (9490) Assuming Python version 3.12.7.final.0
2024-11-05 11:50:22.407 [info] [Info  - 11:50:22] (9490) Found 1 source file
2024-11-05 11:50:22.751 [info] [Info  - 11:50:22] (9490) scanned(3) 252 files over 1 exec env
2024-11-05 11:50:24.757 [info] [Info  - 11:50:24] (9490) indexed(3) 252 files over 1 exec env
2024-11-05 11:50:24.802 [info] [Info  - 11:50:24] (9490) Indexing finished(3).
2024-11-05 11:50:27.212 [info] [Info  - 11:50:27] (9490) Starting service instance "machine_learning"
2024-11-05 11:50:27.286 [info] [Info  - 11:50:27] (9490) Setting environmentName for service "machine_learning": "3.12.7 (global)"
2024-11-05 11:50:27.286 [info] [Info  - 11:50:27] (9490) Setting pythonPath for service "machine_learning": "/bin/python3"
2024-11-05 11:50:27.286 [info] [Info  - 11:50:27] (9490) No include entries specified; assuming /home/yoshee/hse/machine_learning
2024-11-05 11:50:27.286 [info] [Info  - 11:50:27] (9490) Auto-excluding **/node_modules
2024-11-05 11:50:27.286 [info] [Info  - 11:50:27] (9490) Auto-excluding **/__pycache__
2024-11-05 11:50:27.286 [info] [Info  - 11:50:27] (9490) Auto-excluding **/.*
2024-11-05 11:50:27.333 [info] [Info  - 11:50:27] (9490) Assuming Python version 3.12.7.final.0
2024-11-05 11:50:27.382 [info] [Info  - 11:50:27] (9490) Found 1 source file
2024-11-05 11:50:28.007 [info] [Info  - 11:50:28] (9490) Background analysis(4) root directory: file:///home/yoshee/.vscode/extensions/ms-python.vscode-pylance-2024.11.1/dist
2024-11-05 11:50:28.010 [info] [Info  - 11:50:28] (9490) Background analysis(4) started
2024-11-05 11:50:28.166 [info] [Info  - 11:50:28] (9490) Indexer background runner(5) root directory: file:///home/yoshee/.vscode/extensions/ms-python.vscode-pylance-2024.11.1/dist (index)
2024-11-05 11:50:28.166 [info] [Info  - 11:50:28] (9490) Indexing(5) started
2024-11-05 11:50:28.362 [info] [Info  - 11:50:28] (9490) scanned(5) 252 files over 1 exec env
2024-11-05 11:50:28.531 [info] [Info  - 11:50:28] (9490) indexed(5) 252 files over 1 exec env
2024-11-05 11:50:28.583 [info] [Info  - 11:50:28] (9490) Indexing finished(5).
2024-11-05 12:01:37.561 [info] [Info  - 12:01:37] (9490) Starting service instance "<default>"
2024-11-05 12:01:37.608 [info] [Info  - 12:01:37] (9490) Setting environmentName for service "<default>": "3.12.7 (global)"
2024-11-05 12:01:37.608 [info] [Info  - 12:01:37] (9490) Setting pythonPath for service "<default>": "/bin/python"
2024-11-05 12:01:37.608 [info] [Info  - 12:01:37] (9490) No include entries specified; assuming /<default workspace root>
2024-11-05 12:01:37.609 [info] [Info  - 12:01:37] (9490) Auto-excluding **/node_modules
2024-11-05 12:01:37.609 [info] [Info  - 12:01:37] (9490) Auto-excluding **/__pycache__
2024-11-05 12:01:37.609 [info] [Info  - 12:01:37] (9490) Auto-excluding **/.*
2024-11-05 12:01:37.644 [info] [Info  - 12:01:37] (9490) Assuming Python version 3.12.7.final.0
2024-11-05 12:01:37.698 [info] [Error - 12:01:37] (9490) File or directory "/<default workspace root>" does not exist.
2024-11-05 12:01:37.698 [info] [Info  - 12:01:37] (9490) No source files found.
2024-11-05 12:01:38.166 [info] [Info  - 12:01:38] (9490) Background analysis(6) root directory: file:///home/yoshee/.vscode/extensions/ms-python.vscode-pylance-2024.11.1/dist
2024-11-05 12:01:38.168 [info] [Info  - 12:01:38] (9490) Background analysis(6) started
