2024-11-14 23:36:52.660 [info] (Client) Pylance async client (2024.11.1) started with python extension (2024.14.1)
2024-11-14 23:36:53.162 [info] [Info  - 23:36:53] (9219) Server root directory: file:///home/yoshee/.vscode/extensions/ms-python.vscode-pylance-2024.11.1/dist
2024-11-14 23:36:53.163 [info] [Info  - 23:36:53] (9219) Pylance language server 2024.11.1 (pyright version 1.1.386, commit 4180fa21) starting
2024-11-14 23:36:53.167 [info] [Info  - 23:36:53] (9219) Starting service instance "machine_learning"
2024-11-14 23:36:53.222 [info] [Info  - 23:36:53] (9219) Setting environmentName for service "machine_learning": "3.12.7 (global)"
2024-11-14 23:36:53.222 [info] [Info  - 23:36:53] (9219) Setting pythonPath for service "machine_learning": "/bin/python"
2024-11-14 23:36:53.223 [info] [Info  - 23:36:53] (9219) No include entries specified; assuming /home/yoshee/hse/machine_learning
2024-11-14 23:36:53.223 [info] [Info  - 23:36:53] (9219) Auto-excluding **/node_modules
2024-11-14 23:36:53.223 [info] [Info  - 23:36:53] (9219) Auto-excluding **/__pycache__
2024-11-14 23:36:53.223 [info] [Info  - 23:36:53] (9219) Auto-excluding **/.*
2024-11-14 23:36:53.252 [info] [Info  - 23:36:53] (9219) Assuming Python version 3.12.7.final.0
2024-11-14 23:36:53.347 [info] [Info  - 23:36:53] (9219) Found 1 source file
2024-11-14 23:36:53.378 [info] [Info  - 23:36:53] (9219) Starting service instance "machine_learning"
2024-11-14 23:36:53.405 [info] [Info  - 23:36:53] (9219) Setting environmentName for service "machine_learning": "3.12.7 (global)"
2024-11-14 23:36:53.405 [info] [Info  - 23:36:53] (9219) Setting pythonPath for service "machine_learning": "/bin/python3"
2024-11-14 23:36:53.406 [info] [Info  - 23:36:53] (9219) No include entries specified; assuming /home/yoshee/hse/machine_learning
2024-11-14 23:36:53.406 [info] [Info  - 23:36:53] (9219) Auto-excluding **/node_modules
2024-11-14 23:36:53.406 [info] [Info  - 23:36:53] (9219) Auto-excluding **/__pycache__
2024-11-14 23:36:53.406 [info] [Info  - 23:36:53] (9219) Auto-excluding **/.*
2024-11-14 23:36:53.437 [info] [Info  - 23:36:53] (9219) Assuming Python version 3.12.7.final.0
2024-11-14 23:36:53.491 [info] [Info  - 23:36:53] (9219) Found 1 source file
2024-11-14 23:36:53.890 [info] [Info  - 23:36:53] (9219) Background analysis(1) root directory: file:///home/yoshee/.vscode/extensions/ms-python.vscode-pylance-2024.11.1/dist
2024-11-14 23:36:53.892 [info] [Info  - 23:36:53] (9219) Background analysis(1) started
2024-11-14 23:36:54.054 [info] [Info  - 23:36:54] (9219) Background analysis(2) root directory: file:///home/yoshee/.vscode/extensions/ms-python.vscode-pylance-2024.11.1/dist
2024-11-14 23:36:54.056 [info] [Info  - 23:36:54] (9219) Background analysis(2) started
2024-11-14 23:36:54.111 [info] [Info  - 23:36:54] (9219) Indexer background runner(3) root directory: file:///home/yoshee/.vscode/extensions/ms-python.vscode-pylance-2024.11.1/dist (index)
2024-11-14 23:36:54.111 [info] [Info  - 23:36:54] (9219) Indexing(3) started
2024-11-14 23:36:54.634 [info] [Info  - 23:36:54] (9219) scanned(3) 253 files over 1 exec env
2024-11-14 23:36:55.050 [info] [Info  - 23:36:55] (9219) indexed(3) 253 files over 1 exec env
2024-11-14 23:36:55.121 [info] [Info  - 23:36:55] (9219) Indexing finished(3).
