2024-11-14 23:36:51.627 [info] Starting Python Locator /home/yoshee/.vscode/extensions/ms-python.python-2024.14.1-linux-x64/python-env-tools/bin/pet server
2024-11-14 23:36:51.628 [info] Discovered env: /home/linuxbrew/.linuxbrew/bin/python3
2024-11-14 23:36:51.646 [info] Discovered env: /bin/python
2024-11-14 23:36:51.647 [info] Resolved /home/linuxbrew/.linuxbrew/bin/python3
2024-11-14 23:36:52.107 [info] Discovered env: /usr/bin/python
2024-11-14 23:36:52.137 [info] Env ("/usr/sbin/python") in Path resolved as ResolvedPythonEnv { executable: "/usr/sbin/python", prefix: "/usr", version: "3.12.6.final.0", is64_bit: true, symlinks: Some(["/usr/sbin/python"]) } and reported as Some(GlobalPaths)
2024-11-14 23:36:52.156 [info] Discovered env: /usr/sbin/python
2024-11-14 23:36:52.169 [info] Discovered env: /bin/python3
2024-11-14 23:36:52.211 [info] Resolved /bin/python
2024-11-14 23:36:52.211 [info] Discovered env: /usr/bin/python3
2024-11-14 23:36:52.212 [info] Env ("/sbin/python") in Path resolved as ResolvedPythonEnv { executable: "/sbin/python", prefix: "/usr", version: "3.12.6.final.0", is64_bit: true, symlinks: Some(["/sbin/python"]) } and reported as Some(GlobalPaths)
2024-11-14 23:36:52.212 [info] Discovered env: /sbin/python
2024-11-14 23:36:52.213 [info] Discovered env: /bin/python3.12
2024-11-14 23:36:52.213 [info] Env ("/usr/sbin/python3") in Path resolved as ResolvedPythonEnv { executable: "/usr/sbin/python3", prefix: "/usr", version: "3.12.6.final.0", is64_bit: true, symlinks: Some(["/usr/sbin/python3"]) } and reported as Some(GlobalPaths)
2024-11-14 23:36:52.213 [info] Discovered env: /usr/sbin/python3
2024-11-14 23:36:52.233 [info] Discovered env: /usr/bin/python3.12
2024-11-14 23:36:52.233 [info] Env ("/sbin/python3") in Path resolved as ResolvedPythonEnv { executable: "/sbin/python3", prefix: "/usr", version: "3.12.6.final.0", is64_bit: true, symlinks: Some(["/sbin/python3"]) } and reported as Some(GlobalPaths)
2024-11-14 23:36:52.234 [info] Discovered env: /sbin/python3
2024-11-14 23:36:52.234 [info] Env ("/usr/sbin/python3.12") in Path resolved as ResolvedPythonEnv { executable: "/usr/sbin/python3.12", prefix: "/usr", version: "3.12.6.final.0", is64_bit: true, symlinks: Some(["/usr/sbin/python3.12"]) } and reported as Some(GlobalPaths)
2024-11-14 23:36:52.234 [info] Discovered env: /usr/sbin/python3.12
2024-11-14 23:36:52.234 [info] Env ("/sbin/python3.12") in Path resolved as ResolvedPythonEnv { executable: "/sbin/python3.12", prefix: "/usr", version: "3.12.6.final.0", is64_bit: true, symlinks: Some(["/sbin/python3.12"]) } and reported as Some(GlobalPaths)
2024-11-14 23:36:52.234 [info] Discovered env: /sbin/python3.12
2024-11-14 23:36:52.234 [info] Locator Conda took 176.837668ms
2024-11-14 23:36:52.234 [info] Locator Homebrew took 31.866284ms
2024-11-14 23:36:52.234 [info] Locator LinuxGlobal took 107.90239ms
2024-11-14 23:36:52.234 [info] Locator PipEnv took 30.759µs
2024-11-14 23:36:52.234 [info] Locator Poetry took 195.405µs
2024-11-14 23:36:52.234 [info] Locator PyEnv took 6.262027ms
2024-11-14 23:36:52.235 [info] Locator Venv took 16.803µs
2024-11-14 23:36:52.235 [info] Locator VirtualEnv took 2.3721ms
2024-11-14 23:36:52.235 [info] Locator VirtualEnvWrapper took 118.298µs
2024-11-14 23:36:52.235 [info] Locator GlobalVirtualEnvs took 1.042234ms
2024-11-14 23:36:52.235 [info] Locator Locators took 177.949716ms
2024-11-14 23:36:52.235 [info] Locator Path took 181.045867ms
2024-11-14 23:36:52.235 [info] Locator Workspaces took 752ns
2024-11-14 23:36:52.235 [info] Refresh completed in 181ms
2024-11-14 23:36:52.236 [info] Resolved /usr/bin/python
2024-11-14 23:36:52.237 [info] Resolved /bin/python3
2024-11-14 23:36:52.237 [info] Resolved /bin/python3.12
2024-11-14 23:36:52.238 [info] Resolved /usr/bin/python3
2024-11-14 23:36:52.239 [info] Resolved /usr/bin/python3.12
