2024-11-05 11:36:52.682 [info] Added views:workbench.panel.markers.view in workbench.panel.markers
2024-11-05 11:36:52.682 [info] Added views:workbench.panel.output in workbench.panel.output
2024-11-05 11:36:52.682 [info] Added views:terminal in terminal
2024-11-05 11:36:52.682 [info] Added views:outline in workbench.view.explorer
2024-11-05 11:36:52.682 [info] Added views:workbench.scm in workbench.view.scm
2024-11-05 11:36:52.682 [info] Added views:workbench.view.search in workbench.view.search
2024-11-05 11:36:52.682 [info] Added views:timeline in workbench.view.explorer
2024-11-05 11:36:52.682 [info] Added views:workbench.debug.welcome in workbench.view.debug
2024-11-05 11:36:52.682 [info] Added views:workbench.explorer.fileView in workbench.view.explorer
2024-11-05 11:36:53.165 [info] Added views:dockerContainers,dockerImages,dockerRegistries,dockerNetworks,dockerVolumes,vscode-docker.views.dockerContexts,vscode-docker.views.help in workbench.view.extension.dockerView
2024-11-05 11:36:53.166 [info] Added views:polyglot-notebook-panel-values in workbench.view.extension.polyglot-notebook-panel
2024-11-05 11:36:53.166 [info] Added views:jupyterKernelsView,jupyterContextualHelp in workbench.view.extension.jupyter
2024-11-05 11:36:53.283 [info] Added views:workbench.panel.repl.view in workbench.panel.repl
2024-11-05 11:36:54.328 [info] Added views:jupyterViewVariables in workbench.view.extension.jupyter-variables
2024-11-05 11:36:54.333 [info] Added views:cell-tag in workbench.view.extension.jupyter-variables
2024-11-05 11:36:54.643 [info] Added views:~remote.forwardedPorts in ~remote.forwardedPortsContainer
2024-11-05 11:36:54.929 [info] Added views:workbench.view.testing in workbench.view.extension.test
2024-11-05 11:41:39.428 [info] Added views:workbench.views.extensions.installed,workbench.views.extensions.popular,extensions.recommendedList in workbench.view.extensions
2024-11-05 11:41:39.433 [info] Removed views:workbench.views.extensions.popular from workbench.view.extensions
2024-11-05 11:41:40.029 [info] Removed views:extensions.recommendedList,workbench.views.extensions.installed from workbench.view.extensions
2024-11-05 11:41:40.039 [info] Added views:workbench.views.extensions.marketplace in workbench.view.extensions
2024-11-05 11:50:12.160 [info] Removed views:workbench.view.testing from workbench.view.extension.test
