2024-10-19 22:07:59.083 [info] [main] Log level: Info
2024-10-19 22:07:59.083 [info] [main] Validating found git in: "git"
2024-10-19 22:07:59.083 [info] [main] Using git "2.46.1" from "git"
2024-10-19 22:07:59.083 [info] [Model][doInitialScan] Initial repository scan started
2024-10-19 22:07:59.083 [info] > git rev-parse --show-toplevel [19ms]
2024-10-19 22:07:59.083 [info] fatal: not a git repository (or any parent up to mount point /)
Stopping at filesystem boundary (GIT_DISCOVERY_ACROSS_FILESYSTEM not set).
2024-10-19 22:07:59.083 [info] [Model][doInitialScan] Initial repository scan completed - repositories (0), closed repositories (0), parent repositories (0), unsafe repositories (0)
2024-10-19 22:08:00.237 [info] > git rev-parse --show-toplevel [108ms]
2024-10-19 22:08:00.237 [info] fatal: not a git repository (or any parent up to mount point /)
Stopping at filesystem boundary (GIT_DISCOVERY_ACROSS_FILESYSTEM not set).
2024-10-19 22:08:00.296 [info] > git rev-parse --show-toplevel [11ms]
2024-10-19 22:08:00.296 [info] fatal: not a git repository (or any parent up to mount point /)
Stopping at filesystem boundary (GIT_DISCOVERY_ACROSS_FILESYSTEM not set).
2024-10-19 22:08:00.309 [info] > git rev-parse --show-toplevel [2ms]
2024-10-19 22:08:00.309 [info] fatal: not a git repository (or any parent up to mount point /)
Stopping at filesystem boundary (GIT_DISCOVERY_ACROSS_FILESYSTEM not set).
2024-10-19 22:08:00.322 [info] > git rev-parse --show-toplevel [3ms]
2024-10-19 22:08:00.322 [info] fatal: not a git repository (or any parent up to mount point /)
Stopping at filesystem boundary (GIT_DISCOVERY_ACROSS_FILESYSTEM not set).
2024-10-19 22:08:00.778 [info] > git rev-parse --show-toplevel [20ms]
2024-10-19 22:08:00.778 [info] fatal: not a git repository (or any parent up to mount point /)
Stopping at filesystem boundary (GIT_DISCOVERY_ACROSS_FILESYSTEM not set).
2024-10-19 22:08:01.827 [info] > git rev-parse --show-toplevel [3ms]
2024-10-19 22:08:01.827 [info] fatal: not a git repository (or any parent up to mount point /)
Stopping at filesystem boundary (GIT_DISCOVERY_ACROSS_FILESYSTEM not set).
