2024-10-22 09:44:17.562 [info] Getting Manifest... devsense.composer-php-vscode
2024-10-22 09:44:17.564 [info] Getting Manifest... devsense.profiler-php-vscode
2024-10-22 09:44:17.847 [info] Installing extension: devsense.profiler-php-vscode {"productVersion":{"version":"1.93.0","date":"2024-09-04T13:02:38.431Z"},"pinned":false,"isApplicationScoped":false,"profileLocation":{"$mid":1,"external":"vscode-userdata:/home/yoshee/.vscode/extensions/extensions.json","path":"/home/yoshee/.vscode/extensions/extensions.json","scheme":"vscode-userdata"},"installOnlyNewlyAddedFromExtensionPack":true}
2024-10-22 09:44:17.849 [info] Installing extension: devsense.composer-php-vscode {"productVersion":{"version":"1.93.0","date":"2024-09-04T13:02:38.431Z"},"pinned":false,"isApplicationScoped":false,"profileLocation":{"$mid":1,"external":"vscode-userdata:/home/yoshee/.vscode/extensions/extensions.json","path":"/home/yoshee/.vscode/extensions/extensions.json","scheme":"vscode-userdata"},"installOnlyNewlyAddedFromExtensionPack":true}
2024-10-22 09:44:20.152 [info] Extension signature verification result for devsense.composer-php-vscode: Success. Executed: true. Duration: 849ms.
2024-10-22 09:44:20.153 [info] Extension signature verification result for devsense.profiler-php-vscode: Success. Executed: true. Duration: 871ms.
2024-10-22 09:44:20.179 [info] Extracted extension to file:///home/yoshee/.vscode/extensions/devsense.composer-php-vscode-1.52.16226: devsense.composer-php-vscode
2024-10-22 09:44:20.182 [info] Renamed to /home/yoshee/.vscode/extensions/devsense.composer-php-vscode-1.52.16226
2024-10-22 09:44:20.185 [info] Extracted extension to file:///home/yoshee/.vscode/extensions/devsense.profiler-php-vscode-1.52.16226: devsense.profiler-php-vscode
2024-10-22 09:44:20.189 [info] Renamed to /home/yoshee/.vscode/extensions/devsense.profiler-php-vscode-1.52.16226
2024-10-22 09:44:20.197 [info] Marked extension as uninstalled devsense.composer-php-vscode-1.51.16099
2024-10-22 09:44:20.214 [info] Extension installed successfully: devsense.composer-php-vscode vscode-userdata:/home/yoshee/.vscode/extensions/extensions.json
2024-10-22 09:44:20.228 [info] Marked extension as uninstalled devsense.profiler-php-vscode-1.51.16099
2024-10-22 09:44:20.230 [info] Extension installed successfully: devsense.profiler-php-vscode vscode-userdata:/home/yoshee/.vscode/extensions/extensions.json
2024-10-22 09:44:20.270 [error] [uncaught exception in sharedProcess]: Error: ENOENT: no such file or directory, stat '/home/yoshee/.vscode/extensions/extensions.json.vsctmp': EntryNotFound (FileSystemError): Error: ENOENT: no such file or directory, stat '/home/yoshee/.vscode/extensions/extensions.json.vsctmp'
    at o.create (/usr/share/code/resources/app/out/vs/code/node/sharedProcess/sharedProcessMain.js:54:19406)
    at u (/usr/share/code/resources/app/out/vs/code/node/sharedProcess/sharedProcessMain.js:54:19517)
    at $.hb (/usr/share/code/resources/app/out/vs/code/node/sharedProcess/sharedProcessMain.js:59:36674)
    at $.stat (/usr/share/code/resources/app/out/vs/code/node/sharedProcess/sharedProcessMain.js:59:29001)
    at async c.stat (/usr/share/code/resources/app/out/vs/code/node/sharedProcess/sharedProcessMain.js:59:14931)
    at async W.ub (/usr/share/code/resources/app/out/vs/code/node/sharedProcess/sharedProcessMain.js:105:120356)
