2024-11-05 11:50:18.377 [info] [main] Log level: Info
2024-11-05 11:50:18.377 [info] [main] Validating found git in: "git"
2024-11-05 11:50:18.377 [info] [main] Using git "2.47.0" from "git"
2024-11-05 11:50:18.377 [info] [Model][doInitialScan] Initial repository scan started
2024-11-05 11:50:18.377 [info] > git rev-parse --show-toplevel [10ms]
2024-11-05 11:50:18.377 [info] fatal: not a git repository (or any parent up to mount point /)
Stopping at filesystem boundary (GIT_DISCOVERY_ACROSS_FILESYSTEM not set).
2024-11-05 11:50:18.377 [info] [Model][doInitialScan] Initial repository scan completed - repositories (0), closed repositories (0), parent repositories (0), unsafe repositories (0)
2024-11-05 11:50:19.509 [info] > git rev-parse --show-toplevel [161ms]
2024-11-05 11:50:19.509 [info] fatal: not a git repository (or any parent up to mount point /)
Stopping at filesystem boundary (GIT_DISCOVERY_ACROSS_FILESYSTEM not set).
2024-11-05 11:50:19.591 [info] > git rev-parse --show-toplevel [32ms]
2024-11-05 11:50:19.591 [info] fatal: not a git repository (or any parent up to mount point /)
Stopping at filesystem boundary (GIT_DISCOVERY_ACROSS_FILESYSTEM not set).
2024-11-05 11:50:20.219 [info] > git rev-parse --show-toplevel [43ms]
2024-11-05 11:50:20.219 [info] fatal: not a git repository (or any parent up to mount point /)
Stopping at filesystem boundary (GIT_DISCOVERY_ACROSS_FILESYSTEM not set).
2024-11-05 11:50:20.272 [info] > git rev-parse --show-toplevel [24ms]
2024-11-05 11:50:20.272 [info] fatal: not a git repository (or any parent up to mount point /)
Stopping at filesystem boundary (GIT_DISCOVERY_ACROSS_FILESYSTEM not set).
2024-11-05 11:50:21.341 [info] > git rev-parse --show-toplevel [5ms]
2024-11-05 11:50:21.341 [info] fatal: not a git repository (or any parent up to mount point /)
Stopping at filesystem boundary (GIT_DISCOVERY_ACROSS_FILESYSTEM not set).
2024-11-05 11:50:22.162 [info] > git rev-parse --show-toplevel [42ms]
2024-11-05 11:50:22.162 [info] fatal: not a git repository (or any parent up to mount point /)
Stopping at filesystem boundary (GIT_DISCOVERY_ACROSS_FILESYSTEM not set).
2024-11-05 11:50:22.187 [info] > git rev-parse --show-toplevel [5ms]
2024-11-05 11:50:22.187 [info] fatal: not a git repository (or any parent up to mount point /)
Stopping at filesystem boundary (GIT_DISCOVERY_ACROSS_FILESYSTEM not set).
