2024-10-22 09:44:11.554 [info] Starting Python Locator /home/yoshee/.vscode/extensions/ms-python.python-2024.14.1-linux-x64/python-env-tools/bin/pet server
2024-10-22 09:44:11.695 [info] Discovered env: /home/linuxbrew/.linuxbrew/bin/python3
2024-10-22 09:44:11.696 [info] Discovered env: /bin/python
2024-10-22 09:44:11.697 [info] Discovered env: /usr/bin/python
2024-10-22 09:44:11.697 [info] Discovered env: /bin/python3
2024-10-22 09:44:11.707 [info] Env ("/sbin/python") in Path resolved as ResolvedPythonEnv { executable: "/sbin/python", prefix: "/usr", version: "3.12.6.final.0", is64_bit: true, symlinks: Some(["/sbin/python"]) } and reported as Some(GlobalPaths)
2024-10-22 09:44:11.707 [info] Discovered env: /sbin/python
2024-10-22 09:44:11.707 [info] Discovered env: /usr/bin/python3
2024-10-22 09:44:11.708 [info] Env ("/usr/sbin/python") in Path resolved as ResolvedPythonEnv { executable: "/usr/sbin/python", prefix: "/usr", version: "3.12.6.final.0", is64_bit: true, symlinks: Some(["/usr/sbin/python"]) } and reported as Some(GlobalPaths)
2024-10-22 09:44:11.708 [info] Discovered env: /usr/sbin/python
2024-10-22 09:44:11.709 [info] Discovered env: /bin/python3.12
2024-10-22 09:44:11.709 [info] Discovered env: /usr/bin/python3.12
2024-10-22 09:44:11.709 [info] Env ("/sbin/python3") in Path resolved as ResolvedPythonEnv { executable: "/sbin/python3", prefix: "/usr", version: "3.12.6.final.0", is64_bit: true, symlinks: Some(["/sbin/python3"]) } and reported as Some(GlobalPaths)
2024-10-22 09:44:11.709 [info] Discovered env: /sbin/python3
2024-10-22 09:44:11.709 [info] Env ("/usr/sbin/python3") in Path resolved as ResolvedPythonEnv { executable: "/usr/sbin/python3", prefix: "/usr", version: "3.12.6.final.0", is64_bit: true, symlinks: Some(["/usr/sbin/python3"]) } and reported as Some(GlobalPaths)
2024-10-22 09:44:11.709 [info] Discovered env: /usr/sbin/python3
2024-10-22 09:44:11.710 [info] Env ("/sbin/python3.12") in Path resolved as ResolvedPythonEnv { executable: "/sbin/python3.12", prefix: "/usr", version: "3.12.6.final.0", is64_bit: true, symlinks: Some(["/sbin/python3.12"]) } and reported as Some(GlobalPaths)
2024-10-22 09:44:11.710 [info] Discovered env: /sbin/python3.12
2024-10-22 09:44:11.710 [info] Env ("/usr/sbin/python3.12") in Path resolved as ResolvedPythonEnv { executable: "/usr/sbin/python3.12", prefix: "/usr", version: "3.12.6.final.0", is64_bit: true, symlinks: Some(["/usr/sbin/python3.12"]) } and reported as Some(GlobalPaths)
2024-10-22 09:44:11.710 [info] Discovered env: /usr/sbin/python3.12
2024-10-22 09:44:11.710 [info] Locator Conda took 142.36373ms
2024-10-22 09:44:11.710 [info] Locator Homebrew took 28.761201ms
2024-10-22 09:44:11.710 [info] Locator LinuxGlobal took 98.018276ms
2024-10-22 09:44:11.710 [info] Locator PipEnv took 28.704µs
2024-10-22 09:44:11.710 [info] Locator Poetry took 749.245µs
2024-10-22 09:44:11.710 [info] Locator PyEnv took 1.738433ms
2024-10-22 09:44:11.710 [info] Locator Venv took 23.123µs
2024-10-22 09:44:11.710 [info] Locator VirtualEnv took 31.72µs
2024-10-22 09:44:11.710 [info] Locator VirtualEnvWrapper took 151.596µs
2024-10-22 09:44:11.710 [info] Locator GlobalVirtualEnvs took 506.126µs
2024-10-22 09:44:11.710 [info] Locator Locators took 142.535374ms
2024-10-22 09:44:11.710 [info] Locator Path took 140.511822ms
2024-10-22 09:44:11.710 [info] Locator Workspaces took 1.437375ms
2024-10-22 09:44:11.711 [info] Refresh completed in 142ms
2024-10-22 09:44:11.711 [info] Resolved /home/linuxbrew/.linuxbrew/bin/python3
2024-10-22 09:44:11.719 [info] Resolved /bin/python
2024-10-22 09:44:11.719 [info] Resolved /usr/bin/python
2024-10-22 09:44:11.720 [info] Resolved /bin/python3
2024-10-22 09:44:11.720 [info] Resolved /usr/bin/python3
2024-10-22 09:44:11.720 [info] Resolved /usr/bin/python3.12
2024-10-22 09:44:11.720 [info] Resolved /bin/python3.12
