2024-10-22 09:44:12.160 [info] (Client) Pylance async client (2024.10.1) started with python extension (2024.14.1)
2024-10-22 09:44:12.636 [info] [Info  - 09:44:12] (9965) Server root directory: file:///home/yoshee/.vscode/extensions/ms-python.vscode-pylance-2024.10.1/dist
2024-10-22 09:44:12.637 [info] [Info  - 09:44:12] (9965) Pylance language server 2024.10.1 (pyright version 1.1.382, commit e46efc6b) starting
2024-10-22 09:44:12.642 [info] [Info  - 09:44:12] (9965) Starting service instance "machine_learning"
2024-10-22 09:44:12.691 [info] [Info  - 09:44:12] (9965) Setting environmentName for service "machine_learning": "3.12.6 (global)"
2024-10-22 09:44:12.692 [info] [Info  - 09:44:12] (9965) Setting pythonPath for service "machine_learning": "/bin/python"
2024-10-22 09:44:12.692 [info] [Info  - 09:44:12] (9965) No include entries specified; assuming /home/yoshee/hse/machine_learning
2024-10-22 09:44:12.692 [info] [Info  - 09:44:12] (9965) Auto-excluding **/node_modules
2024-10-22 09:44:12.692 [info] [Info  - 09:44:12] (9965) Auto-excluding **/__pycache__
2024-10-22 09:44:12.692 [info] [Info  - 09:44:12] (9965) Auto-excluding **/.*
2024-10-22 09:44:12.715 [info] [Info  - 09:44:12] (9965) Assuming Python version 3.12.6.final.0
2024-10-22 09:44:12.802 [info] [Info  - 09:44:12] (9965) Found 1 source file
2024-10-22 09:44:12.829 [info] [Info  - 09:44:12] (9965) Starting service instance "machine_learning"
2024-10-22 09:44:12.855 [info] [Info  - 09:44:12] (9965) Setting environmentName for service "machine_learning": "3.12.6 (global)"
2024-10-22 09:44:12.855 [info] [Info  - 09:44:12] (9965) Setting pythonPath for service "machine_learning": "/bin/python3"
2024-10-22 09:44:12.855 [info] [Info  - 09:44:12] (9965) No include entries specified; assuming /home/yoshee/hse/machine_learning
2024-10-22 09:44:12.855 [info] [Info  - 09:44:12] (9965) Auto-excluding **/node_modules
2024-10-22 09:44:12.855 [info] [Info  - 09:44:12] (9965) Auto-excluding **/__pycache__
2024-10-22 09:44:12.855 [info] [Info  - 09:44:12] (9965) Auto-excluding **/.*
2024-10-22 09:44:12.878 [info] [Info  - 09:44:12] (9965) Assuming Python version 3.12.6.final.0
2024-10-22 09:44:12.921 [info] [Info  - 09:44:12] (9965) Found 1 source file
2024-10-22 09:44:13.144 [info] [Info  - 09:44:13] (9965) Background analysis(1) root directory: file:///home/yoshee/.vscode/extensions/ms-python.vscode-pylance-2024.10.1/dist
2024-10-22 09:44:13.147 [info] [Info  - 09:44:13] (9965) Background analysis(1) started
2024-10-22 09:44:13.308 [info] [Info  - 09:44:13] (9965) Background analysis(2) root directory: file:///home/yoshee/.vscode/extensions/ms-python.vscode-pylance-2024.10.1/dist
2024-10-22 09:44:13.310 [info] [Info  - 09:44:13] (9965) Background analysis(2) started
2024-10-22 09:44:13.367 [info] [Info  - 09:44:13] (9965) Indexer background runner(3) root directory: file:///home/yoshee/.vscode/extensions/ms-python.vscode-pylance-2024.10.1/dist (index)
2024-10-22 09:44:13.367 [info] [Info  - 09:44:13] (9965) Indexing(3) started
2024-10-22 09:44:13.878 [info] [Info  - 09:44:13] (9965) scanned(3) 252 files over 1 exec env
2024-10-22 09:44:14.089 [info] [Info  - 09:44:14] (9965) indexed(3) 252 files over 1 exec env
2024-10-22 09:44:14.145 [info] [Info  - 09:44:14] (9965) Indexing finished(3).
2024-10-22 09:46:25.851 [info] [Info  - 09:46:25] (9965) Starting service instance "machine_learning"
2024-10-22 09:46:25.897 [info] [Info  - 09:46:25] (9965) Setting environmentName for service "machine_learning": "3.12.6 (global)"
2024-10-22 09:46:25.897 [info] [Info  - 09:46:25] (9965) Setting pythonPath for service "machine_learning": "/home/yoshee/hse/machine_learning"
2024-10-22 09:46:25.897 [info] [Info  - 09:46:25] (9965) No include entries specified; assuming /home/yoshee/hse/machine_learning
2024-10-22 09:46:25.897 [info] [Info  - 09:46:25] (9965) Auto-excluding **/node_modules
2024-10-22 09:46:25.897 [info] [Info  - 09:46:25] (9965) Auto-excluding **/__pycache__
2024-10-22 09:46:25.898 [info] [Info  - 09:46:25] (9965) Auto-excluding **/.*
2024-10-22 09:46:25.948 [info] [Info  - 09:46:25] (9965) Found 1 source file
2024-10-22 09:46:26.506 [info] [Info  - 09:46:26] (9965) Background analysis(4) root directory: file:///home/yoshee/.vscode/extensions/ms-python.vscode-pylance-2024.10.1/dist
2024-10-22 09:46:26.508 [info] [Info  - 09:46:26] (9965) Background analysis(4) started
2024-10-22 09:46:26.525 [info] [Info  - 09:46:26] (9965) Indexer background runner(5) root directory: file:///home/yoshee/.vscode/extensions/ms-python.vscode-pylance-2024.10.1/dist (index)
2024-10-22 09:46:26.525 [info] [Info  - 09:46:26] (9965) Indexing(5) started
2024-10-22 09:46:26.722 [info] [Info  - 09:46:26] (9965) scanned(5) 1 files over 1 exec env
2024-10-22 09:46:26.891 [info] [Info  - 09:46:26] (9965) indexed(5) 1 files over 1 exec env
2024-10-22 09:46:26.905 [info] [Info  - 09:46:26] (9965) Indexing finished(5).
2024-10-22 09:56:54.059 [info] [Info  - 09:56:54] (9965) Starting service instance "<default>"
2024-10-22 09:56:54.134 [info] [Info  - 09:56:54] (9965) Setting environmentName for service "<default>": "3.12.6 (global)"
2024-10-22 09:56:54.135 [info] [Info  - 09:56:54] (9965) Setting pythonPath for service "<default>": "/bin/python"
2024-10-22 09:56:54.135 [info] [Info  - 09:56:54] (9965) No include entries specified; assuming /<default workspace root>
2024-10-22 09:56:54.135 [info] [Info  - 09:56:54] (9965) Auto-excluding **/node_modules
2024-10-22 09:56:54.135 [info] [Info  - 09:56:54] (9965) Auto-excluding **/__pycache__
2024-10-22 09:56:54.135 [info] [Info  - 09:56:54] (9965) Auto-excluding **/.*
2024-10-22 09:56:54.177 [info] [Info  - 09:56:54] (9965) Assuming Python version 3.12.6.final.0
2024-10-22 09:56:54.243 [info] [Error - 09:56:54] (9965) File or directory "/<default workspace root>" does not exist.
2024-10-22 09:56:54.244 [info] [Info  - 09:56:54] (9965) No source files found.
2024-10-22 09:56:54.687 [info] [Info  - 09:56:54] (9965) Background analysis(6) root directory: file:///home/yoshee/.vscode/extensions/ms-python.vscode-pylance-2024.10.1/dist
2024-10-22 09:56:54.690 [info] [Info  - 09:56:54] (9965) Background analysis(6) started
