2024-11-05 11:36:54.568 [info] Deleted uninstalled extension from disk devsense.composer-php-vscode /home/yoshee/.vscode/extensions/devsense.composer-php-vscode-1.51.16099
2024-11-05 11:36:54.568 [info] Deleted uninstalled extension from disk devsense.profiler-php-vscode /home/yoshee/.vscode/extensions/devsense.profiler-php-vscode-1.51.16099
2024-11-05 11:36:54.660 [error] [uncaught exception in sharedProcess]: Error: ENOENT: no such file or directory, stat '/home/yoshee/.vscode/extensions/devsense.composer-php-vscode-1.51.16099.-7952453f.vsctmp': EntryNotFound (FileSystemError): Error: ENOENT: no such file or directory, stat '/home/yoshee/.vscode/extensions/devsense.composer-php-vscode-1.51.16099.-7952453f.vsctmp'
    at o.create (/usr/share/code/resources/app/out/vs/code/node/sharedProcess/sharedProcessMain.js:54:19406)
    at u (/usr/share/code/resources/app/out/vs/code/node/sharedProcess/sharedProcessMain.js:54:19517)
    at $.hb (/usr/share/code/resources/app/out/vs/code/node/sharedProcess/sharedProcessMain.js:59:36674)
    at $.stat (/usr/share/code/resources/app/out/vs/code/node/sharedProcess/sharedProcessMain.js:59:29001)
    at async c.stat (/usr/share/code/resources/app/out/vs/code/node/sharedProcess/sharedProcessMain.js:59:14931)
    at async W.ub (/usr/share/code/resources/app/out/vs/code/node/sharedProcess/sharedProcessMain.js:105:120356)
2024-11-05 11:37:58.628 [info] Getting Manifest... devsense.composer-php-vscode
2024-11-05 11:37:58.630 [info] Getting Manifest... devsense.profiler-php-vscode
2024-11-05 11:37:58.631 [info] Getting Manifest... monokai.theme-monokai-pro-vscode
2024-11-05 11:37:58.632 [info] Getting Manifest... ms-dotnettools.dotnet-interactive-vscode
2024-11-05 11:37:58.633 [info] Getting Manifest... ms-python.vscode-pylance
2024-11-05 11:37:58.633 [info] Getting Manifest... ms-vscode-remote.remote-wsl
2024-11-05 11:37:58.634 [info] Getting Manifest... pkief.material-icon-theme
2024-11-05 11:37:58.989 [info] Installing extension: ms-vscode-remote.remote-wsl {"productVersion":{"version":"1.93.0","date":"2024-09-04T13:02:38.431Z"},"pinned":false,"isApplicationScoped":false,"profileLocation":{"$mid":1,"external":"vscode-userdata:/home/yoshee/.vscode/extensions/extensions.json","path":"/home/yoshee/.vscode/extensions/extensions.json","scheme":"vscode-userdata"},"installOnlyNewlyAddedFromExtensionPack":true}
2024-11-05 11:37:59.010 [info] Installing extension: pkief.material-icon-theme {"productVersion":{"version":"1.93.0","date":"2024-09-04T13:02:38.431Z"},"pinned":false,"isApplicationScoped":false,"profileLocation":{"$mid":1,"external":"vscode-userdata:/home/yoshee/.vscode/extensions/extensions.json","path":"/home/yoshee/.vscode/extensions/extensions.json","scheme":"vscode-userdata"},"installOnlyNewlyAddedFromExtensionPack":true}
2024-11-05 11:37:59.053 [info] Installing extension: devsense.profiler-php-vscode {"productVersion":{"version":"1.93.0","date":"2024-09-04T13:02:38.431Z"},"pinned":false,"isApplicationScoped":false,"profileLocation":{"$mid":1,"external":"vscode-userdata:/home/yoshee/.vscode/extensions/extensions.json","path":"/home/yoshee/.vscode/extensions/extensions.json","scheme":"vscode-userdata"},"installOnlyNewlyAddedFromExtensionPack":true}
2024-11-05 11:37:59.083 [info] Installing extension: devsense.composer-php-vscode {"productVersion":{"version":"1.93.0","date":"2024-09-04T13:02:38.431Z"},"pinned":false,"isApplicationScoped":false,"profileLocation":{"$mid":1,"external":"vscode-userdata:/home/yoshee/.vscode/extensions/extensions.json","path":"/home/yoshee/.vscode/extensions/extensions.json","scheme":"vscode-userdata"},"installOnlyNewlyAddedFromExtensionPack":true}
2024-11-05 11:37:59.131 [info] Installing extension: monokai.theme-monokai-pro-vscode {"productVersion":{"version":"1.93.0","date":"2024-09-04T13:02:38.431Z"},"pinned":false,"isApplicationScoped":false,"profileLocation":{"$mid":1,"external":"vscode-userdata:/home/yoshee/.vscode/extensions/extensions.json","path":"/home/yoshee/.vscode/extensions/extensions.json","scheme":"vscode-userdata"},"installOnlyNewlyAddedFromExtensionPack":true}
2024-11-05 11:37:59.337 [info] Installing extension: ms-python.vscode-pylance {"productVersion":{"version":"1.93.0","date":"2024-09-04T13:02:38.431Z"},"pinned":false,"isApplicationScoped":false,"profileLocation":{"$mid":1,"external":"vscode-userdata:/home/yoshee/.vscode/extensions/extensions.json","path":"/home/yoshee/.vscode/extensions/extensions.json","scheme":"vscode-userdata"},"installOnlyNewlyAddedFromExtensionPack":true}
2024-11-05 11:37:59.443 [info] Installing extension: ms-dotnettools.dotnet-interactive-vscode {"productVersion":{"version":"1.93.0","date":"2024-09-04T13:02:38.431Z"},"pinned":false,"isApplicationScoped":false,"profileLocation":{"$mid":1,"external":"vscode-userdata:/home/yoshee/.vscode/extensions/extensions.json","path":"/home/yoshee/.vscode/extensions/extensions.json","scheme":"vscode-userdata"},"installOnlyNewlyAddedFromExtensionPack":true}
2024-11-05 11:38:33.751 [info] Extension signature verification result for pkief.material-icon-theme: Success. Executed: true. Duration: 1432ms.
2024-11-05 11:38:33.788 [info] Extension signature verification result for devsense.profiler-php-vscode: Success. Executed: true. Duration: 1307ms.
2024-11-05 11:38:33.818 [info] Extracted extension to file:///home/yoshee/.vscode/extensions/devsense.profiler-php-vscode-1.52.16273: devsense.profiler-php-vscode
2024-11-05 11:38:33.822 [info] Renamed to /home/yoshee/.vscode/extensions/devsense.profiler-php-vscode-1.52.16273
2024-11-05 11:38:33.858 [info] Extension signature verification result for devsense.composer-php-vscode: Success. Executed: true. Duration: 1239ms.
2024-11-05 11:38:33.859 [info] Marked extension as uninstalled devsense.profiler-php-vscode-1.52.16226
2024-11-05 11:38:33.871 [info] Extension installed successfully: devsense.profiler-php-vscode vscode-userdata:/home/yoshee/.vscode/extensions/extensions.json
2024-11-05 11:38:33.894 [info] Extracted extension to file:///home/yoshee/.vscode/extensions/devsense.composer-php-vscode-1.52.16273: devsense.composer-php-vscode
2024-11-05 11:38:33.897 [info] Renamed to /home/yoshee/.vscode/extensions/devsense.composer-php-vscode-1.52.16273
2024-11-05 11:38:33.925 [info] Marked extension as uninstalled devsense.composer-php-vscode-1.52.16226
2024-11-05 11:38:33.937 [info] Extension installed successfully: devsense.composer-php-vscode vscode-userdata:/home/yoshee/.vscode/extensions/extensions.json
2024-11-05 11:38:34.425 [info] Extracted extension to file:///home/yoshee/.vscode/extensions/pkief.material-icon-theme-5.12.0: pkief.material-icon-theme
2024-11-05 11:38:34.434 [info] Renamed to /home/yoshee/.vscode/extensions/pkief.material-icon-theme-5.12.0
2024-11-05 11:38:34.458 [info] Marked extension as uninstalled pkief.material-icon-theme-5.11.1
2024-11-05 11:38:34.471 [info] Extension installed successfully: pkief.material-icon-theme vscode-userdata:/home/yoshee/.vscode/extensions/extensions.json
2024-11-05 11:38:34.518 [error] [uncaught exception in sharedProcess]: Error: ENOENT: no such file or directory, stat '/home/yoshee/.vscode/extensions/extensions.json.vsctmp': EntryNotFound (FileSystemError): Error: ENOENT: no such file or directory, stat '/home/yoshee/.vscode/extensions/extensions.json.vsctmp'
    at o.create (/usr/share/code/resources/app/out/vs/code/node/sharedProcess/sharedProcessMain.js:54:19406)
    at u (/usr/share/code/resources/app/out/vs/code/node/sharedProcess/sharedProcessMain.js:54:19517)
    at $.hb (/usr/share/code/resources/app/out/vs/code/node/sharedProcess/sharedProcessMain.js:59:36674)
    at $.stat (/usr/share/code/resources/app/out/vs/code/node/sharedProcess/sharedProcessMain.js:59:29001)
    at async c.stat (/usr/share/code/resources/app/out/vs/code/node/sharedProcess/sharedProcessMain.js:59:14931)
    at async W.ub (/usr/share/code/resources/app/out/vs/code/node/sharedProcess/sharedProcessMain.js:105:120356)
2024-11-05 11:38:38.582 [info] Extension signature verification result for monokai.theme-monokai-pro-vscode: Success. Executed: true. Duration: 694ms.
2024-11-05 11:38:38.603 [info] Extracted extension to file:///home/yoshee/.vscode/extensions/monokai.theme-monokai-pro-vscode-2.0.2: monokai.theme-monokai-pro-vscode
2024-11-05 11:38:38.612 [info] Renamed to /home/yoshee/.vscode/extensions/monokai.theme-monokai-pro-vscode-2.0.2
2024-11-05 11:38:38.634 [info] Marked extension as uninstalled monokai.theme-monokai-pro-vscode-1.3.2
2024-11-05 11:38:38.651 [info] Extension installed successfully: monokai.theme-monokai-pro-vscode vscode-userdata:/home/yoshee/.vscode/extensions/extensions.json
2024-11-05 11:38:38.695 [error] [uncaught exception in sharedProcess]: Error: ENOENT: no such file or directory, stat '/home/yoshee/.vscode/extensions/extensions.json.vsctmp': EntryNotFound (FileSystemError): Error: ENOENT: no such file or directory, stat '/home/yoshee/.vscode/extensions/extensions.json.vsctmp'
    at o.create (/usr/share/code/resources/app/out/vs/code/node/sharedProcess/sharedProcessMain.js:54:19406)
    at u (/usr/share/code/resources/app/out/vs/code/node/sharedProcess/sharedProcessMain.js:54:19517)
    at $.hb (/usr/share/code/resources/app/out/vs/code/node/sharedProcess/sharedProcessMain.js:59:36674)
    at $.stat (/usr/share/code/resources/app/out/vs/code/node/sharedProcess/sharedProcessMain.js:59:29001)
    at async c.stat (/usr/share/code/resources/app/out/vs/code/node/sharedProcess/sharedProcessMain.js:59:14931)
    at async W.ub (/usr/share/code/resources/app/out/vs/code/node/sharedProcess/sharedProcessMain.js:105:120356)
2024-11-05 11:38:51.827 [info] Extension signature verification result for ms-vscode-remote.remote-wsl: Success. Executed: true. Duration: 945ms.
2024-11-05 11:38:51.885 [info] Extracted extension to file:///home/yoshee/.vscode/extensions/ms-vscode-remote.remote-wsl-0.88.5: ms-vscode-remote.remote-wsl
2024-11-05 11:38:51.889 [info] Renamed to /home/yoshee/.vscode/extensions/ms-vscode-remote.remote-wsl-0.88.5
2024-11-05 11:38:51.902 [info] Marked extension as uninstalled ms-vscode-remote.remote-wsl-0.88.4
2024-11-05 11:38:51.934 [info] Extension installed successfully: ms-vscode-remote.remote-wsl vscode-userdata:/home/yoshee/.vscode/extensions/extensions.json
2024-11-05 11:38:51.975 [error] [uncaught exception in sharedProcess]: Error: ENOENT: no such file or directory, stat '/home/yoshee/.vscode/extensions/extensions.json.vsctmp': EntryNotFound (FileSystemError): Error: ENOENT: no such file or directory, stat '/home/yoshee/.vscode/extensions/extensions.json.vsctmp'
    at o.create (/usr/share/code/resources/app/out/vs/code/node/sharedProcess/sharedProcessMain.js:54:19406)
    at u (/usr/share/code/resources/app/out/vs/code/node/sharedProcess/sharedProcessMain.js:54:19517)
    at $.hb (/usr/share/code/resources/app/out/vs/code/node/sharedProcess/sharedProcessMain.js:59:36674)
    at $.stat (/usr/share/code/resources/app/out/vs/code/node/sharedProcess/sharedProcessMain.js:59:29001)
    at async c.stat (/usr/share/code/resources/app/out/vs/code/node/sharedProcess/sharedProcessMain.js:59:14931)
    at async W.ub (/usr/share/code/resources/app/out/vs/code/node/sharedProcess/sharedProcessMain.js:105:120356)
2024-11-05 11:39:22.502 [info] Getting Manifest... ms-python.python
2024-11-05 11:39:53.625 [info] Getting Manifest... ms-toolsai.jupyter
2024-11-05 11:40:26.923 [info] Extension signature verification result for ms-dotnettools.dotnet-interactive-vscode: Success. Executed: true. Duration: 712ms.
2024-11-05 11:40:27.495 [info] Extracted extension to file:///home/yoshee/.vscode/extensions/ms-dotnettools.dotnet-interactive-vscode-1.0.5530010: ms-dotnettools.dotnet-interactive-vscode
2024-11-05 11:40:27.505 [info] Renamed to /home/yoshee/.vscode/extensions/ms-dotnettools.dotnet-interactive-vscode-1.0.5530010
2024-11-05 11:40:27.536 [info] Marked extension as uninstalled ms-dotnettools.dotnet-interactive-vscode-1.0.5229040
2024-11-05 11:40:27.546 [info] Extension installed successfully: ms-dotnettools.dotnet-interactive-vscode vscode-userdata:/home/yoshee/.vscode/extensions/extensions.json
2024-11-05 11:40:27.591 [error] [uncaught exception in sharedProcess]: Error: ENOENT: no such file or directory, stat '/home/yoshee/.vscode/extensions/extensions.json.vsctmp': EntryNotFound (FileSystemError): Error: ENOENT: no such file or directory, stat '/home/yoshee/.vscode/extensions/extensions.json.vsctmp'
    at o.create (/usr/share/code/resources/app/out/vs/code/node/sharedProcess/sharedProcessMain.js:54:19406)
    at u (/usr/share/code/resources/app/out/vs/code/node/sharedProcess/sharedProcessMain.js:54:19517)
    at $.hb (/usr/share/code/resources/app/out/vs/code/node/sharedProcess/sharedProcessMain.js:59:36674)
    at $.stat (/usr/share/code/resources/app/out/vs/code/node/sharedProcess/sharedProcessMain.js:59:29001)
    at async c.stat (/usr/share/code/resources/app/out/vs/code/node/sharedProcess/sharedProcessMain.js:59:14931)
    at async W.ub (/usr/share/code/resources/app/out/vs/code/node/sharedProcess/sharedProcessMain.js:105:120356)
2024-11-05 11:41:43.994 [info] Getting Manifest... github.github-vscode-theme
2024-11-05 11:41:43.999 [info] Installing extension: github.github-vscode-theme {"isMachineScoped":false,"profileLocation":{"$mid":1,"external":"vscode-userdata:/home/yoshee/.vscode/extensions/extensions.json","path":"/home/yoshee/.vscode/extensions/extensions.json","scheme":"vscode-userdata"},"installOnlyNewlyAddedFromExtensionPack":true,"isApplicationScoped":false,"productVersion":{"version":"1.93.0","date":"2024-09-04T13:02:38.431Z"}}
2024-11-05 11:41:47.471 [info] Extension signature verification result for github.github-vscode-theme: Success. Executed: true. Duration: 708ms.
2024-11-05 11:41:47.492 [info] Extracted extension to file:///home/yoshee/.vscode/extensions/github.github-vscode-theme-6.3.5: github.github-vscode-theme
2024-11-05 11:41:47.500 [info] Renamed to /home/yoshee/.vscode/extensions/github.github-vscode-theme-6.3.5
2024-11-05 11:41:47.536 [info] Extension installed successfully: github.github-vscode-theme vscode-userdata:/home/yoshee/.vscode/extensions/extensions.json
2024-11-05 11:41:47.587 [error] [uncaught exception in sharedProcess]: Error: ENOENT: no such file or directory, stat '/home/yoshee/.vscode/extensions/extensions.json.vsctmp': EntryNotFound (FileSystemError): Error: ENOENT: no such file or directory, stat '/home/yoshee/.vscode/extensions/extensions.json.vsctmp'
    at o.create (/usr/share/code/resources/app/out/vs/code/node/sharedProcess/sharedProcessMain.js:54:19406)
    at u (/usr/share/code/resources/app/out/vs/code/node/sharedProcess/sharedProcessMain.js:54:19517)
    at $.hb (/usr/share/code/resources/app/out/vs/code/node/sharedProcess/sharedProcessMain.js:59:36674)
    at $.stat (/usr/share/code/resources/app/out/vs/code/node/sharedProcess/sharedProcessMain.js:59:29001)
    at async c.stat (/usr/share/code/resources/app/out/vs/code/node/sharedProcess/sharedProcessMain.js:59:14931)
    at async W.ub (/usr/share/code/resources/app/out/vs/code/node/sharedProcess/sharedProcessMain.js:105:120356)
2024-11-05 11:45:19.723 [info] Extension signature verification result for ms-python.vscode-pylance: Success. Executed: true. Duration: 773ms.
2024-11-05 11:45:23.522 [info] Extracted extension to file:///home/yoshee/.vscode/extensions/ms-python.vscode-pylance-2024.11.1: ms-python.vscode-pylance
2024-11-05 11:45:23.531 [info] Renamed to /home/yoshee/.vscode/extensions/ms-python.vscode-pylance-2024.11.1
2024-11-05 11:45:23.572 [info] Marked extension as uninstalled ms-python.vscode-pylance-2024.10.1
2024-11-05 11:45:23.577 [info] Extension installed successfully: ms-python.vscode-pylance vscode-userdata:/home/yoshee/.vscode/extensions/extensions.json
2024-11-05 11:45:23.617 [error] [uncaught exception in sharedProcess]: Error: ENOENT: no such file or directory, stat '/home/yoshee/.vscode/extensions/extensions.json.vsctmp': EntryNotFound (FileSystemError): Error: ENOENT: no such file or directory, stat '/home/yoshee/.vscode/extensions/extensions.json.vsctmp'
    at o.create (/usr/share/code/resources/app/out/vs/code/node/sharedProcess/sharedProcessMain.js:54:19406)
    at u (/usr/share/code/resources/app/out/vs/code/node/sharedProcess/sharedProcessMain.js:54:19517)
    at $.hb (/usr/share/code/resources/app/out/vs/code/node/sharedProcess/sharedProcessMain.js:59:36674)
    at $.stat (/usr/share/code/resources/app/out/vs/code/node/sharedProcess/sharedProcessMain.js:59:29001)
    at async c.stat (/usr/share/code/resources/app/out/vs/code/node/sharedProcess/sharedProcessMain.js:59:14931)
    at async W.ub (/usr/share/code/resources/app/out/vs/code/node/sharedProcess/sharedProcessMain.js:105:120356)
