2024-11-11 22:30:34.384 [info] Configuration changed
2024-11-11 22:32:17.047 [info] Active editor: vscode-notebook-cell:/home/yoshee/hse/machine_learning/sem_8_classwork.ipynb#W1sZmlsZQ%3D%3D
2024-11-11 22:32:22.097 [info] Active editor: vscode-notebook-cell:/home/yoshee/hse/machine_learning/sem_8_classwork.ipynb#W3sZmlsZQ%3D%3D
2024-11-11 22:32:23.014 [info] Active editor: vscode-notebook-cell:/home/yoshee/hse/machine_learning/sem_8_classwork.ipynb#W4sZmlsZQ%3D%3D
2024-11-11 22:33:17.174 [info] Active editor: vscode-notebook-cell:/home/yoshee/hse/machine_learning/sem_8_classwork.ipynb#W3sZmlsZQ%3D%3D
2024-11-11 22:33:19.265 [info] Active editor: vscode-notebook-cell:/home/yoshee/hse/machine_learning/sem_8_classwork.ipynb#W4sZmlsZQ%3D%3D
2024-11-11 22:33:24.210 [info] Active editor: vscode-notebook-cell:/home/yoshee/hse/machine_learning/sem_8_classwork.ipynb#W4sZmlsZQ%3D%3D
2024-11-11 22:33:37.982 [info] Active editor: vscode-notebook-cell:/home/yoshee/hse/machine_learning/sem_8_classwork.ipynb#W4sZmlsZQ%3D%3D
2024-11-11 22:34:08.208 [info] Active editor: vscode-notebook-cell:/home/yoshee/hse/machine_learning/sem_8_classwork.ipynb#W5sZmlsZQ%3D%3D
2024-11-11 22:34:09.758 [info] Active editor: vscode-notebook-cell:/home/yoshee/hse/machine_learning/sem_8_classwork.ipynb#W5sZmlsZQ%3D%3D
2024-11-11 22:34:15.631 [info] Active editor: vscode-notebook-cell:/home/yoshee/hse/machine_learning/sem_8_classwork.ipynb#W3sZmlsZQ%3D%3D
2024-11-11 22:34:19.499 [info] Active editor: vscode-notebook-cell:/home/yoshee/hse/machine_learning/sem_8_classwork.ipynb#W3sZmlsZQ%3D%3D
2024-11-11 22:35:00.841 [info] Active editor: vscode-notebook-cell:/home/yoshee/hse/machine_learning/sem_8_classwork.ipynb#W3sZmlsZQ%3D%3D
2024-11-11 22:35:03.200 [info] Active editor: vscode-notebook-cell:/home/yoshee/hse/machine_learning/sem_8_classwork.ipynb#W3sZmlsZQ%3D%3D
2024-11-11 22:35:25.928 [info] Active editor: vscode-notebook-cell:/home/yoshee/hse/machine_learning/sem_8_classwork.ipynb#W3sZmlsZQ%3D%3D
2024-11-11 22:35:27.656 [info] Active editor: vscode-notebook-cell:/home/yoshee/hse/machine_learning/sem_8_classwork.ipynb#W3sZmlsZQ%3D%3D
2024-11-11 22:35:28.559 [info] Active editor: vscode-notebook-cell:/home/yoshee/hse/machine_learning/sem_8_classwork.ipynb#W3sZmlsZQ%3D%3D
2024-11-11 22:35:42.032 [info] Active editor: vscode-notebook-cell:/home/yoshee/hse/machine_learning/sem_8_classwork.ipynb#W3sZmlsZQ%3D%3D
2024-11-11 22:35:42.235 [info] Active editor: vscode-notebook-cell:/home/yoshee/hse/machine_learning/sem_8_classwork.ipynb#W3sZmlsZQ%3D%3D
2024-11-11 22:39:30.530 [info] Active editor: vscode-notebook-cell:/home/yoshee/hse/machine_learning/sem_8_classwork.ipynb#W4sZmlsZQ%3D%3D
2024-11-11 22:39:33.718 [info] Active editor: vscode-notebook-cell:/home/yoshee/hse/machine_learning/sem_8_classwork.ipynb#W4sZmlsZQ%3D%3D
2024-11-11 22:39:34.539 [info] Active editor: vscode-notebook-cell:/home/yoshee/hse/machine_learning/sem_8_classwork.ipynb#W1sZmlsZQ%3D%3D
2024-11-11 22:39:35.993 [info] Active editor: vscode-notebook-cell:/home/yoshee/hse/machine_learning/sem_8_classwork.ipynb#W1sZmlsZQ%3D%3D
2024-11-11 22:39:40.641 [info] Active editor: vscode-notebook-cell:/home/yoshee/hse/machine_learning/sem_8_classwork.ipynb#W1sZmlsZQ%3D%3D
2024-11-11 22:39:42.818 [info] Active editor: vscode-notebook-cell:/home/yoshee/hse/machine_learning/sem_8_classwork.ipynb#W1sZmlsZQ%3D%3D
2024-11-11 22:39:44.328 [info] Active editor: vscode-notebook-cell:/home/yoshee/hse/machine_learning/sem_8_classwork.ipynb#W1sZmlsZQ%3D%3D
2024-11-11 22:39:57.836 [info] Active editor: vscode-notebook-cell:/home/yoshee/hse/machine_learning/sem_8_classwork.ipynb#W1sZmlsZQ%3D%3D
2024-11-11 22:40:02.958 [info] Active editor: vscode-notebook-cell:/home/yoshee/hse/machine_learning/sem_8_classwork.ipynb#X10sZmlsZQ%3D%3D
2024-11-11 22:40:04.901 [info] Active editor: vscode-notebook-cell:/home/yoshee/hse/machine_learning/sem_8_classwork.ipynb#W5sZmlsZQ%3D%3D
2024-11-11 22:40:06.723 [info] Active editor: vscode-notebook-cell:/home/yoshee/hse/machine_learning/sem_8_classwork.ipynb#X10sZmlsZQ%3D%3D
2024-11-11 22:40:43.565 [info] Active editor: vscode-notebook-cell:/home/yoshee/hse/machine_learning/sem_8_classwork.ipynb#W1sZmlsZQ%3D%3D
2024-11-11 22:42:10.241 [info] Active editor: vscode-notebook-cell:/home/yoshee/hse/machine_learning/sem_8_classwork.ipynb#W3sZmlsZQ%3D%3D
2024-11-11 22:43:35.719 [info] Active editor: vscode-notebook-cell:/home/yoshee/hse/machine_learning/sem_8_classwork.ipynb#W4sZmlsZQ%3D%3D
2024-11-11 22:43:38.634 [info] Active editor: vscode-notebook-cell:/home/yoshee/hse/machine_learning/sem_8_classwork.ipynb#W5sZmlsZQ%3D%3D
2024-11-11 22:43:42.043 [info] Active editor: vscode-notebook-cell:/home/yoshee/hse/machine_learning/sem_8_classwork.ipynb#W5sZmlsZQ%3D%3D
2024-11-11 22:43:43.810 [info] Active editor: vscode-notebook-cell:/home/yoshee/hse/machine_learning/sem_8_classwork.ipynb#W5sZmlsZQ%3D%3D
2024-11-11 22:43:52.027 [info] Active editor: vscode-notebook-cell:/home/yoshee/hse/machine_learning/sem_8_classwork.ipynb#X10sZmlsZQ%3D%3D
2024-11-11 22:43:57.919 [info] Active editor: vscode-notebook-cell:/home/yoshee/hse/machine_learning/sem_8_classwork.ipynb#X10sZmlsZQ%3D%3D
2024-11-11 22:44:14.989 [info] Active editor: vscode-notebook-cell:/home/yoshee/hse/machine_learning/sem_7_classwork.ipynb#X31sZmlsZQ%3D%3D
2024-11-11 22:44:26.408 [info] Active editor: vscode-notebook-cell:/home/yoshee/hse/machine_learning/sem_8_classwork.ipynb#X10sZmlsZQ%3D%3D
2024-11-11 22:44:27.084 [info] Active editor: vscode-notebook-cell:/home/yoshee/hse/machine_learning/sem_8_classwork.ipynb#W5sZmlsZQ%3D%3D
2024-11-11 22:44:30.869 [info] Active editor: vscode-notebook-cell:/home/yoshee/hse/machine_learning/sem_7_classwork.ipynb#X31sZmlsZQ%3D%3D
2024-11-11 22:44:36.264 [info] Active editor: vscode-notebook-cell:/home/yoshee/hse/machine_learning/sem_8_classwork.ipynb#W5sZmlsZQ%3D%3D
2024-11-11 22:45:22.972 [info] Active editor: vscode-notebook-cell:/home/yoshee/hse/machine_learning/sem_8_classwork.ipynb#W5sZmlsZQ%3D%3D
2024-11-11 22:45:51.385 [info] Active editor: vscode-notebook-cell:/home/yoshee/hse/machine_learning/sem_8_classwork.ipynb#X10sZmlsZQ%3D%3D
2024-11-11 22:46:25.161 [info] Active editor: vscode-notebook-cell:/home/yoshee/hse/machine_learning/sem_8_classwork.ipynb#X12sZmlsZQ%3D%3D
2024-11-11 22:46:31.775 [info] Active editor: vscode-notebook-cell:/home/yoshee/hse/machine_learning/sem_8_classwork.ipynb#X14sZmlsZQ%3D%3D
2024-11-11 22:46:37.689 [info] Active editor: vscode-notebook-cell:/home/yoshee/hse/machine_learning/sem_8_classwork.ipynb#X20sZmlsZQ%3D%3D
2024-11-11 22:46:43.302 [info] Active editor: vscode-notebook-cell:/home/yoshee/hse/machine_learning/sem_8_classwork.ipynb#X22sZmlsZQ%3D%3D
2024-11-11 22:46:45.415 [info] Active editor: vscode-notebook-cell:/home/yoshee/hse/machine_learning/sem_8_classwork.ipynb#X23sZmlsZQ%3D%3D
2024-11-11 22:46:50.689 [info] Active editor: vscode-notebook-cell:/home/yoshee/hse/machine_learning/sem_8_classwork.ipynb#X23sZmlsZQ%3D%3D
2024-11-11 22:47:00.442 [info] Active editor: vscode-notebook-cell:/home/yoshee/hse/machine_learning/sem_8_classwork.ipynb#X23sZmlsZQ%3D%3D
2024-11-11 22:47:08.217 [info] Active editor: vscode-notebook-cell:/home/yoshee/hse/machine_learning/sem_8_classwork.ipynb#W3sZmlsZQ%3D%3D
2024-11-11 22:47:13.934 [info] Active editor: vscode-notebook-cell:/home/yoshee/hse/machine_learning/sem_8_classwork.ipynb#W4sZmlsZQ%3D%3D
2024-11-11 22:47:14.316 [info] Active editor: vscode-notebook-cell:/home/yoshee/hse/machine_learning/sem_8_classwork.ipynb#W3sZmlsZQ%3D%3D
2024-11-11 22:47:14.322 [info] Active editor: vscode-notebook-cell:/home/yoshee/hse/machine_learning/sem_8_classwork.ipynb#W5sZmlsZQ%3D%3D
2024-11-11 22:47:15.385 [info] Active editor: vscode-notebook-cell:/home/yoshee/hse/machine_learning/sem_8_classwork.ipynb#X10sZmlsZQ%3D%3D
2024-11-11 22:47:15.795 [info] Active editor: vscode-notebook-cell:/home/yoshee/hse/machine_learning/sem_8_classwork.ipynb#X12sZmlsZQ%3D%3D
2024-11-11 22:47:16.183 [info] Active editor: vscode-notebook-cell:/home/yoshee/hse/machine_learning/sem_8_classwork.ipynb#X14sZmlsZQ%3D%3D
2024-11-11 22:47:18.042 [info] Active editor: vscode-notebook-cell:/home/yoshee/hse/machine_learning/sem_8_classwork.ipynb#X20sZmlsZQ%3D%3D
2024-11-11 22:47:20.290 [info] Active editor: vscode-notebook-cell:/home/yoshee/hse/machine_learning/sem_8_classwork.ipynb#X22sZmlsZQ%3D%3D
2024-11-11 22:47:20.739 [info] Active editor: vscode-notebook-cell:/home/yoshee/hse/machine_learning/sem_8_classwork.ipynb#X23sZmlsZQ%3D%3D
2024-11-11 22:47:20.946 [info] Active editor: vscode-notebook-cell:/home/yoshee/hse/machine_learning/sem_8_classwork.ipynb#X24sZmlsZQ%3D%3D
2024-11-11 22:47:22.405 [info] Active editor: vscode-notebook-cell:/home/yoshee/hse/machine_learning/sem_8_classwork.ipynb#X23sZmlsZQ%3D%3D
2024-11-11 22:47:32.309 [info] Active editor: vscode-notebook-cell:/home/yoshee/hse/machine_learning/sem_8_classwork.ipynb#X24sZmlsZQ%3D%3D
2024-11-11 22:47:33.332 [info] Active editor: vscode-notebook-cell:/home/yoshee/hse/machine_learning/sem_8_classwork.ipynb#X25sZmlsZQ%3D%3D
2024-11-11 22:47:38.720 [info] Active editor: vscode-notebook-cell:/home/yoshee/hse/machine_learning/sem_8_classwork.ipynb#X30sZmlsZQ%3D%3D
2024-11-11 22:47:41.157 [info] Active editor: vscode-notebook-cell:/home/yoshee/hse/machine_learning/sem_8_classwork.ipynb#X31sZmlsZQ%3D%3D
2024-11-11 22:47:43.568 [info] Active editor: vscode-notebook-cell:/home/yoshee/hse/machine_learning/sem_8_classwork.ipynb#X31sZmlsZQ%3D%3D
2024-11-11 22:47:45.633 [warning] invalid cursor stop position. [3, 41].
2024-11-11 22:47:45.633 [warning] invalid cursor position. [[3, 41] | [3, 41]].
2024-11-11 22:47:49.539 [info] Active editor: vscode-notebook-cell:/home/yoshee/hse/machine_learning/sem_8_classwork.ipynb#X31sZmlsZQ%3D%3D
2024-11-11 22:48:19.315 [info] Active editor: vscode-notebook-cell:/home/yoshee/Downloads/Untitled6.ipynb#W0sZmlsZQ%3D%3D
2024-11-11 22:48:27.839 [info] Active editor: vscode-notebook-cell:/home/yoshee/Downloads/Untitled6.ipynb#W0sZmlsZQ%3D%3D
2024-11-11 22:48:57.344 [info] Active editor: vscode-notebook-cell:/home/yoshee/Downloads/Untitled6.ipynb#W0sZmlsZQ%3D%3D
2024-11-11 22:49:07.667 [info] Active editor: vscode-notebook-cell:/home/yoshee/Downloads/Untitled6.ipynb#W1sZmlsZQ%3D%3D
2024-11-11 22:49:08.979 [info] Active editor: vscode-notebook-cell:/home/yoshee/Downloads/Untitled6.ipynb#W2sZmlsZQ%3D%3D
2024-11-11 22:49:10.638 [info] Active editor: vscode-notebook-cell:/home/yoshee/Downloads/Untitled6.ipynb#W3sZmlsZQ%3D%3D
2024-11-11 22:49:22.093 [info] Active editor: vscode-notebook-cell:/home/yoshee/Downloads/Untitled6.ipynb#W3sZmlsZQ%3D%3D
2024-11-11 22:49:24.761 [info] Active editor: vscode-notebook-cell:/home/yoshee/Downloads/Untitled6.ipynb#W3sZmlsZQ%3D%3D
2024-11-11 22:49:30.387 [info] Active editor: vscode-notebook-cell:/home/yoshee/Downloads/Untitled6.ipynb#W4sZmlsZQ%3D%3D
2024-11-11 22:49:32.621 [info] Active editor: vscode-notebook-cell:/home/yoshee/Downloads/Untitled6.ipynb#W5sZmlsZQ%3D%3D
2024-11-11 22:49:34.857 [info] Active editor: vscode-notebook-cell:/home/yoshee/Downloads/Untitled6.ipynb#W6sZmlsZQ%3D%3D
2024-11-11 22:49:37.567 [info] Active editor: vscode-notebook-cell:/home/yoshee/hse/machine_learning/sem_8_classwork.ipynb#X31sZmlsZQ%3D%3D
2024-11-11 22:49:38.267 [info] Active editor: vscode-notebook-cell:/home/yoshee/hse/machine_learning/sem_8_classwork.ipynb#X31sZmlsZQ%3D%3D
2024-11-11 22:49:41.538 [info] Active editor: vscode-notebook-cell:/home/yoshee/Downloads/Untitled6.ipynb#W6sZmlsZQ%3D%3D
2024-11-11 22:49:50.907 [info] Active editor: vscode-notebook-cell:/home/yoshee/Downloads/Untitled6.ipynb#W6sZmlsZQ%3D%3D
2024-11-11 22:50:06.010 [info] Active editor: vscode-notebook-cell:/home/yoshee/Downloads/Untitled6.ipynb#W6sZmlsZQ%3D%3D
2024-11-11 22:50:19.354 [info] Active editor: vscode-notebook-cell:/home/yoshee/hse/machine_learning/sem_8_classwork.ipynb#X31sZmlsZQ%3D%3D
2024-11-11 22:50:20.766 [info] Active editor: vscode-notebook-cell:/home/yoshee/hse/machine_learning/sem_8_classwork.ipynb#X31sZmlsZQ%3D%3D
2024-11-11 22:50:46.409 [info] /home/yoshee/Downloads/Untitled6.ipynb closed
2024-11-11 22:50:46.409 [info] /home/yoshee/Downloads/Untitled6.ipynb closed
2024-11-11 22:50:46.409 [info] /home/yoshee/Downloads/Untitled6.ipynb closed
2024-11-11 22:50:46.409 [info] /home/yoshee/Downloads/Untitled6.ipynb closed
2024-11-11 22:50:46.409 [info] /home/yoshee/Downloads/Untitled6.ipynb closed
2024-11-11 22:50:46.409 [info] /home/yoshee/Downloads/Untitled6.ipynb closed
2024-11-11 22:50:46.409 [info] /home/yoshee/Downloads/Untitled6.ipynb closed
2024-11-11 22:50:46.409 [info] /home/yoshee/Downloads/Untitled6.ipynb closed
2024-11-11 22:50:46.409 [info] /home/yoshee/Downloads/Untitled6.ipynb closed
2024-11-11 22:50:46.409 [info] /home/yoshee/Downloads/Untitled6.ipynb closed
2024-11-11 22:50:46.409 [info] /home/yoshee/Downloads/Untitled6.ipynb closed
2024-11-11 22:50:46.409 [info] /home/yoshee/Downloads/Untitled6.ipynb closed
2024-11-11 22:50:46.409 [info] /home/yoshee/Downloads/Untitled6.ipynb closed
2024-11-11 22:50:48.436 [info] /home/yoshee/hse/machine_learning/sem_8_classwork.ipynb closed
2024-11-11 22:50:48.436 [info] /home/yoshee/hse/machine_learning/sem_8_classwork.ipynb closed
2024-11-11 22:50:48.436 [info] /home/yoshee/hse/machine_learning/sem_8_classwork.ipynb closed
2024-11-11 22:50:48.436 [info] /home/yoshee/hse/machine_learning/sem_8_classwork.ipynb closed
2024-11-11 22:50:48.436 [info] /home/yoshee/hse/machine_learning/sem_8_classwork.ipynb closed
2024-11-11 22:50:48.436 [info] /home/yoshee/hse/machine_learning/sem_8_classwork.ipynb closed
2024-11-11 22:50:48.436 [info] /home/yoshee/hse/machine_learning/sem_8_classwork.ipynb closed
2024-11-11 22:50:48.436 [info] /home/yoshee/hse/machine_learning/sem_8_classwork.ipynb closed
2024-11-11 22:50:48.436 [info] /home/yoshee/hse/machine_learning/sem_8_classwork.ipynb closed
2024-11-11 22:50:48.436 [info] /home/yoshee/hse/machine_learning/sem_8_classwork.ipynb closed
2024-11-11 22:50:48.436 [info] /home/yoshee/hse/machine_learning/sem_8_classwork.ipynb closed
2024-11-11 22:50:48.436 [info] /home/yoshee/hse/machine_learning/sem_8_classwork.ipynb closed
2024-11-11 22:50:48.436 [info] /home/yoshee/hse/machine_learning/sem_8_classwork.ipynb closed
2024-11-11 22:50:48.436 [info] /home/yoshee/hse/machine_learning/sem_8_classwork.ipynb closed
2024-11-11 22:50:48.436 [info] /home/yoshee/hse/machine_learning/sem_8_classwork.ipynb closed
2024-11-11 22:50:48.436 [info] /home/yoshee/hse/machine_learning/sem_8_classwork.ipynb closed
2024-11-11 22:50:48.436 [info] /home/yoshee/hse/machine_learning/sem_8_classwork.ipynb closed
2024-11-11 22:50:48.436 [info] /home/yoshee/hse/machine_learning/sem_8_classwork.ipynb closed
2024-11-11 22:50:48.436 [info] /home/yoshee/hse/machine_learning/sem_8_classwork.ipynb closed
2024-11-11 22:50:48.436 [info] /home/yoshee/hse/machine_learning/sem_8_classwork.ipynb closed
2024-11-11 22:50:48.436 [info] /home/yoshee/hse/machine_learning/sem_8_classwork.ipynb closed
2024-11-11 22:50:48.436 [info] /home/yoshee/hse/machine_learning/sem_8_classwork.ipynb closed
2024-11-11 22:50:48.436 [info] /home/yoshee/hse/machine_learning/sem_8_classwork.ipynb closed
2024-11-11 22:56:40.945 [info] Active editor: vscode-notebook-cell:/home/yoshee/hse/machine_learning/sem9_classwork.ipynb#X14sZmlsZQ%3D%3D
2024-11-11 22:56:55.293 [info] Active editor: vscode-notebook-cell:/home/yoshee/hse/machine_learning/sem9_classwork.ipynb#X13sZmlsZQ%3D%3D
2024-11-11 22:57:00.617 [info] Active editor: vscode-notebook-cell:/home/yoshee/hse/machine_learning/sem9_classwork.ipynb#X14sZmlsZQ%3D%3D
2024-11-11 22:57:54.240 [info] Active editor: vscode-notebook-cell:/home/yoshee/hse/machine_learning/sem9_classwork.ipynb#X14sZmlsZQ%3D%3D
2024-11-11 23:04:40.872 [info] Active editor: vscode-notebook-cell:/home/yoshee/hse/machine_learning/sem9_classwork.ipynb#X13sZmlsZQ%3D%3D
2024-11-11 23:04:44.837 [info] Active editor: vscode-notebook-cell:/home/yoshee/hse/machine_learning/sem9_classwork.ipynb#X13sZmlsZQ%3D%3D
