2024-10-22 09:44:11.523 [info] Configuration changed
2024-10-22 09:44:12.454 [info] Configuration changed
2024-10-22 09:46:37.554 [info] Active editor: vscode-notebook-cell:/home/yoshee/hse/machine_learning/sem_8_classwork.ipynb#W1sZmlsZQ%3D%3D
2024-10-22 09:47:11.652 [info] /home/yoshee/.vscode/extensions/ms-dotnettools.dotnet-interactive-vscode-1.0.5229040/help/DotNetVersion.md closed
2024-10-22 09:47:30.634 [info] Active editor: vscode-notebook-cell:/home/yoshee/hse/machine_learning/sem_8_classwork.ipynb#W1sZmlsZQ%3D%3D
2024-10-22 09:50:08.043 [info] Active editor: vscode-notebook-cell:/home/yoshee/hse/machine_learning/sem_8_classwork.ipynb#W3sZmlsZQ%3D%3D
2024-10-22 09:50:11.127 [info] Active editor: vscode-notebook-cell:/home/yoshee/hse/machine_learning/sem_8_classwork.ipynb#W4sZmlsZQ%3D%3D
2024-10-22 09:50:11.814 [info] Active editor: vscode-notebook-cell:/home/yoshee/hse/machine_learning/sem_8_classwork.ipynb#W5sZmlsZQ%3D%3D
2024-10-22 09:50:18.028 [info] Active editor: vscode-notebook-cell:/home/yoshee/hse/machine_learning/sem_8_classwork.ipynb#W5sZmlsZQ%3D%3D
2024-10-22 09:50:22.040 [info] Active editor: vscode-notebook-cell:/home/yoshee/hse/machine_learning/sem_8_classwork.ipynb#W5sZmlsZQ%3D%3D
2024-10-22 09:50:24.555 [info] Active editor: vscode-notebook-cell:/home/yoshee/hse/machine_learning/sem_8_classwork.ipynb#W5sZmlsZQ%3D%3D
2024-10-22 09:52:17.596 [info] Active editor: vscode-notebook-cell:/home/yoshee/hse/machine_learning/sem_8_classwork.ipynb#W5sZmlsZQ%3D%3D
2024-10-22 09:53:38.855 [info] Active editor: vscode-notebook-cell:/home/yoshee/hse/machine_learning/sem_8_classwork.ipynb#W5sZmlsZQ%3D%3D
2024-10-22 09:55:50.144 [info] Active editor: vscode-notebook-cell:/home/yoshee/hse/machine_learning/sem_8_classwork.ipynb#W5sZmlsZQ%3D%3D
2024-10-22 09:56:43.246 [info] Active editor: vscode-notebook-cell:/home/yoshee/hse/machine_learning/sem_8_classwork.ipynb#W5sZmlsZQ%3D%3D
2024-10-22 09:56:47.947 [info] Active editor: vscode-notebook-cell:/home/yoshee/hse/machine_learning/sem_8_classwork.ipynb#W5sZmlsZQ%3D%3D
2024-10-22 09:57:10.502 [info] Active editor: vscode-notebook-cell:/home/yoshee/hse/machine_learning/sem_8_classwork.ipynb#W5sZmlsZQ%3D%3D
2024-10-22 09:57:16.167 [info] Active editor: vscode-notebook-cell:/home/yoshee/hse/machine_learning/sem_8_classwork.ipynb#W5sZmlsZQ%3D%3D
2024-10-22 09:57:27.691 [info] Active editor: vscode-notebook-cell:/home/yoshee/hse/machine_learning/sem_7_classwork.ipynb#X31sZmlsZQ%3D%3D
2024-10-22 09:57:29.256 [info] Active editor: vscode-notebook-cell:/home/yoshee/hse/machine_learning/sem_7_classwork.ipynb#X31sZmlsZQ%3D%3D
2024-10-22 09:57:29.606 [info] Active editor: vscode-notebook-cell:/home/yoshee/hse/machine_learning/sem_7_classwork.ipynb#X31sZmlsZQ%3D%3D
2024-10-22 09:57:32.299 [info] Active editor: vscode-notebook-cell:/home/yoshee/hse/machine_learning/sem_8_classwork.ipynb#W5sZmlsZQ%3D%3D
2024-10-22 09:57:35.863 [info] Active editor: vscode-notebook-cell:/home/yoshee/hse/machine_learning/sem_8_classwork.ipynb#W5sZmlsZQ%3D%3D
2024-10-22 09:57:58.682 [info] Active editor: vscode-notebook-cell:/home/yoshee/hse/machine_learning/sem_8_classwork.ipynb#W5sZmlsZQ%3D%3D
2024-10-22 09:58:26.525 [info] Active editor: vscode-notebook-cell:/home/yoshee/hse/machine_learning/sem_8_classwork.ipynb#W5sZmlsZQ%3D%3D
2024-10-22 09:58:31.470 [info] Active editor: vscode-notebook-cell:/home/yoshee/hse/machine_learning/sem_8_classwork.ipynb#W5sZmlsZQ%3D%3D
2024-10-22 09:58:31.704 [info] Active editor: vscode-notebook-cell:/home/yoshee/hse/machine_learning/sem_8_classwork.ipynb#W5sZmlsZQ%3D%3D
2024-10-22 09:58:36.154 [info] Active editor: vscode-notebook-cell:/home/yoshee/hse/machine_learning/sem_8_classwork.ipynb#W5sZmlsZQ%3D%3D
2024-10-22 09:58:42.022 [info] Active editor: vscode-notebook-cell:/home/yoshee/hse/machine_learning/sem_7_classwork.ipynb#X31sZmlsZQ%3D%3D
2024-10-22 09:58:43.108 [info] Active editor: vscode-notebook-cell:/home/yoshee/hse/machine_learning/sem_8_classwork.ipynb#W5sZmlsZQ%3D%3D
2024-10-22 09:59:50.093 [info] Active editor: vscode-notebook-cell:/home/yoshee/hse/machine_learning/sem_8_classwork.ipynb#X10sZmlsZQ%3D%3D
2024-10-22 10:00:32.613 [info] Active editor: vscode-notebook-cell:/home/yoshee/hse/machine_learning/sem_8_classwork.ipynb#X10sZmlsZQ%3D%3D
2024-10-22 10:00:35.716 [info] Active editor: vscode-notebook-cell:/home/yoshee/hse/machine_learning/sem_8_classwork.ipynb#X10sZmlsZQ%3D%3D
2024-10-22 10:00:36.969 [info] Active editor: vscode-notebook-cell:/home/yoshee/hse/machine_learning/sem_8_classwork.ipynb#X10sZmlsZQ%3D%3D
2024-10-22 10:00:37.865 [info] Active editor: vscode-notebook-cell:/home/yoshee/hse/machine_learning/sem_8_classwork.ipynb#X10sZmlsZQ%3D%3D
2024-10-22 10:00:39.362 [info] Active editor: vscode-notebook-cell:/home/yoshee/hse/machine_learning/sem_8_classwork.ipynb#X10sZmlsZQ%3D%3D
2024-10-22 10:00:40.965 [info] Active editor: vscode-notebook-cell:/home/yoshee/hse/machine_learning/sem_8_classwork.ipynb#X10sZmlsZQ%3D%3D
2024-10-22 10:01:57.946 [info] Active editor: vscode-notebook-cell:/home/yoshee/hse/machine_learning/sem_8_classwork.ipynb#X12sZmlsZQ%3D%3D
2024-10-22 10:02:05.385 [info] Active editor: vscode-notebook-cell:/home/yoshee/hse/machine_learning/sem_8_classwork.ipynb#X10sZmlsZQ%3D%3D
2024-10-22 10:02:22.580 [info] Active editor: vscode-notebook-cell:/home/yoshee/hse/machine_learning/sem_8_classwork.ipynb#X12sZmlsZQ%3D%3D
2024-10-22 10:10:02.149 [info] Active editor: vscode-notebook-cell:/home/yoshee/hse/machine_learning/sem_8_classwork.ipynb#X14sZmlsZQ%3D%3D
2024-10-22 10:11:20.722 [info] Active editor: vscode-notebook-cell:/home/yoshee/hse/machine_learning/sem_8_classwork.ipynb#X20sZmlsZQ%3D%3D
2024-10-22 10:12:45.739 [info] Active editor: vscode-notebook-cell:/home/yoshee/hse/machine_learning/sem_8_classwork.ipynb#X20sZmlsZQ%3D%3D
2024-10-22 10:12:47.907 [info] Active editor: vscode-notebook-cell:/home/yoshee/hse/machine_learning/sem_8_classwork.ipynb#X20sZmlsZQ%3D%3D
2024-10-22 10:12:50.173 [info] Active editor: vscode-notebook-cell:/home/yoshee/hse/machine_learning/sem_8_classwork.ipynb#X22sZmlsZQ%3D%3D
2024-10-22 10:13:12.148 [info] Active editor: vscode-notebook-cell:/home/yoshee/hse/machine_learning/sem_8_classwork.ipynb#X23sZmlsZQ%3D%3D
2024-10-22 10:13:13.657 [info] Active editor: vscode-notebook-cell:/home/yoshee/hse/machine_learning/sem_8_classwork.ipynb#X22sZmlsZQ%3D%3D
2024-10-22 10:13:21.452 [info] Active editor: vscode-notebook-cell:/home/yoshee/hse/machine_learning/sem_8_classwork.ipynb#X23sZmlsZQ%3D%3D
2024-10-22 10:13:22.729 [info] Active editor: vscode-notebook-cell:/home/yoshee/hse/machine_learning/sem_8_classwork.ipynb#X24sZmlsZQ%3D%3D
2024-10-22 10:13:34.658 [info] Active editor: vscode-notebook-cell:/home/yoshee/hse/machine_learning/sem_8_classwork.ipynb#X24sZmlsZQ%3D%3D
2024-10-22 10:13:40.311 [info] Active editor: vscode-notebook-cell:/home/yoshee/hse/machine_learning/sem_8_classwork.ipynb#X23sZmlsZQ%3D%3D
2024-10-22 10:13:48.020 [info] Active editor: vscode-notebook-cell:/home/yoshee/hse/machine_learning/sem_8_classwork.ipynb#X24sZmlsZQ%3D%3D
2024-10-22 10:14:02.513 [info] Active editor: vscode-notebook-cell:/home/yoshee/hse/machine_learning/sem_8_classwork.ipynb#X12sZmlsZQ%3D%3D
2024-10-22 10:14:06.815 [info] Active editor: vscode-notebook-cell:/home/yoshee/hse/machine_learning/sem_8_classwork.ipynb#X12sZmlsZQ%3D%3D
2024-10-22 10:14:10.690 [info] Active editor: vscode-notebook-cell:/home/yoshee/hse/machine_learning/sem_8_classwork.ipynb#X24sZmlsZQ%3D%3D
2024-10-22 10:14:25.277 [info] Active editor: vscode-notebook-cell:/home/yoshee/hse/machine_learning/sem_8_classwork.ipynb#X24sZmlsZQ%3D%3D
2024-10-22 10:14:29.538 [info] Active editor: vscode-notebook-cell:/home/yoshee/hse/machine_learning/sem_8_classwork.ipynb#X24sZmlsZQ%3D%3D
2024-10-22 10:14:59.462 [info] Active editor: vscode-notebook-cell:/home/yoshee/hse/machine_learning/sem_8_classwork.ipynb#X25sZmlsZQ%3D%3D
2024-10-22 10:15:10.935 [info] Active editor: vscode-notebook-cell:/home/yoshee/hse/machine_learning/sem_8_classwork.ipynb#X30sZmlsZQ%3D%3D
2024-10-22 10:15:13.356 [info] Active editor: vscode-notebook-cell:/home/yoshee/hse/machine_learning/sem_8_classwork.ipynb#X31sZmlsZQ%3D%3D
2024-10-22 10:15:18.770 [info] /home/yoshee/hse/machine_learning/sem_8_classwork.ipynb closed
2024-10-22 10:15:18.770 [info] Active editor: vscode-notebook-cell:/home/yoshee/hse/machine_learning/sem_8_classwork.ipynb#X30sZmlsZQ%3D%3D
2024-10-22 10:15:30.571 [info] Active editor: vscode-notebook-cell:/home/yoshee/hse/machine_learning/sem_8_classwork.ipynb#X30sZmlsZQ%3D%3D
2024-10-22 10:15:32.566 [info] Active editor: vscode-notebook-cell:/home/yoshee/hse/machine_learning/sem_8_classwork.ipynb#X30sZmlsZQ%3D%3D
2024-10-22 10:16:03.586 [info] Active editor: vscode-notebook-cell:/home/yoshee/hse/machine_learning/sem_8_classwork.ipynb#X30sZmlsZQ%3D%3D
2024-10-22 10:16:41.826 [info] Active editor: vscode-notebook-cell:/home/yoshee/hse/machine_learning/sem_8_classwork.ipynb#X30sZmlsZQ%3D%3D
2024-10-22 10:33:02.570 [info] Active editor: vscode-notebook-cell:/home/yoshee/hse/machine_learning/sem_7_classwork.ipynb#X31sZmlsZQ%3D%3D
2024-10-22 10:33:03.515 [info] Active editor: vscode-notebook-cell:/home/yoshee/hse/machine_learning/sem_7_classwork.ipynb#X31sZmlsZQ%3D%3D
2024-10-22 10:44:39.476 [info] Active editor: vscode-notebook-cell:/home/yoshee/hse/machine_learning/sem_6_classwork.ipynb#X21sZmlsZQ%3D%3D
2024-10-22 10:45:03.503 [info] Active editor: vscode-notebook-cell:/home/yoshee/hse/machine_learning/sem_6_classwork.ipynb#X21sZmlsZQ%3D%3D
2024-10-22 10:45:05.580 [info] Active editor: vscode-notebook-cell:/home/yoshee/hse/machine_learning/sem_8_classwork.ipynb#X30sZmlsZQ%3D%3D
2024-10-22 10:48:12.027 [info] Active editor: vscode-notebook-cell:/home/yoshee/hse/machine_learning/sem_7_classwork.ipynb#X31sZmlsZQ%3D%3D
2024-10-22 11:52:54.849 [info] Active editor: vscode-notebook-cell:/home/yoshee/hse/machine_learning/sem_7_classwork.ipynb#X22sZmlsZQ%3D%3D
2024-10-22 11:53:14.423 [info] Active editor: vscode-notebook-cell:/home/yoshee/hse/machine_learning/sem_7_classwork.ipynb#X22sZmlsZQ%3D%3D
2024-10-22 11:53:29.540 [info] Active editor: vscode-notebook-cell:/home/yoshee/hse/machine_learning/sem_7_classwork.ipynb#X22sZmlsZQ%3D%3D
2024-10-22 11:53:32.641 [info] Active editor: vscode-notebook-cell:/home/yoshee/hse/machine_learning/sem_7_classwork.ipynb#X22sZmlsZQ%3D%3D
2024-10-22 11:53:35.032 [info] Active editor: vscode-notebook-cell:/home/yoshee/hse/machine_learning/sem_7_classwork.ipynb#X22sZmlsZQ%3D%3D
2024-10-22 11:53:38.522 [info] Active editor: vscode-notebook-cell:/home/yoshee/hse/machine_learning/sem_7_classwork.ipynb#X22sZmlsZQ%3D%3D
2024-10-22 11:53:46.300 [info] Active editor: vscode-notebook-cell:/home/yoshee/hse/machine_learning/sem_7_classwork.ipynb#X23sZmlsZQ%3D%3D
2024-10-22 11:54:04.337 [info] Active editor: vscode-notebook-cell:/home/yoshee/hse/machine_learning/sem_7_classwork.ipynb#X24sZmlsZQ%3D%3D
2024-10-22 11:56:30.507 [info] Active editor: vscode-notebook-cell:/home/yoshee/hse/machine_learning/sem_7_classwork.ipynb#X24sZmlsZQ%3D%3D
2024-10-22 11:57:01.995 [info] Active editor: vscode-notebook-cell:/home/yoshee/hse/machine_learning/sem_7_classwork.ipynb#X31sZmlsZQ%3D%3D
2024-10-22 11:57:46.370 [info] Active editor: vscode-notebook-cell:/home/yoshee/hse/machine_learning/sem_7_classwork.ipynb#X11sZmlsZQ%3D%3D
2024-10-22 11:57:49.121 [info] Active editor: vscode-notebook-cell:/home/yoshee/hse/machine_learning/sem_7_classwork.ipynb#X12sZmlsZQ%3D%3D
2024-10-22 11:57:52.193 [info] Active editor: vscode-notebook-cell:/home/yoshee/hse/machine_learning/sem_7_classwork.ipynb#X14sZmlsZQ%3D%3D
2024-10-22 11:58:00.382 [info] Active editor: vscode-notebook-cell:/home/yoshee/hse/machine_learning/sem_7_classwork.ipynb#X24sZmlsZQ%3D%3D
2024-10-22 11:58:45.460 [info] Active editor: vscode-notebook-cell:/home/yoshee/hse/machine_learning/sem_7_classwork.ipynb#X11sZmlsZQ%3D%3D
2024-10-22 11:58:52.077 [info] Active editor: vscode-notebook-cell:/home/yoshee/hse/machine_learning/sem_7_classwork.ipynb#X12sZmlsZQ%3D%3D
2024-10-22 11:59:05.686 [info] Active editor: vscode-notebook-cell:/home/yoshee/hse/machine_learning/sem_7_classwork.ipynb#X12sZmlsZQ%3D%3D
2024-10-22 11:59:07.237 [info] Active editor: vscode-notebook-cell:/home/yoshee/hse/machine_learning/sem_7_classwork.ipynb#X12sZmlsZQ%3D%3D
2024-10-22 11:59:20.126 [info] Active editor: vscode-notebook-cell:/home/yoshee/hse/machine_learning/sem_7_classwork.ipynb#X12sZmlsZQ%3D%3D
2024-10-22 12:00:05.267 [info] Active editor: vscode-notebook-cell:/home/yoshee/hse/machine_learning/sem_7_classwork.ipynb#X12sZmlsZQ%3D%3D
2024-10-22 12:00:05.499 [info] Active editor: vscode-notebook-cell:/home/yoshee/hse/machine_learning/sem_7_classwork.ipynb#X12sZmlsZQ%3D%3D
2024-10-22 12:00:14.277 [info] Active editor: vscode-notebook-cell:/home/yoshee/hse/machine_learning/sem_7_classwork.ipynb#X12sZmlsZQ%3D%3D
2024-10-22 12:00:14.770 [info] Active editor: vscode-notebook-cell:/home/yoshee/hse/machine_learning/sem_7_classwork.ipynb#X12sZmlsZQ%3D%3D
2024-10-22 12:00:41.594 [info] Active editor: vscode-notebook-cell:/home/yoshee/hse/machine_learning/sem_7_classwork.ipynb#X31sZmlsZQ%3D%3D
