2024-10-19 17:42:23.698 [info] Experiment 'pythonRecommendTensorboardExt' is active
2024-10-19 17:42:23.698 [info] Experiment 'pythonTerminalEnvVarActivation' is active
2024-10-19 17:42:23.698 [info] Experiment 'pythonTestAdapter' is active
2024-10-19 17:42:23.698 [warning] Dir "/home/yoshee/hse/machine_learning/.pixi/envs" is not watchable (directory does not exist)
2024-10-19 17:42:23.698 [info] Default formatter is set to esbenp.prettier-vscode for workspace /home/yoshee/hse/machine_learning
2024-10-19 17:42:23.698 [info] Starting Environment refresh
2024-10-19 17:42:23.698 [info] Searching for interpreters in posix paths locator
2024-10-19 17:42:23.698 [info] Searching for pyenv environments
2024-10-19 17:42:23.698 [info] Searching for conda environments
2024-10-19 17:42:23.698 [info] Searching for global virtual environments
2024-10-19 17:42:23.698 [info] Searching for custom virtual environments
2024-10-19 17:42:23.698 [info] pyenv is not installed
2024-10-19 17:42:23.698 [info] Finished searching for pyenv environments: 33 milliseconds
2024-10-19 17:42:23.698 [info] Finished searching for custom virtual envs: 33 milliseconds
2024-10-19 17:42:23.698 [info] > conda info --json
2024-10-19 17:42:23.698 [info] > pixi --version
2024-10-19 17:42:23.698 [info] > hatch env show --json
2024-10-19 17:42:23.698 [info] cwd: .
2024-10-19 17:42:23.698 [info] Finished searching for global virtual envs: 123 milliseconds
2024-10-19 17:42:23.709 [info] > pyenv which python
2024-10-19 17:42:23.709 [info] cwd: .
2024-10-19 17:42:23.732 [info] Found: /bin/python --> /bin/python3.12
2024-10-19 17:42:23.748 [info] Found: /bin/python3 --> /bin/python3.12
2024-10-19 17:42:23.753 [info] Found: /bin/python3.12 --> /bin/python3.12
2024-10-19 17:42:23.808 [info] > /bin/python -I ~/.vscode/extensions/ms-python.python-2024.14.1-linux-x64/python_files/get_output_via_markers.py ~/.vscode/extensions/ms-python.python-2024.14.1-linux-x64/python_files/interpreterInfo.py
2024-10-19 17:42:23.817 [info] Found: /sbin/python --> /sbin/python3.12
2024-10-19 17:42:23.819 [info] Found: /sbin/python3 --> /sbin/python3.12
2024-10-19 17:42:23.819 [info] Found: /sbin/python3.12 --> /sbin/python3.12
2024-10-19 17:42:23.834 [info] Found: /usr/bin/python --> /usr/bin/python3.12
2024-10-19 17:42:23.835 [info] Found: /usr/bin/python3 --> /usr/bin/python3.12
2024-10-19 17:42:23.835 [info] Found: /usr/bin/python3.12 --> /usr/bin/python3.12
2024-10-19 17:42:23.871 [info] Found: /usr/sbin/python --> /usr/sbin/python3.12
2024-10-19 17:42:23.871 [info] Found: /usr/sbin/python3 --> /usr/sbin/python3.12
2024-10-19 17:42:23.871 [info] Found: /usr/sbin/python3.12 --> /usr/sbin/python3.12
2024-10-19 17:42:23.872 [info] Found: /home/linuxbrew/.linuxbrew/bin/python3 --> /home/linuxbrew/.linuxbrew/Cellar/python@3.12/3.12.6/bin/python3.12
2024-10-19 17:42:23.873 [info] Found: /home/linuxbrew/.linuxbrew/bin/python3.12 --> /home/linuxbrew/.linuxbrew/Cellar/python@3.12/3.12.6/bin/python3.12
2024-10-19 17:42:23.897 [info] > /sbin/python -I ~/.vscode/extensions/ms-python.python-2024.14.1-linux-x64/python_files/get_output_via_markers.py ~/.vscode/extensions/ms-python.python-2024.14.1-linux-x64/python_files/interpreterInfo.py
2024-10-19 17:42:23.913 [info] Python interpreter path: /bin/python
2024-10-19 17:42:23.916 [warning] could not find a pixi interpreter for the interpreter at /bin/python
2024-10-19 17:42:23.946 [info] > /usr/bin/python -I ~/.vscode/extensions/ms-python.python-2024.14.1-linux-x64/python_files/get_output_via_markers.py ~/.vscode/extensions/ms-python.python-2024.14.1-linux-x64/python_files/interpreterInfo.py
2024-10-19 17:42:23.964 [info] Finished searching for interpreters in posix paths locator: 714 milliseconds
2024-10-19 17:42:23.964 [info] > /usr/sbin/python -I ~/.vscode/extensions/ms-python.python-2024.14.1-linux-x64/python_files/get_output_via_markers.py ~/.vscode/extensions/ms-python.python-2024.14.1-linux-x64/python_files/interpreterInfo.py
2024-10-19 17:42:23.972 [info] Environments refresh paths discovered (event): 729 milliseconds
2024-10-19 17:42:23.972 [info] Environments refresh paths discovered: 730 milliseconds
2024-10-19 17:42:23.981 [warning] could not find a pixi interpreter for the interpreter at /bin/python
2024-10-19 17:42:24.007 [info] > /home/linuxbrew/.linuxbrew/bin/python3 -I ~/.vscode/extensions/ms-python.python-2024.14.1-linux-x64/python_files/get_output_via_markers.py ~/.vscode/extensions/ms-python.python-2024.14.1-linux-x64/python_files/interpreterInfo.py
2024-10-19 17:42:24.088 [info] Environments refresh finished (event): 846 milliseconds
2024-10-19 17:42:24.090 [info] Environment refresh took 848 milliseconds
2024-10-19 17:42:24.140 [info] > /sbin/python3.12 -I ~/.vscode/extensions/ms-python.python-2024.14.1-linux-x64/python_files/get_output_via_markers.py ~/.vscode/extensions/ms-python.python-2024.14.1-linux-x64/python_files/interpreterInfo.py
2024-10-19 17:42:24.154 [info] > /usr/sbin/python3.12 -I ~/.vscode/extensions/ms-python.python-2024.14.1-linux-x64/python_files/get_output_via_markers.py ~/.vscode/extensions/ms-python.python-2024.14.1-linux-x64/python_files/interpreterInfo.py
2024-10-19 17:42:24.189 [info] > /bin/python3.12 -I ~/.vscode/extensions/ms-python.python-2024.14.1-linux-x64/python_files/get_output_via_markers.py ~/.vscode/extensions/ms-python.python-2024.14.1-linux-x64/python_files/interpreterInfo.py
2024-10-19 17:42:24.202 [info] > /usr/bin/python3.12 -I ~/.vscode/extensions/ms-python.python-2024.14.1-linux-x64/python_files/get_output_via_markers.py ~/.vscode/extensions/ms-python.python-2024.14.1-linux-x64/python_files/interpreterInfo.py
2024-10-19 17:42:24.232 [info] > /bin/python3 -I ~/.vscode/extensions/ms-python.python-2024.14.1-linux-x64/python_files/get_output_via_markers.py ~/.vscode/extensions/ms-python.python-2024.14.1-linux-x64/python_files/interpreterInfo.py
2024-10-19 17:42:24.250 [info] > /usr/sbin/python3 -I ~/.vscode/extensions/ms-python.python-2024.14.1-linux-x64/python_files/get_output_via_markers.py ~/.vscode/extensions/ms-python.python-2024.14.1-linux-x64/python_files/interpreterInfo.py
2024-10-19 17:42:24.279 [info] > /usr/bin/python3 -I ~/.vscode/extensions/ms-python.python-2024.14.1-linux-x64/python_files/get_output_via_markers.py ~/.vscode/extensions/ms-python.python-2024.14.1-linux-x64/python_files/interpreterInfo.py
2024-10-19 17:42:24.301 [info] > /sbin/python3 -I ~/.vscode/extensions/ms-python.python-2024.14.1-linux-x64/python_files/get_output_via_markers.py ~/.vscode/extensions/ms-python.python-2024.14.1-linux-x64/python_files/interpreterInfo.py
2024-10-19 17:42:24.307 [warning] could not find a pixi interpreter for the interpreter at /bin/python3
2024-10-19 17:42:24.328 [warning] could not find a pixi interpreter for the interpreter at /bin/python3
2024-10-19 17:42:24.365 [warning] could not find a pixi interpreter for the interpreter at /bin/python3
2024-10-19 17:42:24.919 [info] Starting Pylance language server.
2024-10-19 17:42:59.589 [warning] could not find a pixi interpreter for the interpreter at /bin/python3
2024-10-19 17:44:49.482 [warning] could not find a pixi interpreter for the interpreter at /bin/python3
