2024-10-19 22:08:01.330 [info] (Client) Pylance async client (2024.10.1) started with python extension (2024.14.1)
2024-10-19 22:08:01.734 [info] [Info  - 22:08:01] (3053) Server root directory: file:///home/yoshee/.vscode/extensions/ms-python.vscode-pylance-2024.10.1/dist
2024-10-19 22:08:01.735 [info] [Info  - 22:08:01] (3053) Pylance language server 2024.10.1 (pyright version 1.1.382, commit e46efc6b) starting
2024-10-19 22:08:01.739 [info] [Info  - 22:08:01] (3053) Starting service instance "machine_learning"
2024-10-19 22:08:01.826 [info] [Info  - 22:08:01] (3053) Setting environmentName for service "machine_learning": "3.12.6 (global)"
2024-10-19 22:08:01.827 [info] [Info  - 22:08:01] (3053) Setting pythonPath for service "machine_learning": "/bin/python"
2024-10-19 22:08:01.827 [info] [Info  - 22:08:01] (3053) No include entries specified; assuming /home/yoshee/hse/machine_learning
2024-10-19 22:08:01.828 [info] [Info  - 22:08:01] (3053) Auto-excluding **/node_modules
2024-10-19 22:08:01.828 [info] [Info  - 22:08:01] (3053) Auto-excluding **/__pycache__
2024-10-19 22:08:01.828 [info] [Info  - 22:08:01] (3053) Auto-excluding **/.*
2024-10-19 22:08:01.828 [info] [Info  - 22:08:01] (3053) Assuming Python version 3.12.6.final.0
2024-10-19 22:08:01.905 [info] [Info  - 22:08:01] (3053) Found 1 source file
2024-10-19 22:08:01.936 [info] [Info  - 22:08:01] (3053) Starting service instance "machine_learning"
2024-10-19 22:08:01.961 [info] [Info  - 22:08:01] (3053) Setting environmentName for service "machine_learning": "3.12.6 (global)"
2024-10-19 22:08:01.961 [info] [Info  - 22:08:01] (3053) Setting pythonPath for service "machine_learning": "/bin/python3"
2024-10-19 22:08:01.961 [info] [Info  - 22:08:01] (3053) No include entries specified; assuming /home/yoshee/hse/machine_learning
2024-10-19 22:08:01.961 [info] [Info  - 22:08:01] (3053) Auto-excluding **/node_modules
2024-10-19 22:08:01.961 [info] [Info  - 22:08:01] (3053) Auto-excluding **/__pycache__
2024-10-19 22:08:01.961 [info] [Info  - 22:08:01] (3053) Auto-excluding **/.*
2024-10-19 22:08:01.987 [info] [Info  - 22:08:01] (3053) Assuming Python version 3.12.6.final.0
2024-10-19 22:08:02.035 [info] [Info  - 22:08:02] (3053) Found 1 source file
2024-10-19 22:08:02.368 [info] [Info  - 22:08:02] (3053) Background analysis(1) root directory: file:///home/yoshee/.vscode/extensions/ms-python.vscode-pylance-2024.10.1/dist
2024-10-19 22:08:02.370 [info] [Info  - 22:08:02] (3053) Background analysis(1) started
2024-10-19 22:08:02.461 [info] [Info  - 22:08:02] (3053) Background analysis(2) root directory: file:///home/yoshee/.vscode/extensions/ms-python.vscode-pylance-2024.10.1/dist
2024-10-19 22:08:02.463 [info] [Info  - 22:08:02] (3053) Background analysis(2) started
2024-10-19 22:08:02.513 [info] [Info  - 22:08:02] (3053) Indexer background runner(3) root directory: file:///home/yoshee/.vscode/extensions/ms-python.vscode-pylance-2024.10.1/dist (index)
2024-10-19 22:08:02.513 [info] [Info  - 22:08:02] (3053) Indexing(3) started
2024-10-19 22:08:02.988 [info] [Info  - 22:08:02] (3053) scanned(3) 252 files over 1 exec env
2024-10-19 22:08:03.175 [info] [Info  - 22:08:03] (3053) indexed(3) 252 files over 1 exec env
2024-10-19 22:08:03.220 [info] [Info  - 22:08:03] (3053) Indexing finished(3).
