2024-11-15 00:18:30.615 [info] [main] Log level: Info
2024-11-15 00:18:30.615 [info] [main] Validating found git in: "git"
2024-11-15 00:18:30.615 [info] [main] Using git "2.47.0" from "git"
2024-11-15 00:18:30.615 [info] [Model][doInitialScan] Initial repository scan started
2024-11-15 00:18:30.615 [info] > git rev-parse --show-toplevel [2ms]
2024-11-15 00:18:30.615 [info] fatal: not a git repository (or any parent up to mount point /)
Stopping at filesystem boundary (GIT_DISCOVERY_ACROSS_FILESYSTEM not set).
2024-11-15 00:18:30.615 [info] > git rev-parse --show-toplevel [9ms]
2024-11-15 00:18:30.617 [info] [Model][doInitialScan] Initial repository scan completed - repositories (0), closed repositories (0), parent repositories (1), unsafe repositories (0)
2024-11-15 00:18:31.111 [info] > git rev-parse --show-toplevel [22ms]
2024-11-15 00:18:31.111 [info] fatal: not a git repository (or any parent up to mount point /)
Stopping at filesystem boundary (GIT_DISCOVERY_ACROSS_FILESYSTEM not set).
2024-11-15 00:18:31.143 [info] > git rev-parse --show-toplevel [22ms]
2024-11-15 00:18:31.143 [info] fatal: not a git repository (or any parent up to mount point /)
Stopping at filesystem boundary (GIT_DISCOVERY_ACROSS_FILESYSTEM not set).
2024-11-15 00:18:31.347 [info] > git rev-parse --show-toplevel [3ms]
2024-11-15 00:18:31.347 [info] fatal: not a git repository (or any parent up to mount point /)
Stopping at filesystem boundary (GIT_DISCOVERY_ACROSS_FILESYSTEM not set).
2024-11-15 00:18:32.941 [info] > git rev-parse --show-toplevel [1ms]
2024-11-15 00:18:32.942 [info] fatal: not a git repository (or any parent up to mount point /)
Stopping at filesystem boundary (GIT_DISCOVERY_ACROSS_FILESYSTEM not set).
